{"level":"info","message":"Loading and validating config for the first time...","timestamp":"2024-10-07 10:56:25"}
{"level":"info","message":"Config loaded and validated","timestamp":"2024-10-07 10:56:25"}
{"level":"info","message":"Starting web server...","timestamp":"2024-10-07 10:56:26"}
{"level":"info","message":"Express middlewares are set up","timestamp":"2024-10-07 10:56:26"}
{"level":"info","message":"Defining routes...","timestamp":"2024-10-07 10:56:26"}
{"level":"info","message":"Setting up routes for model","timestamp":"2024-10-07 10:56:26"}
{"level":"info","message":"Setting up routes for model","timestamp":"2024-10-07 10:56:26"}
{"level":"info","message":"Routes defined","timestamp":"2024-10-07 10:56:26"}
{"level":"info","message":"Server is about to listen to port 5000","timestamp":"2024-10-07 10:56:26"}
{"level":"info","message":"Server is running on :::5000","timestamp":"2024-10-07 10:56:26"}
{"level":"info","message":"Connecting to MongoDB...","timestamp":"2024-10-07 10:56:26"}
{"level":"error","message":"MongoDB connection error connect ECONNREFUSED 127.0.0.1:27017","reason":{"commonWireVersion":0,"compatible":true,"heartbeatFrequencyMS":10000,"localThresholdMS":15,"logicalSessionTimeoutMinutes":null,"maxElectionId":null,"maxSetVersion":null,"servers":{"localhost:27017":{"$clusterTime":null,"address":"localhost:27017","arbiters":[],"electionId":null,"error":{},"hosts":[],"lastUpdateTime":18500132,"lastWriteDate":0,"logicalSessionTimeoutMinutes":null,"maxWireVersion":0,"me":null,"minRoundTripTime":0,"minWireVersion":0,"passives":[],"primary":null,"roundTripTime":-1,"setName":null,"setVersion":null,"tags":{},"topologyVersion":null,"type":"Unknown"}},"setName":null,"stale":false,"type":"Unknown"},"stack":"MongoServerSelectionError: connect ECONNREFUSED 127.0.0.1:27017\n    at Topology.selectServer (/home/mdsalahuddin/Desktop/Learning/learning-management-system/server/node_modules/.pnpm/mongodb@6.9.0_socks@2.8.3/node_modules/mongodb/lib/sdam/topology.js:303:38)\n    at async Topology._connect (/home/mdsalahuddin/Desktop/Learning/learning-management-system/server/node_modules/.pnpm/mongodb@6.9.0_socks@2.8.3/node_modules/mongodb/lib/sdam/topology.js:196:28)\n    at async Topology.connect (/home/mdsalahuddin/Desktop/Learning/learning-management-system/server/node_modules/.pnpm/mongodb@6.9.0_socks@2.8.3/node_modules/mongodb/lib/sdam/topology.js:158:13)\n    at async topologyConnect (/home/mdsalahuddin/Desktop/Learning/learning-management-system/server/node_modules/.pnpm/mongodb@6.9.0_socks@2.8.3/node_modules/mongodb/lib/mongo_client.js:209:17)\n    at async MongoClient._connect (/home/mdsalahuddin/Desktop/Learning/learning-management-system/server/node_modules/.pnpm/mongodb@6.9.0_socks@2.8.3/node_modules/mongodb/lib/mongo_client.js:222:13)\n    at async MongoClient.connect (/home/mdsalahuddin/Desktop/Learning/learning-management-system/server/node_modules/.pnpm/mongodb@6.9.0_socks@2.8.3/node_modules/mongodb/lib/mongo_client.js:147:13)\n    at async NativeConnection.createClient (/home/mdsalahuddin/Desktop/Learning/learning-management-system/server/node_modules/.pnpm/mongoose@8.7.0_socks@2.8.3/node_modules/mongoose/lib/drivers/node-mongodb-native/connection.js:320:3)\n    at async NativeConnection.openUri (/home/mdsalahuddin/Desktop/Learning/learning-management-system/server/node_modules/.pnpm/mongoose@8.7.0_socks@2.8.3/node_modules/mongoose/lib/connection.js:858:5)\n    at async connectWithMongoDb (/home/mdsalahuddin/Desktop/Learning/learning-management-system/server/src/libraries/db/index.js:17:3)\n    at async startWebServer (/home/mdsalahuddin/Desktop/Learning/learning-management-system/server/src/server.js:38:3)","timestamp":"2024-10-07 10:56:56"}
{"level":"info","message":"Loading and validating config for the first time...","timestamp":"2024-10-07 10:59:21"}
{"level":"info","message":"Config loaded and validated","timestamp":"2024-10-07 10:59:21"}
{"level":"info","message":"Starting web server...","timestamp":"2024-10-07 10:59:21"}
{"level":"info","message":"Express middlewares are set up","timestamp":"2024-10-07 10:59:21"}
{"level":"info","message":"Defining routes...","timestamp":"2024-10-07 10:59:21"}
{"level":"info","message":"Setting up routes for model","timestamp":"2024-10-07 10:59:21"}
{"level":"info","message":"Setting up routes for model","timestamp":"2024-10-07 10:59:21"}
{"level":"info","message":"Routes defined","timestamp":"2024-10-07 10:59:21"}
{"level":"info","message":"Server is about to listen to port 5000","timestamp":"2024-10-07 10:59:21"}
{"level":"info","message":"Server is running on :::5000","timestamp":"2024-10-07 10:59:21"}
{"level":"info","message":"Connecting to MongoDB...","timestamp":"2024-10-07 10:59:21"}
{"level":"info","message":"MongoDB connection is open","timestamp":"2024-10-07 10:59:21"}
{"level":"info","message":"Connected to MongoDB","timestamp":"2024-10-07 10:59:21"}
