{"level":"info","message":"Loading and validating config for the first time...","timestamp":"2024-10-05 12:07:20"}
{"level":"info","message":"Config loaded and validated","timestamp":"2024-10-05 12:07:20"}
{"level":"info","message":"Starting web server...","timestamp":"2024-10-05 12:07:21"}
{"level":"info","message":"Express middlewares are set up","timestamp":"2024-10-05 12:07:21"}
{"level":"info","message":"Defining routes...","timestamp":"2024-10-05 12:07:21"}
{"level":"info","message":"Setting up routes for Product","timestamp":"2024-10-05 12:07:21"}
{"level":"info","message":"Routes defined","timestamp":"2024-10-05 12:07:21"}
{"level":"info","message":"Server is about to listen to port 5000","timestamp":"2024-10-05 12:07:21"}
{"level":"info","message":"Server is running on :::5000","timestamp":"2024-10-05 12:07:21"}
{"level":"info","message":"Connecting to MongoDB...","timestamp":"2024-10-05 12:07:21"}
{"level":"info","message":"MongoDB connection is open","timestamp":"2024-10-05 12:07:21"}
{"level":"info","message":"Connected to MongoDB","timestamp":"2024-10-05 12:07:21"}
{"level":"info","message":"Loading and validating config for the first time...","timestamp":"2024-10-05 12:08:06"}
{"level":"info","message":"Config loaded and validated","timestamp":"2024-10-05 12:08:07"}
{"level":"info","message":"Starting web server...","timestamp":"2024-10-05 12:08:07"}
{"level":"info","message":"Express middlewares are set up","timestamp":"2024-10-05 12:08:07"}
{"level":"info","message":"Defining routes...","timestamp":"2024-10-05 12:08:07"}
{"level":"info","message":"Setting up routes for Product","timestamp":"2024-10-05 12:08:07"}
{"level":"info","message":"Routes defined","timestamp":"2024-10-05 12:08:07"}
{"level":"info","message":"Server is about to listen to port 5000","timestamp":"2024-10-05 12:08:07"}
{"level":"info","message":"Server is running on :::5000","timestamp":"2024-10-05 12:08:07"}
{"level":"info","message":"Connecting to MongoDB...","timestamp":"2024-10-05 12:08:07"}
{"level":"info","message":"MongoDB connection is open","timestamp":"2024-10-05 12:08:07"}
{"level":"info","message":"Connected to MongoDB","timestamp":"2024-10-05 12:08:07"}
{"level":"info","message":"Loading and validating config for the first time...","timestamp":"2024-10-05 12:08:11"}
{"level":"info","message":"Config loaded and validated","timestamp":"2024-10-05 12:08:11"}
{"level":"info","message":"Starting web server...","timestamp":"2024-10-05 12:08:12"}
{"level":"info","message":"Express middlewares are set up","timestamp":"2024-10-05 12:08:12"}
{"level":"info","message":"Defining routes...","timestamp":"2024-10-05 12:08:12"}
{"level":"info","message":"Setting up routes for Product","timestamp":"2024-10-05 12:08:12"}
{"level":"info","message":"Routes defined","timestamp":"2024-10-05 12:08:12"}
{"level":"info","message":"Server is about to listen to port 5000","timestamp":"2024-10-05 12:08:12"}
{"level":"info","message":"Server is running on :::5000","timestamp":"2024-10-05 12:08:12"}
{"level":"info","message":"Connecting to MongoDB...","timestamp":"2024-10-05 12:08:12"}
{"level":"info","message":"MongoDB connection is open","timestamp":"2024-10-05 12:08:12"}
{"level":"info","message":"Connected to MongoDB","timestamp":"2024-10-05 12:08:12"}
{"level":"info","message":"Loading and validating config for the first time...","timestamp":"2024-10-05 12:11:27"}
{"level":"info","message":"Config loaded and validated","timestamp":"2024-10-05 12:11:27"}
{"level":"info","message":"Starting web server...","timestamp":"2024-10-05 12:11:27"}
{"level":"info","message":"Express middlewares are set up","timestamp":"2024-10-05 12:11:27"}
{"level":"info","message":"Defining routes...","timestamp":"2024-10-05 12:11:27"}
{"level":"info","message":"Setting up routes for Product","timestamp":"2024-10-05 12:11:27"}
{"level":"info","message":"Routes defined","timestamp":"2024-10-05 12:11:27"}
{"level":"info","message":"Server is about to listen to port 5000","timestamp":"2024-10-05 12:11:27"}
{"level":"info","message":"Server is running on :::5000","timestamp":"2024-10-05 12:11:27"}
{"level":"info","message":"Connecting to MongoDB...","timestamp":"2024-10-05 12:11:27"}
{"level":"info","message":"MongoDB connection is open","timestamp":"2024-10-05 12:11:27"}
{"level":"info","message":"Connected to MongoDB","timestamp":"2024-10-05 12:11:27"}
{"level":"info","message":"Loading and validating config for the first time...","timestamp":"2024-10-05 12:11:29"}
{"level":"info","message":"Config loaded and validated","timestamp":"2024-10-05 12:11:29"}
{"level":"info","message":"Starting web server...","timestamp":"2024-10-05 12:11:30"}
{"level":"info","message":"Express middlewares are set up","timestamp":"2024-10-05 12:11:30"}
{"level":"info","message":"Defining routes...","timestamp":"2024-10-05 12:11:30"}
{"level":"info","message":"Setting up routes for Product","timestamp":"2024-10-05 12:11:30"}
{"level":"info","message":"Routes defined","timestamp":"2024-10-05 12:11:30"}
{"level":"info","message":"Server is about to listen to port 5000","timestamp":"2024-10-05 12:11:30"}
{"level":"info","message":"Server is running on :::5000","timestamp":"2024-10-05 12:11:30"}
{"level":"info","message":"Connecting to MongoDB...","timestamp":"2024-10-05 12:11:30"}
{"level":"info","message":"MongoDB connection is open","timestamp":"2024-10-05 12:11:30"}
{"level":"info","message":"Connected to MongoDB","timestamp":"2024-10-05 12:11:30"}
{"level":"info","message":"Loading and validating config for the first time...","timestamp":"2024-10-05 12:13:04"}
{"level":"info","message":"Config loaded and validated","timestamp":"2024-10-05 12:13:05"}
{"level":"info","message":"Starting web server...","timestamp":"2024-10-05 12:13:05"}
{"level":"info","message":"Express middlewares are set up","timestamp":"2024-10-05 12:13:05"}
{"level":"info","message":"Defining routes...","timestamp":"2024-10-05 12:13:05"}
{"level":"info","message":"Setting up routes for Product","timestamp":"2024-10-05 12:13:05"}
{"level":"info","message":"Routes defined","timestamp":"2024-10-05 12:13:05"}
{"level":"info","message":"Server is about to listen to port 5000","timestamp":"2024-10-05 12:13:05"}
{"level":"info","message":"Server is running on :::5000","timestamp":"2024-10-05 12:13:05"}
{"level":"info","message":"Connecting to MongoDB...","timestamp":"2024-10-05 12:13:05"}
{"level":"info","message":"MongoDB connection is open","timestamp":"2024-10-05 12:13:05"}
{"level":"info","message":"Connected to MongoDB","timestamp":"2024-10-05 12:13:05"}
{"level":"info","message":"Loading and validating config for the first time...","timestamp":"2024-10-05 12:14:32"}
{"level":"info","message":"Config loaded and validated","timestamp":"2024-10-05 12:14:32"}
{"level":"info","message":"Starting web server...","timestamp":"2024-10-05 12:14:33"}
{"level":"info","message":"Express middlewares are set up","timestamp":"2024-10-05 12:14:33"}
{"level":"info","message":"Defining routes...","timestamp":"2024-10-05 12:14:33"}
{"level":"info","message":"Setting up routes for Product","timestamp":"2024-10-05 12:14:33"}
{"level":"info","message":"Routes defined","timestamp":"2024-10-05 12:14:33"}
{"level":"info","message":"Server is about to listen to port 5000","timestamp":"2024-10-05 12:14:33"}
{"level":"info","message":"Server is running on :::5000","timestamp":"2024-10-05 12:14:33"}
{"level":"info","message":"Connecting to MongoDB...","timestamp":"2024-10-05 12:14:33"}
{"level":"info","message":"MongoDB connection is open","timestamp":"2024-10-05 12:14:33"}
{"level":"info","message":"Connected to MongoDB","timestamp":"2024-10-05 12:14:33"}
{"level":"info","message":"Loading and validating config for the first time...","timestamp":"2024-10-05 12:14:42"}
{"level":"info","message":"Config loaded and validated","timestamp":"2024-10-05 12:14:42"}
{"level":"info","message":"Starting web server...","timestamp":"2024-10-05 12:14:42"}
{"level":"info","message":"Express middlewares are set up","timestamp":"2024-10-05 12:14:42"}
{"level":"info","message":"Defining routes...","timestamp":"2024-10-05 12:14:42"}
{"level":"info","message":"Setting up routes for Product","timestamp":"2024-10-05 12:14:42"}
{"level":"info","message":"Routes defined","timestamp":"2024-10-05 12:14:42"}
{"level":"info","message":"Server is about to listen to port 5000","timestamp":"2024-10-05 12:14:42"}
{"level":"info","message":"Server is running on :::5000","timestamp":"2024-10-05 12:14:42"}
{"level":"info","message":"Connecting to MongoDB...","timestamp":"2024-10-05 12:14:42"}
{"level":"info","message":"MongoDB connection is open","timestamp":"2024-10-05 12:14:42"}
{"level":"info","message":"Connected to MongoDB","timestamp":"2024-10-05 12:14:42"}
{"level":"info","message":"Loading and validating config for the first time...","timestamp":"2024-10-05 12:14:54"}
{"level":"info","message":"Config loaded and validated","timestamp":"2024-10-05 12:14:54"}
{"level":"info","message":"Starting web server...","timestamp":"2024-10-05 12:14:54"}
{"level":"info","message":"Express middlewares are set up","timestamp":"2024-10-05 12:14:54"}
{"level":"info","message":"Defining routes...","timestamp":"2024-10-05 12:14:54"}
{"level":"info","message":"Setting up routes for Product","timestamp":"2024-10-05 12:14:54"}
{"level":"info","message":"Routes defined","timestamp":"2024-10-05 12:14:54"}
{"level":"info","message":"Server is about to listen to port 5000","timestamp":"2024-10-05 12:14:54"}
{"level":"info","message":"Server is running on :::5000","timestamp":"2024-10-05 12:14:54"}
{"level":"info","message":"Connecting to MongoDB...","timestamp":"2024-10-05 12:14:54"}
{"level":"info","message":"MongoDB connection is open","timestamp":"2024-10-05 12:14:54"}
{"level":"info","message":"Connected to MongoDB","timestamp":"2024-10-05 12:14:54"}
{"level":"info","message":"Loading and validating config for the first time...","timestamp":"2024-10-05 12:15:09"}
{"level":"info","message":"Config loaded and validated","timestamp":"2024-10-05 12:15:09"}
{"level":"info","message":"Starting web server...","timestamp":"2024-10-05 12:15:09"}
{"level":"info","message":"Express middlewares are set up","timestamp":"2024-10-05 12:15:09"}
{"level":"info","message":"Defining routes...","timestamp":"2024-10-05 12:15:09"}
{"level":"info","message":"Setting up routes for Product","timestamp":"2024-10-05 12:15:09"}
{"level":"info","message":"Routes defined","timestamp":"2024-10-05 12:15:09"}
{"level":"info","message":"Server is about to listen to port 5000","timestamp":"2024-10-05 12:15:09"}
{"level":"info","message":"Server is running on :::5000","timestamp":"2024-10-05 12:15:09"}
{"level":"info","message":"Connecting to MongoDB...","timestamp":"2024-10-05 12:15:09"}
{"level":"info","message":"MongoDB connection is open","timestamp":"2024-10-05 12:15:09"}
{"level":"info","message":"Connected to MongoDB","timestamp":"2024-10-05 12:15:09"}
{"level":"info","message":"Loading and validating config for the first time...","timestamp":"2024-10-05 12:15:16"}
{"level":"info","message":"Config loaded and validated","timestamp":"2024-10-05 12:15:16"}
{"level":"info","message":"Starting web server...","timestamp":"2024-10-05 12:15:17"}
{"level":"info","message":"Express middlewares are set up","timestamp":"2024-10-05 12:15:17"}
{"level":"info","message":"Defining routes...","timestamp":"2024-10-05 12:15:17"}
{"level":"info","message":"Setting up routes for Product","timestamp":"2024-10-05 12:15:17"}
{"level":"info","message":"Routes defined","timestamp":"2024-10-05 12:15:17"}
{"level":"info","message":"Server is about to listen to port 5000","timestamp":"2024-10-05 12:15:17"}
{"level":"info","message":"Server is running on :::5000","timestamp":"2024-10-05 12:15:17"}
{"level":"info","message":"Connecting to MongoDB...","timestamp":"2024-10-05 12:15:17"}
{"level":"info","message":"MongoDB connection is open","timestamp":"2024-10-05 12:15:17"}
{"level":"info","message":"Connected to MongoDB","timestamp":"2024-10-05 12:15:17"}
{"level":"info","message":"Loading and validating config for the first time...","timestamp":"2024-10-05 12:16:05"}
{"level":"info","message":"Config loaded and validated","timestamp":"2024-10-05 12:16:05"}
{"level":"info","message":"Starting web server...","timestamp":"2024-10-05 12:16:06"}
{"level":"info","message":"Express middlewares are set up","timestamp":"2024-10-05 12:16:06"}
{"level":"info","message":"Defining routes...","timestamp":"2024-10-05 12:16:06"}
{"level":"info","message":"Setting up routes for Product","timestamp":"2024-10-05 12:16:06"}
{"level":"info","message":"Routes defined","timestamp":"2024-10-05 12:16:06"}
{"level":"info","message":"Server is about to listen to port 5000","timestamp":"2024-10-05 12:16:06"}
{"level":"info","message":"Server is running on :::5000","timestamp":"2024-10-05 12:16:06"}
{"level":"info","message":"Connecting to MongoDB...","timestamp":"2024-10-05 12:16:06"}
{"level":"info","message":"MongoDB connection is open","timestamp":"2024-10-05 12:16:06"}
{"level":"info","message":"Connected to MongoDB","timestamp":"2024-10-05 12:16:06"}
{"level":"info","message":"Loading and validating config for the first time...","timestamp":"2024-10-05 12:19:19"}
{"level":"info","message":"Config loaded and validated","timestamp":"2024-10-05 12:19:19"}
{"level":"info","message":"Starting web server...","timestamp":"2024-10-05 12:19:20"}
{"level":"info","message":"Express middlewares are set up","timestamp":"2024-10-05 12:19:20"}
{"level":"info","message":"Defining routes...","timestamp":"2024-10-05 12:19:20"}
{"level":"info","message":"Setting up routes for Product","timestamp":"2024-10-05 12:19:20"}
{"level":"info","message":"Routes defined","timestamp":"2024-10-05 12:19:20"}
{"level":"info","message":"Server is about to listen to port 5000","timestamp":"2024-10-05 12:19:20"}
{"level":"info","message":"Server is running on :::5000","timestamp":"2024-10-05 12:19:20"}
{"level":"info","message":"Connecting to MongoDB...","timestamp":"2024-10-05 12:19:20"}
{"level":"info","message":"MongoDB connection is open","timestamp":"2024-10-05 12:19:20"}
{"level":"info","message":"Connected to MongoDB","timestamp":"2024-10-05 12:19:20"}
{"level":"info","message":"Loading and validating config for the first time...","timestamp":"2024-10-05 12:21:49"}
{"level":"info","message":"Config loaded and validated","timestamp":"2024-10-05 12:21:49"}
{"level":"info","message":"Starting web server...","timestamp":"2024-10-05 12:21:50"}
{"level":"info","message":"Express middlewares are set up","timestamp":"2024-10-05 12:21:50"}
{"level":"info","message":"Defining routes...","timestamp":"2024-10-05 12:21:50"}
{"level":"info","message":"Setting up routes for Product","timestamp":"2024-10-05 12:21:50"}
{"level":"info","message":"Routes defined","timestamp":"2024-10-05 12:21:50"}
{"level":"info","message":"Server is about to listen to port 5000","timestamp":"2024-10-05 12:21:50"}
{"level":"info","message":"Server is running on :::5000","timestamp":"2024-10-05 12:21:50"}
{"level":"info","message":"Connecting to MongoDB...","timestamp":"2024-10-05 12:21:50"}
{"level":"info","message":"MongoDB connection is open","timestamp":"2024-10-05 12:21:50"}
{"level":"info","message":"Connected to MongoDB","timestamp":"2024-10-05 12:21:50"}
{"level":"info","message":"Loading and validating config for the first time...","timestamp":"2024-10-05 12:21:55"}
{"level":"info","message":"Config loaded and validated","timestamp":"2024-10-05 12:21:55"}
{"level":"info","message":"Starting web server...","timestamp":"2024-10-05 12:21:55"}
{"level":"info","message":"Express middlewares are set up","timestamp":"2024-10-05 12:21:55"}
{"level":"info","message":"Defining routes...","timestamp":"2024-10-05 12:21:55"}
{"level":"info","message":"Setting up routes for Product","timestamp":"2024-10-05 12:21:55"}
{"level":"info","message":"Routes defined","timestamp":"2024-10-05 12:21:55"}
{"level":"info","message":"Server is about to listen to port 5000","timestamp":"2024-10-05 12:21:55"}
{"level":"info","message":"Server is running on :::5000","timestamp":"2024-10-05 12:21:55"}
{"level":"info","message":"Connecting to MongoDB...","timestamp":"2024-10-05 12:21:55"}
{"level":"info","message":"MongoDB connection is open","timestamp":"2024-10-05 12:21:55"}
{"level":"info","message":"Connected to MongoDB","timestamp":"2024-10-05 12:21:55"}
{"level":"info","message":"Loading and validating config for the first time...","timestamp":"2024-10-05 12:21:59"}
{"level":"info","message":"Config loaded and validated","timestamp":"2024-10-05 12:21:59"}
{"level":"info","message":"Starting web server...","timestamp":"2024-10-05 12:21:59"}
{"level":"info","message":"Express middlewares are set up","timestamp":"2024-10-05 12:21:59"}
{"level":"info","message":"Defining routes...","timestamp":"2024-10-05 12:21:59"}
{"level":"info","message":"Setting up routes for Product","timestamp":"2024-10-05 12:21:59"}
{"level":"info","message":"Routes defined","timestamp":"2024-10-05 12:21:59"}
{"level":"info","message":"Server is about to listen to port 5000","timestamp":"2024-10-05 12:21:59"}
{"level":"info","message":"Server is running on :::5000","timestamp":"2024-10-05 12:21:59"}
{"level":"info","message":"Connecting to MongoDB...","timestamp":"2024-10-05 12:21:59"}
{"level":"info","message":"MongoDB connection is open","timestamp":"2024-10-05 12:21:59"}
{"level":"info","message":"Connected to MongoDB","timestamp":"2024-10-05 12:21:59"}
{"level":"info","message":"Loading and validating config for the first time...","timestamp":"2024-10-05 12:22:05"}
{"level":"info","message":"Config loaded and validated","timestamp":"2024-10-05 12:22:05"}
{"level":"info","message":"Starting web server...","timestamp":"2024-10-05 12:22:06"}
{"level":"info","message":"Express middlewares are set up","timestamp":"2024-10-05 12:22:06"}
{"level":"info","message":"Defining routes...","timestamp":"2024-10-05 12:22:06"}
{"level":"info","message":"Setting up routes for Product","timestamp":"2024-10-05 12:22:06"}
{"level":"info","message":"Routes defined","timestamp":"2024-10-05 12:22:06"}
{"level":"info","message":"Server is about to listen to port 5000","timestamp":"2024-10-05 12:22:06"}
{"level":"info","message":"Server is running on :::5000","timestamp":"2024-10-05 12:22:06"}
{"level":"info","message":"Connecting to MongoDB...","timestamp":"2024-10-05 12:22:06"}
{"level":"info","message":"MongoDB connection is open","timestamp":"2024-10-05 12:22:06"}
{"level":"info","message":"Connected to MongoDB","timestamp":"2024-10-05 12:22:06"}
{"level":"info","message":"Loading and validating config for the first time...","timestamp":"2024-10-05 12:22:31"}
{"level":"info","message":"Config loaded and validated","timestamp":"2024-10-05 12:22:31"}
{"level":"info","message":"Starting web server...","timestamp":"2024-10-05 12:22:32"}
{"level":"info","message":"Express middlewares are set up","timestamp":"2024-10-05 12:22:32"}
{"level":"info","message":"Defining routes...","timestamp":"2024-10-05 12:22:32"}
{"level":"info","message":"Setting up routes for Product","timestamp":"2024-10-05 12:22:32"}
{"level":"info","message":"Routes defined","timestamp":"2024-10-05 12:22:32"}
{"level":"info","message":"Server is about to listen to port 5000","timestamp":"2024-10-05 12:22:32"}
{"level":"info","message":"Server is running on :::5000","timestamp":"2024-10-05 12:22:32"}
{"level":"info","message":"Connecting to MongoDB...","timestamp":"2024-10-05 12:22:32"}
{"level":"info","message":"MongoDB connection is open","timestamp":"2024-10-05 12:22:32"}
{"level":"info","message":"Connected to MongoDB","timestamp":"2024-10-05 12:22:32"}
{"level":"info","message":"Loading and validating config for the first time...","timestamp":"2024-10-05 12:22:35"}
{"level":"info","message":"Config loaded and validated","timestamp":"2024-10-05 12:22:35"}
{"level":"info","message":"Starting web server...","timestamp":"2024-10-05 12:22:35"}
{"level":"info","message":"Express middlewares are set up","timestamp":"2024-10-05 12:22:35"}
{"level":"info","message":"Defining routes...","timestamp":"2024-10-05 12:22:35"}
{"level":"info","message":"Setting up routes for Product","timestamp":"2024-10-05 12:22:35"}
{"level":"info","message":"Routes defined","timestamp":"2024-10-05 12:22:35"}
{"level":"info","message":"Server is about to listen to port 5000","timestamp":"2024-10-05 12:22:35"}
{"level":"info","message":"Server is running on :::5000","timestamp":"2024-10-05 12:22:36"}
{"level":"info","message":"Connecting to MongoDB...","timestamp":"2024-10-05 12:22:36"}
{"level":"info","message":"MongoDB connection is open","timestamp":"2024-10-05 12:22:36"}
{"level":"info","message":"Connected to MongoDB","timestamp":"2024-10-05 12:22:36"}
{"level":"info","message":"Loading and validating config for the first time...","timestamp":"2024-10-05 12:22:54"}
{"level":"info","message":"Config loaded and validated","timestamp":"2024-10-05 12:22:54"}
{"level":"info","message":"Starting web server...","timestamp":"2024-10-05 12:22:55"}
{"level":"info","message":"Express middlewares are set up","timestamp":"2024-10-05 12:22:55"}
{"level":"info","message":"Defining routes...","timestamp":"2024-10-05 12:22:55"}
{"level":"info","message":"Setting up routes for Product","timestamp":"2024-10-05 12:22:55"}
{"level":"info","message":"Routes defined","timestamp":"2024-10-05 12:22:55"}
{"level":"info","message":"Server is about to listen to port 5000","timestamp":"2024-10-05 12:22:55"}
{"level":"info","message":"Server is running on :::5000","timestamp":"2024-10-05 12:22:55"}
{"level":"info","message":"Connecting to MongoDB...","timestamp":"2024-10-05 12:22:55"}
{"level":"info","message":"MongoDB connection is open","timestamp":"2024-10-05 12:22:55"}
{"level":"info","message":"Connected to MongoDB","timestamp":"2024-10-05 12:22:55"}
{"level":"info","message":"Loading and validating config for the first time...","timestamp":"2024-10-05 12:24:37"}
{"level":"info","message":"Config loaded and validated","timestamp":"2024-10-05 12:24:37"}
{"level":"info","message":"Starting web server...","timestamp":"2024-10-05 12:24:38"}
{"level":"info","message":"Express middlewares are set up","timestamp":"2024-10-05 12:24:38"}
{"level":"info","message":"Defining routes...","timestamp":"2024-10-05 12:24:38"}
{"level":"info","message":"Setting up routes for Product","timestamp":"2024-10-05 12:24:38"}
{"level":"info","message":"Routes defined","timestamp":"2024-10-05 12:24:38"}
{"level":"info","message":"Server is about to listen to port 5000","timestamp":"2024-10-05 12:24:38"}
{"level":"info","message":"Server is running on :::5000","timestamp":"2024-10-05 12:24:38"}
{"level":"info","message":"Connecting to MongoDB...","timestamp":"2024-10-05 12:24:38"}
{"level":"info","message":"MongoDB connection is open","timestamp":"2024-10-05 12:24:38"}
{"level":"info","message":"Connected to MongoDB","timestamp":"2024-10-05 12:24:38"}
{"level":"info","message":"Loading and validating config for the first time...","timestamp":"2024-10-05 12:28:02"}
{"level":"info","message":"Config loaded and validated","timestamp":"2024-10-05 12:28:02"}
{"level":"info","message":"Starting web server...","timestamp":"2024-10-05 12:28:03"}
{"level":"info","message":"Express middlewares are set up","timestamp":"2024-10-05 12:28:03"}
{"level":"info","message":"Defining routes...","timestamp":"2024-10-05 12:28:03"}
{"level":"info","message":"Setting up routes for Product","timestamp":"2024-10-05 12:28:03"}
{"level":"info","message":"Routes defined","timestamp":"2024-10-05 12:28:03"}
{"level":"info","message":"Server is about to listen to port 5000","timestamp":"2024-10-05 12:28:03"}
{"level":"info","message":"Server is running on :::5000","timestamp":"2024-10-05 12:28:03"}
{"level":"info","message":"Connecting to MongoDB...","timestamp":"2024-10-05 12:28:03"}
{"level":"info","message":"MongoDB connection is open","timestamp":"2024-10-05 12:28:03"}
{"level":"info","message":"Connected to MongoDB","timestamp":"2024-10-05 12:28:03"}
{"level":"info","message":"Loading and validating config for the first time...","timestamp":"2024-10-05 12:28:40"}
{"level":"info","message":"Config loaded and validated","timestamp":"2024-10-05 12:28:40"}
{"level":"info","message":"Starting web server...","timestamp":"2024-10-05 12:28:41"}
{"level":"info","message":"Express middlewares are set up","timestamp":"2024-10-05 12:28:41"}
{"level":"info","message":"Defining routes...","timestamp":"2024-10-05 12:28:41"}
{"level":"info","message":"Setting up routes for Product","timestamp":"2024-10-05 12:28:41"}
{"level":"info","message":"Routes defined","timestamp":"2024-10-05 12:28:41"}
{"level":"info","message":"Server is about to listen to port 5000","timestamp":"2024-10-05 12:28:41"}
{"level":"info","message":"Server is running on :::5000","timestamp":"2024-10-05 12:28:41"}
{"level":"info","message":"Connecting to MongoDB...","timestamp":"2024-10-05 12:28:41"}
{"level":"info","message":"MongoDB connection is open","timestamp":"2024-10-05 12:28:41"}
{"level":"info","message":"Connected to MongoDB","timestamp":"2024-10-05 12:28:41"}
{"level":"info","message":"Loading and validating config for the first time...","timestamp":"2024-10-05 12:28:56"}
{"level":"info","message":"Config loaded and validated","timestamp":"2024-10-05 12:28:56"}
{"level":"info","message":"Starting web server...","timestamp":"2024-10-05 12:28:56"}
{"level":"info","message":"Express middlewares are set up","timestamp":"2024-10-05 12:28:56"}
{"level":"info","message":"Defining routes...","timestamp":"2024-10-05 12:28:56"}
{"level":"info","message":"Setting up routes for Product","timestamp":"2024-10-05 12:28:56"}
{"level":"info","message":"Routes defined","timestamp":"2024-10-05 12:28:56"}
{"level":"info","message":"Server is about to listen to port 5000","timestamp":"2024-10-05 12:28:56"}
{"level":"info","message":"Server is running on :::5000","timestamp":"2024-10-05 12:28:56"}
{"level":"info","message":"Connecting to MongoDB...","timestamp":"2024-10-05 12:28:56"}
{"level":"info","message":"MongoDB connection is open","timestamp":"2024-10-05 12:28:56"}
{"level":"info","message":"Connected to MongoDB","timestamp":"2024-10-05 12:28:56"}
{"level":"info","message":"Loading and validating config for the first time...","timestamp":"2024-10-05 12:29:01"}
{"level":"info","message":"Config loaded and validated","timestamp":"2024-10-05 12:29:01"}
{"level":"info","message":"Starting web server...","timestamp":"2024-10-05 12:29:01"}
{"level":"info","message":"Express middlewares are set up","timestamp":"2024-10-05 12:29:01"}
{"level":"info","message":"Defining routes...","timestamp":"2024-10-05 12:29:01"}
{"level":"info","message":"Setting up routes for Product","timestamp":"2024-10-05 12:29:01"}
{"level":"info","message":"Routes defined","timestamp":"2024-10-05 12:29:01"}
{"level":"info","message":"Server is about to listen to port 5000","timestamp":"2024-10-05 12:29:01"}
{"level":"info","message":"Server is running on :::5000","timestamp":"2024-10-05 12:29:01"}
{"level":"info","message":"Connecting to MongoDB...","timestamp":"2024-10-05 12:29:01"}
{"level":"info","message":"MongoDB connection is open","timestamp":"2024-10-05 12:29:01"}
{"level":"info","message":"Connected to MongoDB","timestamp":"2024-10-05 12:29:01"}
{"level":"info","message":"Loading and validating config for the first time...","timestamp":"2024-10-05 12:29:35"}
{"level":"info","message":"Config loaded and validated","timestamp":"2024-10-05 12:29:35"}
{"level":"info","message":"Starting web server...","timestamp":"2024-10-05 12:29:35"}
{"level":"info","message":"Express middlewares are set up","timestamp":"2024-10-05 12:29:35"}
{"level":"info","message":"Defining routes...","timestamp":"2024-10-05 12:29:35"}
{"level":"info","message":"Setting up routes for Product","timestamp":"2024-10-05 12:29:35"}
{"level":"info","message":"Routes defined","timestamp":"2024-10-05 12:29:35"}
{"level":"info","message":"Server is about to listen to port 5000","timestamp":"2024-10-05 12:29:35"}
{"level":"info","message":"Server is running on :::5000","timestamp":"2024-10-05 12:29:35"}
{"level":"info","message":"Connecting to MongoDB...","timestamp":"2024-10-05 12:29:35"}
{"level":"info","message":"MongoDB connection is open","timestamp":"2024-10-05 12:29:35"}
{"level":"info","message":"Connected to MongoDB","timestamp":"2024-10-05 12:29:35"}
{"level":"info","message":"GET /users","timestamp":"2024-10-05 12:29:52"}
{"level":"info","message":"GET /api/v1/users","timestamp":"2024-10-05 12:30:38"}
{"level":"info","message":"GET /api/v1/users","timestamp":"2024-10-05 12:30:40"}
{"level":"info","message":"Loading and validating config for the first time...","timestamp":"2024-10-05 12:33:05"}
{"level":"info","message":"Config loaded and validated","timestamp":"2024-10-05 12:33:05"}
{"level":"info","message":"Starting web server...","timestamp":"2024-10-05 12:33:05"}
{"level":"info","message":"Express middlewares are set up","timestamp":"2024-10-05 12:33:05"}
{"level":"info","message":"Defining routes...","timestamp":"2024-10-05 12:33:05"}
{"level":"info","message":"Setting up routes for Product","timestamp":"2024-10-05 12:33:05"}
{"level":"info","message":"Setting up routes for model","timestamp":"2024-10-05 12:33:05"}
{"level":"info","message":"Routes defined","timestamp":"2024-10-05 12:33:05"}
{"level":"info","message":"Server is about to listen to port 5000","timestamp":"2024-10-05 12:33:05"}
{"level":"info","message":"Server is running on :::5000","timestamp":"2024-10-05 12:33:05"}
{"level":"info","message":"Connecting to MongoDB...","timestamp":"2024-10-05 12:33:05"}
{"level":"info","message":"MongoDB connection is open","timestamp":"2024-10-05 12:33:05"}
{"level":"info","message":"Connected to MongoDB","timestamp":"2024-10-05 12:33:05"}
{"level":"info","message":"Loading and validating config for the first time...","timestamp":"2024-10-05 12:33:07"}
{"level":"info","message":"Config loaded and validated","timestamp":"2024-10-05 12:33:07"}
{"level":"info","message":"Starting web server...","timestamp":"2024-10-05 12:33:07"}
{"level":"info","message":"Express middlewares are set up","timestamp":"2024-10-05 12:33:07"}
{"level":"info","message":"Defining routes...","timestamp":"2024-10-05 12:33:07"}
{"level":"info","message":"Setting up routes for Product","timestamp":"2024-10-05 12:33:07"}
{"level":"info","message":"Setting up routes for model","timestamp":"2024-10-05 12:33:07"}
{"level":"info","message":"Routes defined","timestamp":"2024-10-05 12:33:07"}
{"level":"info","message":"Server is about to listen to port 5000","timestamp":"2024-10-05 12:33:07"}
{"level":"info","message":"Server is running on :::5000","timestamp":"2024-10-05 12:33:07"}
{"level":"info","message":"Connecting to MongoDB...","timestamp":"2024-10-05 12:33:07"}
{"level":"info","message":"MongoDB connection is open","timestamp":"2024-10-05 12:33:07"}
{"level":"info","message":"Connected to MongoDB","timestamp":"2024-10-05 12:33:07"}
{"level":"info","message":"GET /api/v1/users","timestamp":"2024-10-05 12:33:11"}
{"body":{},"level":"info","message":"GET /api/v1/users","params":{},"query":{},"timestamp":"2024-10-05 12:33:11"}
{"count":0,"filter":{},"level":"info","message":"search(): filter and count","timestamp":"2024-10-05 12:33:11"}
{"level":"info","message":"GET /api/v1/users","statusCode":200,"timestamp":"2024-10-05 12:33:11"}
{"level":"info","message":"GET /api/v1/users","timestamp":"2024-10-05 12:33:12"}
{"body":{},"level":"info","message":"GET /api/v1/users","params":{},"query":{},"timestamp":"2024-10-05 12:33:12"}
{"count":0,"filter":{},"level":"info","message":"search(): filter and count","timestamp":"2024-10-05 12:33:12"}
{"level":"info","message":"GET /api/v1/users","statusCode":304,"timestamp":"2024-10-05 12:33:12"}
{"level":"info","message":"GET /api/v1/users","timestamp":"2024-10-05 12:33:13"}
{"body":{},"level":"info","message":"GET /api/v1/users","params":{},"query":{},"timestamp":"2024-10-05 12:33:13"}
{"count":0,"filter":{},"level":"info","message":"search(): filter and count","timestamp":"2024-10-05 12:33:13"}
{"level":"info","message":"GET /api/v1/users","statusCode":304,"timestamp":"2024-10-05 12:33:13"}
{"level":"info","message":"GET /api/v1/users","timestamp":"2024-10-05 12:33:13"}
{"body":{},"level":"info","message":"GET /api/v1/users","params":{},"query":{},"timestamp":"2024-10-05 12:33:13"}
{"count":0,"filter":{},"level":"info","message":"search(): filter and count","timestamp":"2024-10-05 12:33:13"}
{"level":"info","message":"GET /api/v1/users","statusCode":304,"timestamp":"2024-10-05 12:33:13"}
{"level":"info","message":"GET /api/v1/users","timestamp":"2024-10-05 12:33:14"}
{"body":{},"level":"info","message":"GET /api/v1/users","params":{},"query":{},"timestamp":"2024-10-05 12:33:14"}
{"count":0,"filter":{},"level":"info","message":"search(): filter and count","timestamp":"2024-10-05 12:33:14"}
{"level":"info","message":"GET /api/v1/users","statusCode":304,"timestamp":"2024-10-05 12:33:14"}
{"level":"info","message":"GET /api/v1/users","timestamp":"2024-10-05 12:33:14"}
{"body":{},"level":"info","message":"GET /api/v1/users","params":{},"query":{},"timestamp":"2024-10-05 12:33:14"}
{"count":0,"filter":{},"level":"info","message":"search(): filter and count","timestamp":"2024-10-05 12:33:14"}
{"level":"info","message":"GET /api/v1/users","statusCode":304,"timestamp":"2024-10-05 12:33:14"}
{"level":"info","message":"GET /api/v1/users","timestamp":"2024-10-05 12:33:14"}
{"body":{},"level":"info","message":"GET /api/v1/users","params":{},"query":{},"timestamp":"2024-10-05 12:33:14"}
{"count":0,"filter":{},"level":"info","message":"search(): filter and count","timestamp":"2024-10-05 12:33:14"}
{"level":"info","message":"GET /api/v1/users","statusCode":304,"timestamp":"2024-10-05 12:33:14"}
{"level":"info","message":"GET /api/v1/users","timestamp":"2024-10-05 12:33:16"}
{"body":{},"level":"info","message":"GET /api/v1/users","params":{},"query":{},"timestamp":"2024-10-05 12:33:16"}
{"count":0,"filter":{},"level":"info","message":"search(): filter and count","timestamp":"2024-10-05 12:33:16"}
{"level":"info","message":"GET /api/v1/users","statusCode":304,"timestamp":"2024-10-05 12:33:16"}
{"level":"info","message":"GET /api/v1/users","timestamp":"2024-10-05 12:33:17"}
{"body":{},"level":"info","message":"GET /api/v1/users","params":{},"query":{},"timestamp":"2024-10-05 12:33:17"}
{"count":0,"filter":{},"level":"info","message":"search(): filter and count","timestamp":"2024-10-05 12:33:17"}
{"level":"info","message":"GET /api/v1/users","statusCode":304,"timestamp":"2024-10-05 12:33:17"}
{"level":"info","message":"GET /api/v1/users","timestamp":"2024-10-05 12:35:13"}
{"body":{},"level":"info","message":"GET /api/v1/users","params":{},"query":{},"timestamp":"2024-10-05 12:35:13"}
{"count":0,"filter":{},"level":"info","message":"search(): filter and count","timestamp":"2024-10-05 12:35:13"}
{"level":"info","message":"GET /api/v1/users","statusCode":304,"timestamp":"2024-10-05 12:35:13"}
{"level":"info","message":"POST /api/v1/users","timestamp":"2024-10-05 12:38:44"}
{"body":{"email":"ferdousboss@gmail.com","name":"Ferdous Hasan","password":"123456"},"level":"info","message":"POST /api/v1/users","params":{},"query":{},"timestamp":"2024-10-05 12:38:44"}
{"HTTPStatus":500,"cause":null,"isTrusted":true,"level":"error","message":"schema.validate is not a function schema.validate is not a function","name":"TypeError","stack":"TypeError: schema.validate is not a function\n    at /home/mdsalahuddin/Desktop/Learning/learning-management-system/server/src/middlewares/request-validate/index.js:6:37\n    at Layer.handle [as handle_request] (/home/mdsalahuddin/Desktop/Learning/learning-management-system/server/node_modules/.pnpm/express@4.21.0/node_modules/express/lib/router/layer.js:95:5)\n    at next (/home/mdsalahuddin/Desktop/Learning/learning-management-system/server/node_modules/.pnpm/express@4.21.0/node_modules/express/lib/router/route.js:149:13)\n    at /home/mdsalahuddin/Desktop/Learning/learning-management-system/server/src/middlewares/log/index.js:37:5\n    at Layer.handle [as handle_request] (/home/mdsalahuddin/Desktop/Learning/learning-management-system/server/node_modules/.pnpm/express@4.21.0/node_modules/express/lib/router/layer.js:95:5)\n    at next (/home/mdsalahuddin/Desktop/Learning/learning-management-system/server/node_modules/.pnpm/express@4.21.0/node_modules/express/lib/router/route.js:149:13)\n    at Route.dispatch (/home/mdsalahuddin/Desktop/Learning/learning-management-system/server/node_modules/.pnpm/express@4.21.0/node_modules/express/lib/router/route.js:119:3)\n    at Layer.handle [as handle_request] (/home/mdsalahuddin/Desktop/Learning/learning-management-system/server/node_modules/.pnpm/express@4.21.0/node_modules/express/lib/router/layer.js:95:5)\n    at /home/mdsalahuddin/Desktop/Learning/learning-management-system/server/node_modules/.pnpm/express@4.21.0/node_modules/express/lib/router/index.js:284:15\n    at Function.process_params (/home/mdsalahuddin/Desktop/Learning/learning-management-system/server/node_modules/.pnpm/express@4.21.0/node_modules/express/lib/router/index.js:346:12)","timestamp":"2024-10-05 12:38:44"}
{"level":"info","message":"POST /api/v1/users","statusCode":500,"timestamp":"2024-10-05 12:38:44"}
{"level":"info","message":"POST /api/v1/users","timestamp":"2024-10-05 12:38:47"}
{"body":{"email":"ferdousboss@gmail.com","name":"Ferdous Hasan","password":"123456"},"level":"info","message":"POST /api/v1/users","params":{},"query":{},"timestamp":"2024-10-05 12:38:47"}
{"HTTPStatus":500,"cause":null,"isTrusted":true,"level":"error","message":"schema.validate is not a function schema.validate is not a function","name":"TypeError","stack":"TypeError: schema.validate is not a function\n    at /home/mdsalahuddin/Desktop/Learning/learning-management-system/server/src/middlewares/request-validate/index.js:6:37\n    at Layer.handle [as handle_request] (/home/mdsalahuddin/Desktop/Learning/learning-management-system/server/node_modules/.pnpm/express@4.21.0/node_modules/express/lib/router/layer.js:95:5)\n    at next (/home/mdsalahuddin/Desktop/Learning/learning-management-system/server/node_modules/.pnpm/express@4.21.0/node_modules/express/lib/router/route.js:149:13)\n    at /home/mdsalahuddin/Desktop/Learning/learning-management-system/server/src/middlewares/log/index.js:37:5\n    at Layer.handle [as handle_request] (/home/mdsalahuddin/Desktop/Learning/learning-management-system/server/node_modules/.pnpm/express@4.21.0/node_modules/express/lib/router/layer.js:95:5)\n    at next (/home/mdsalahuddin/Desktop/Learning/learning-management-system/server/node_modules/.pnpm/express@4.21.0/node_modules/express/lib/router/route.js:149:13)\n    at Route.dispatch (/home/mdsalahuddin/Desktop/Learning/learning-management-system/server/node_modules/.pnpm/express@4.21.0/node_modules/express/lib/router/route.js:119:3)\n    at Layer.handle [as handle_request] (/home/mdsalahuddin/Desktop/Learning/learning-management-system/server/node_modules/.pnpm/express@4.21.0/node_modules/express/lib/router/layer.js:95:5)\n    at /home/mdsalahuddin/Desktop/Learning/learning-management-system/server/node_modules/.pnpm/express@4.21.0/node_modules/express/lib/router/index.js:284:15\n    at Function.process_params (/home/mdsalahuddin/Desktop/Learning/learning-management-system/server/node_modules/.pnpm/express@4.21.0/node_modules/express/lib/router/index.js:346:12)","timestamp":"2024-10-05 12:38:47"}
{"level":"info","message":"POST /api/v1/users","statusCode":500,"timestamp":"2024-10-05 12:38:47"}
{"level":"info","message":"Loading and validating config for the first time...","timestamp":"2024-10-05 12:40:42"}
{"level":"info","message":"Config loaded and validated","timestamp":"2024-10-05 12:40:42"}
{"level":"info","message":"Starting web server...","timestamp":"2024-10-05 12:40:42"}
{"level":"info","message":"Express middlewares are set up","timestamp":"2024-10-05 12:40:42"}
{"level":"info","message":"Defining routes...","timestamp":"2024-10-05 12:40:42"}
{"level":"info","message":"Setting up routes for Product","timestamp":"2024-10-05 12:40:42"}
{"level":"info","message":"Setting up routes for model","timestamp":"2024-10-05 12:40:42"}
{"level":"info","message":"Routes defined","timestamp":"2024-10-05 12:40:42"}
{"level":"info","message":"Server is about to listen to port 5000","timestamp":"2024-10-05 12:40:42"}
{"level":"info","message":"Server is running on :::5000","timestamp":"2024-10-05 12:40:42"}
{"level":"info","message":"Connecting to MongoDB...","timestamp":"2024-10-05 12:40:42"}
{"level":"info","message":"MongoDB connection is open","timestamp":"2024-10-05 12:40:42"}
{"level":"info","message":"Connected to MongoDB","timestamp":"2024-10-05 12:40:42"}
{"level":"info","message":"Loading and validating config for the first time...","timestamp":"2024-10-05 12:44:38"}
{"level":"info","message":"Config loaded and validated","timestamp":"2024-10-05 12:44:38"}
{"level":"info","message":"Starting web server...","timestamp":"2024-10-05 12:44:39"}
{"level":"info","message":"Express middlewares are set up","timestamp":"2024-10-05 12:44:39"}
{"level":"info","message":"Defining routes...","timestamp":"2024-10-05 12:44:39"}
{"level":"info","message":"Setting up routes for Product","timestamp":"2024-10-05 12:44:39"}
{"level":"info","message":"Setting up routes for model","timestamp":"2024-10-05 12:44:39"}
{"level":"info","message":"Routes defined","timestamp":"2024-10-05 12:44:39"}
{"level":"info","message":"Server is about to listen to port 5000","timestamp":"2024-10-05 12:44:39"}
{"level":"info","message":"Server is running on :::5000","timestamp":"2024-10-05 12:44:39"}
{"level":"info","message":"Connecting to MongoDB...","timestamp":"2024-10-05 12:44:39"}
{"level":"info","message":"MongoDB connection is open","timestamp":"2024-10-05 12:44:39"}
{"level":"info","message":"Connected to MongoDB","timestamp":"2024-10-05 12:44:39"}
{"level":"info","message":"Loading and validating config for the first time...","timestamp":"2024-10-05 12:45:21"}
{"level":"info","message":"Config loaded and validated","timestamp":"2024-10-05 12:45:21"}
{"level":"info","message":"Starting web server...","timestamp":"2024-10-05 12:45:21"}
{"level":"info","message":"Express middlewares are set up","timestamp":"2024-10-05 12:45:21"}
{"level":"info","message":"Defining routes...","timestamp":"2024-10-05 12:45:21"}
{"level":"info","message":"Setting up routes for Product","timestamp":"2024-10-05 12:45:21"}
{"level":"info","message":"Setting up routes for model","timestamp":"2024-10-05 12:45:21"}
{"level":"info","message":"Routes defined","timestamp":"2024-10-05 12:45:21"}
{"level":"info","message":"Server is about to listen to port 5000","timestamp":"2024-10-05 12:45:21"}
{"level":"info","message":"Server is running on :::5000","timestamp":"2024-10-05 12:45:21"}
{"level":"info","message":"Connecting to MongoDB...","timestamp":"2024-10-05 12:45:21"}
{"level":"info","message":"MongoDB connection is open","timestamp":"2024-10-05 12:45:21"}
{"level":"info","message":"Connected to MongoDB","timestamp":"2024-10-05 12:45:21"}
{"level":"info","message":"Loading and validating config for the first time...","timestamp":"2024-10-05 12:45:44"}
{"level":"info","message":"Config loaded and validated","timestamp":"2024-10-05 12:45:44"}
{"level":"info","message":"Starting web server...","timestamp":"2024-10-05 12:45:45"}
{"level":"info","message":"Express middlewares are set up","timestamp":"2024-10-05 12:45:45"}
{"level":"info","message":"Defining routes...","timestamp":"2024-10-05 12:45:45"}
{"level":"info","message":"Setting up routes for Product","timestamp":"2024-10-05 12:45:45"}
{"level":"info","message":"Setting up routes for model","timestamp":"2024-10-05 12:45:45"}
{"level":"info","message":"Routes defined","timestamp":"2024-10-05 12:45:45"}
{"level":"info","message":"Server is about to listen to port 5000","timestamp":"2024-10-05 12:45:45"}
{"level":"info","message":"Server is running on :::5000","timestamp":"2024-10-05 12:45:45"}
{"level":"info","message":"Connecting to MongoDB...","timestamp":"2024-10-05 12:45:45"}
{"level":"info","message":"MongoDB connection is open","timestamp":"2024-10-05 12:45:45"}
{"level":"info","message":"Connected to MongoDB","timestamp":"2024-10-05 12:45:45"}
{"level":"info","message":"Loading and validating config for the first time...","timestamp":"2024-10-05 12:46:36"}
{"level":"info","message":"Config loaded and validated","timestamp":"2024-10-05 12:46:36"}
{"level":"info","message":"Starting web server...","timestamp":"2024-10-05 12:46:37"}
{"level":"info","message":"Express middlewares are set up","timestamp":"2024-10-05 12:46:37"}
{"level":"info","message":"Defining routes...","timestamp":"2024-10-05 12:46:37"}
{"level":"info","message":"Setting up routes for Product","timestamp":"2024-10-05 12:46:37"}
{"level":"info","message":"Setting up routes for model","timestamp":"2024-10-05 12:46:37"}
{"level":"info","message":"Routes defined","timestamp":"2024-10-05 12:46:37"}
{"level":"info","message":"Server is about to listen to port 5000","timestamp":"2024-10-05 12:46:37"}
{"level":"info","message":"Server is running on :::5000","timestamp":"2024-10-05 12:46:37"}
{"level":"info","message":"Connecting to MongoDB...","timestamp":"2024-10-05 12:46:37"}
{"level":"info","message":"MongoDB connection is open","timestamp":"2024-10-05 12:46:37"}
{"level":"info","message":"Connected to MongoDB","timestamp":"2024-10-05 12:46:37"}
{"level":"info","message":"POST /api/v1/users","timestamp":"2024-10-05 12:46:59"}
{"body":{"email":"ferdousboss@gmail.com","name":"Ferdous Hasan","password":"123456"},"level":"info","message":"POST /api/v1/users","params":{},"query":{},"timestamp":"2024-10-05 12:46:59"}
{"errors":["\"email\" is required","\"password\" is required","\"name\" is required","\"role\" is required","\"body\" is not allowed"],"level":"error","message":"POST /api/v1/users Validation failed","timestamp":"2024-10-05 12:46:59"}
{"level":"info","message":"POST /api/v1/users","statusCode":400,"timestamp":"2024-10-05 12:46:59"}
{"level":"info","message":"Loading and validating config for the first time...","timestamp":"2024-10-05 12:47:22"}
{"level":"info","message":"Config loaded and validated","timestamp":"2024-10-05 12:47:22"}
{"level":"info","message":"Starting web server...","timestamp":"2024-10-05 12:47:22"}
{"level":"info","message":"Express middlewares are set up","timestamp":"2024-10-05 12:47:22"}
{"level":"info","message":"Defining routes...","timestamp":"2024-10-05 12:47:22"}
{"level":"info","message":"Setting up routes for Product","timestamp":"2024-10-05 12:47:22"}
{"level":"info","message":"Setting up routes for model","timestamp":"2024-10-05 12:47:22"}
{"level":"info","message":"Routes defined","timestamp":"2024-10-05 12:47:22"}
{"level":"info","message":"Server is about to listen to port 5000","timestamp":"2024-10-05 12:47:22"}
{"level":"info","message":"Server is running on :::5000","timestamp":"2024-10-05 12:47:22"}
{"level":"info","message":"Connecting to MongoDB...","timestamp":"2024-10-05 12:47:22"}
{"level":"info","message":"MongoDB connection is open","timestamp":"2024-10-05 12:47:22"}
{"level":"info","message":"Connected to MongoDB","timestamp":"2024-10-05 12:47:22"}
{"level":"info","message":"Loading and validating config for the first time...","timestamp":"2024-10-05 12:48:21"}
{"level":"info","message":"Config loaded and validated","timestamp":"2024-10-05 12:48:21"}
{"level":"info","message":"Starting web server...","timestamp":"2024-10-05 12:48:21"}
{"level":"info","message":"Express middlewares are set up","timestamp":"2024-10-05 12:48:21"}
{"level":"info","message":"Defining routes...","timestamp":"2024-10-05 12:48:21"}
{"level":"info","message":"Setting up routes for Product","timestamp":"2024-10-05 12:48:21"}
{"level":"info","message":"Setting up routes for model","timestamp":"2024-10-05 12:48:21"}
{"level":"info","message":"Routes defined","timestamp":"2024-10-05 12:48:21"}
{"level":"info","message":"Server is about to listen to port 5000","timestamp":"2024-10-05 12:48:21"}
{"level":"info","message":"Server is running on :::5000","timestamp":"2024-10-05 12:48:21"}
{"level":"info","message":"Connecting to MongoDB...","timestamp":"2024-10-05 12:48:21"}
{"level":"info","message":"MongoDB connection is open","timestamp":"2024-10-05 12:48:21"}
{"level":"info","message":"Connected to MongoDB","timestamp":"2024-10-05 12:48:21"}
{"level":"info","message":"POST /api/v1/users","timestamp":"2024-10-05 12:48:31"}
{"body":{"email":"ferdousboss@gmail.com","name":"Ferdous Hasan","password":"123456"},"level":"info","message":"POST /api/v1/users","params":{},"query":{},"timestamp":"2024-10-05 12:48:31"}
{"errors":["password must be at least 8 characters","\"role\" is required"],"level":"error","message":"POST /api/v1/users Validation failed","timestamp":"2024-10-05 12:48:31"}
{"level":"info","message":"POST /api/v1/users","statusCode":400,"timestamp":"2024-10-05 12:48:31"}
{"level":"info","message":"POST /api/v1/users","timestamp":"2024-10-05 12:48:32"}
{"body":{"email":"ferdousboss@gmail.com","name":"Ferdous Hasan","password":"123456"},"level":"info","message":"POST /api/v1/users","params":{},"query":{},"timestamp":"2024-10-05 12:48:32"}
{"errors":["password must be at least 8 characters","\"role\" is required"],"level":"error","message":"POST /api/v1/users Validation failed","timestamp":"2024-10-05 12:48:32"}
{"level":"info","message":"POST /api/v1/users","statusCode":400,"timestamp":"2024-10-05 12:48:32"}
{"level":"info","message":"POST /api/v1/users","timestamp":"2024-10-05 12:48:33"}
{"body":{"email":"ferdousboss@gmail.com","name":"Ferdous Hasan","password":"123456"},"level":"info","message":"POST /api/v1/users","params":{},"query":{},"timestamp":"2024-10-05 12:48:33"}
{"errors":["password must be at least 8 characters","\"role\" is required"],"level":"error","message":"POST /api/v1/users Validation failed","timestamp":"2024-10-05 12:48:33"}
{"level":"info","message":"POST /api/v1/users","statusCode":400,"timestamp":"2024-10-05 12:48:33"}
{"level":"info","message":"Loading and validating config for the first time...","timestamp":"2024-10-05 12:48:59"}
{"level":"info","message":"Config loaded and validated","timestamp":"2024-10-05 12:48:59"}
{"level":"info","message":"Starting web server...","timestamp":"2024-10-05 12:49:00"}
{"level":"info","message":"Express middlewares are set up","timestamp":"2024-10-05 12:49:00"}
{"level":"info","message":"Defining routes...","timestamp":"2024-10-05 12:49:00"}
{"level":"info","message":"Setting up routes for Product","timestamp":"2024-10-05 12:49:00"}
{"level":"info","message":"Setting up routes for model","timestamp":"2024-10-05 12:49:00"}
{"level":"info","message":"Routes defined","timestamp":"2024-10-05 12:49:00"}
{"level":"info","message":"Server is about to listen to port 5000","timestamp":"2024-10-05 12:49:00"}
{"level":"info","message":"Server is running on :::5000","timestamp":"2024-10-05 12:49:00"}
{"level":"info","message":"Connecting to MongoDB...","timestamp":"2024-10-05 12:49:00"}
{"level":"info","message":"MongoDB connection is open","timestamp":"2024-10-05 12:49:00"}
{"level":"info","message":"Connected to MongoDB","timestamp":"2024-10-05 12:49:00"}
{"level":"info","message":"POST /api/v1/users","timestamp":"2024-10-05 12:49:07"}
{"body":{"email":"ferdousboss@gmail.com","name":"Ferdous Hasan","password":"123456"},"level":"info","message":"POST /api/v1/users","params":{},"query":{},"timestamp":"2024-10-05 12:49:07"}
{"errors":["password must be at least 8 characters"],"level":"error","message":"POST /api/v1/users Validation failed","timestamp":"2024-10-05 12:49:07"}
{"level":"info","message":"POST /api/v1/users","statusCode":400,"timestamp":"2024-10-05 12:49:07"}
{"level":"info","message":"POST /api/v1/users","timestamp":"2024-10-05 12:49:12"}
{"body":{"email":"ferdousboss@gmail.com","name":"Ferdous Hasan","password":"12345678"},"level":"info","message":"POST /api/v1/users","params":{},"query":{},"timestamp":"2024-10-05 12:49:12"}
{"errors":["password must contain at least 1 letter and 1 number"],"level":"error","message":"POST /api/v1/users Validation failed","timestamp":"2024-10-05 12:49:12"}
{"level":"info","message":"POST /api/v1/users","statusCode":400,"timestamp":"2024-10-05 12:49:12"}
{"level":"info","message":"POST /api/v1/users","timestamp":"2024-10-05 12:49:24"}
{"body":{"email":"ferdousboss@gmail.com","name":"Ferdous Hasan","password":"12345678F"},"level":"info","message":"POST /api/v1/users","params":{},"query":{},"timestamp":"2024-10-05 12:49:24"}
{"_message":"User validation failed","errors":{"email":{"kind":"user defined","message":"validator is not defined","name":"ValidatorError","path":"email","properties":{"message":"validator is not defined","path":"email","reason":{},"type":"user defined","value":"ferdousboss@gmail.com"},"reason":{},"value":"ferdousboss@gmail.com"}},"level":"error","message":"create(): Failed to create model User validation failed: email: validator is not defined","stack":"ValidationError: User validation failed: email: validator is not defined\n    at Document.invalidate (/home/mdsalahuddin/Desktop/Learning/learning-management-system/server/node_modules/.pnpm/mongoose@8.7.0_socks@2.8.3/node_modules/mongoose/lib/document.js:3318:32)\n    at /home/mdsalahuddin/Desktop/Learning/learning-management-system/server/node_modules/.pnpm/mongoose@8.7.0_socks@2.8.3/node_modules/mongoose/lib/document.js:3079:17\n    at /home/mdsalahuddin/Desktop/Learning/learning-management-system/server/node_modules/.pnpm/mongoose@8.7.0_socks@2.8.3/node_modules/mongoose/lib/schemaType.js:1388:9\n    at process.processTicksAndRejections (node:internal/process/task_queues:77:11)","timestamp":"2024-10-05 12:49:24"}
{"HTTPStatus":500,"cause":null,"isTrusted":true,"level":"error","message":"User validation failed: email: validator is not defined User validation failed: email: validator is not defined","name":"Failed to create model","stack":"Failed to create model: User validation failed: email: validator is not defined\n    at create (/home/mdsalahuddin/Desktop/Learning/learning-management-system/server/src/domains/user/service.js:18:11)\n    at process.processTicksAndRejections (node:internal/process/task_queues:95:5)\n    at async /home/mdsalahuddin/Desktop/Learning/learning-management-system/server/src/domains/user/api.js:40:22","timestamp":"2024-10-05 12:49:24"}
{"level":"info","message":"POST /api/v1/users","statusCode":500,"timestamp":"2024-10-05 12:49:24"}
{"level":"info","message":"Loading and validating config for the first time...","timestamp":"2024-10-05 12:51:21"}
{"level":"info","message":"Config loaded and validated","timestamp":"2024-10-05 12:51:21"}
{"level":"info","message":"Starting web server...","timestamp":"2024-10-05 12:51:22"}
{"level":"info","message":"Express middlewares are set up","timestamp":"2024-10-05 12:51:22"}
{"level":"info","message":"Defining routes...","timestamp":"2024-10-05 12:51:22"}
{"level":"info","message":"Setting up routes for Product","timestamp":"2024-10-05 12:51:22"}
{"level":"info","message":"Setting up routes for model","timestamp":"2024-10-05 12:51:22"}
{"level":"info","message":"Routes defined","timestamp":"2024-10-05 12:51:22"}
{"level":"info","message":"Server is about to listen to port 5000","timestamp":"2024-10-05 12:51:22"}
{"level":"info","message":"Server is running on :::5000","timestamp":"2024-10-05 12:51:22"}
{"level":"info","message":"Connecting to MongoDB...","timestamp":"2024-10-05 12:51:22"}
{"level":"info","message":"MongoDB connection is open","timestamp":"2024-10-05 12:51:22"}
{"level":"info","message":"Connected to MongoDB","timestamp":"2024-10-05 12:51:22"}
{"level":"info","message":"Loading and validating config for the first time...","timestamp":"2024-10-05 12:51:35"}
{"level":"info","message":"Config loaded and validated","timestamp":"2024-10-05 12:51:35"}
{"level":"info","message":"Starting web server...","timestamp":"2024-10-05 12:51:35"}
{"level":"info","message":"Express middlewares are set up","timestamp":"2024-10-05 12:51:35"}
{"level":"info","message":"Defining routes...","timestamp":"2024-10-05 12:51:35"}
{"level":"info","message":"Setting up routes for Product","timestamp":"2024-10-05 12:51:35"}
{"level":"info","message":"Setting up routes for model","timestamp":"2024-10-05 12:51:35"}
{"level":"info","message":"Routes defined","timestamp":"2024-10-05 12:51:35"}
{"level":"info","message":"Server is about to listen to port 5000","timestamp":"2024-10-05 12:51:35"}
{"level":"info","message":"Server is running on :::5000","timestamp":"2024-10-05 12:51:35"}
{"level":"info","message":"Connecting to MongoDB...","timestamp":"2024-10-05 12:51:35"}
{"level":"info","message":"MongoDB connection is open","timestamp":"2024-10-05 12:51:35"}
{"level":"info","message":"Connected to MongoDB","timestamp":"2024-10-05 12:51:35"}
{"level":"info","message":"POST /api/v1/users","timestamp":"2024-10-05 12:51:42"}
{"body":{"email":"ferdousboss@gmail.com","name":"Ferdous Hasan","password":"12345678F"},"level":"info","message":"POST /api/v1/users","params":{},"query":{},"timestamp":"2024-10-05 12:51:42"}
{"level":"error","message":"create(): Failed to create model bcrypt is not defined","stack":"ReferenceError: bcrypt is not defined\n    at model.<anonymous> (/home/mdsalahuddin/Desktop/Learning/learning-management-system/server/src/domains/user/schema.js:84:27)\n    at callMiddlewareFunction (/home/mdsalahuddin/Desktop/Learning/learning-management-system/server/node_modules/.pnpm/kareem@2.6.3/node_modules/kareem/index.js:628:27)\n    at model.next (/home/mdsalahuddin/Desktop/Learning/learning-management-system/server/node_modules/.pnpm/kareem@2.6.3/node_modules/kareem/index.js:93:7)\n    at _next (/home/mdsalahuddin/Desktop/Learning/learning-management-system/server/node_modules/.pnpm/kareem@2.6.3/node_modules/kareem/index.js:146:10)\n    at /home/mdsalahuddin/Desktop/Learning/learning-management-system/server/node_modules/.pnpm/kareem@2.6.3/node_modules/kareem/index.js:653:30\n    at process.processTicksAndRejections (node:internal/process/task_queues:77:11)","timestamp":"2024-10-05 12:51:42"}
{"HTTPStatus":500,"cause":null,"isTrusted":true,"level":"error","message":"bcrypt is not defined bcrypt is not defined","name":"Failed to create model","stack":"Failed to create model: bcrypt is not defined\n    at create (/home/mdsalahuddin/Desktop/Learning/learning-management-system/server/src/domains/user/service.js:18:11)\n    at process.processTicksAndRejections (node:internal/process/task_queues:95:5)\n    at async /home/mdsalahuddin/Desktop/Learning/learning-management-system/server/src/domains/user/api.js:40:22","timestamp":"2024-10-05 12:51:42"}
{"level":"info","message":"POST /api/v1/users","statusCode":500,"timestamp":"2024-10-05 12:51:42"}
{"level":"info","message":"POST /api/v1/users","timestamp":"2024-10-05 12:51:44"}
{"body":{"email":"ferdousboss@gmail.com","name":"Ferdous Hasan","password":"12345678F"},"level":"info","message":"POST /api/v1/users","params":{},"query":{},"timestamp":"2024-10-05 12:51:44"}
{"level":"error","message":"create(): Failed to create model bcrypt is not defined","stack":"ReferenceError: bcrypt is not defined\n    at model.<anonymous> (/home/mdsalahuddin/Desktop/Learning/learning-management-system/server/src/domains/user/schema.js:84:27)\n    at callMiddlewareFunction (/home/mdsalahuddin/Desktop/Learning/learning-management-system/server/node_modules/.pnpm/kareem@2.6.3/node_modules/kareem/index.js:628:27)\n    at model.next (/home/mdsalahuddin/Desktop/Learning/learning-management-system/server/node_modules/.pnpm/kareem@2.6.3/node_modules/kareem/index.js:93:7)\n    at _next (/home/mdsalahuddin/Desktop/Learning/learning-management-system/server/node_modules/.pnpm/kareem@2.6.3/node_modules/kareem/index.js:146:10)\n    at /home/mdsalahuddin/Desktop/Learning/learning-management-system/server/node_modules/.pnpm/kareem@2.6.3/node_modules/kareem/index.js:653:30\n    at process.processTicksAndRejections (node:internal/process/task_queues:77:11)","timestamp":"2024-10-05 12:51:44"}
{"HTTPStatus":500,"cause":null,"isTrusted":true,"level":"error","message":"bcrypt is not defined bcrypt is not defined","name":"Failed to create model","stack":"Failed to create model: bcrypt is not defined\n    at create (/home/mdsalahuddin/Desktop/Learning/learning-management-system/server/src/domains/user/service.js:18:11)\n    at process.processTicksAndRejections (node:internal/process/task_queues:95:5)\n    at async /home/mdsalahuddin/Desktop/Learning/learning-management-system/server/src/domains/user/api.js:40:22","timestamp":"2024-10-05 12:51:44"}
{"level":"info","message":"POST /api/v1/users","statusCode":500,"timestamp":"2024-10-05 12:51:44"}
{"level":"info","message":"Loading and validating config for the first time...","timestamp":"2024-10-05 12:52:11"}
{"level":"info","message":"Config loaded and validated","timestamp":"2024-10-05 12:52:11"}
{"level":"info","message":"Starting web server...","timestamp":"2024-10-05 12:52:12"}
{"level":"info","message":"Express middlewares are set up","timestamp":"2024-10-05 12:52:12"}
{"level":"info","message":"Defining routes...","timestamp":"2024-10-05 12:52:12"}
{"level":"info","message":"Setting up routes for Product","timestamp":"2024-10-05 12:52:12"}
{"level":"info","message":"Setting up routes for model","timestamp":"2024-10-05 12:52:12"}
{"level":"info","message":"Routes defined","timestamp":"2024-10-05 12:52:12"}
{"level":"info","message":"Server is about to listen to port 5000","timestamp":"2024-10-05 12:52:12"}
{"level":"info","message":"Server is running on :::5000","timestamp":"2024-10-05 12:52:12"}
{"level":"info","message":"Connecting to MongoDB...","timestamp":"2024-10-05 12:52:12"}
{"level":"info","message":"MongoDB connection is open","timestamp":"2024-10-05 12:52:12"}
{"level":"info","message":"Connected to MongoDB","timestamp":"2024-10-05 12:52:12"}
{"level":"info","message":"POST /api/v1/users","timestamp":"2024-10-05 12:52:20"}
{"body":{"email":"ferdousboss@gmail.com","name":"Ferdous Hasan","password":"12345678F"},"level":"info","message":"POST /api/v1/users","params":{},"query":{},"timestamp":"2024-10-05 12:52:20"}
{"id":"6700e2246fbe58c934bc3fa2","level":"info","message":"create(): model created","timestamp":"2024-10-05 12:52:20"}
{"level":"info","message":"POST /api/v1/users","statusCode":201,"timestamp":"2024-10-05 12:52:20"}
{"level":"info","message":"Loading and validating config for the first time...","timestamp":"2024-10-05 12:56:12"}
{"level":"info","message":"Config loaded and validated","timestamp":"2024-10-05 12:56:13"}
{"level":"info","message":"Starting web server...","timestamp":"2024-10-05 12:56:13"}
{"level":"info","message":"Express middlewares are set up","timestamp":"2024-10-05 12:56:13"}
{"level":"info","message":"Defining routes...","timestamp":"2024-10-05 12:56:13"}
{"level":"info","message":"Setting up routes for Product","timestamp":"2024-10-05 12:56:13"}
{"level":"info","message":"Setting up routes for model","timestamp":"2024-10-05 12:56:13"}
{"level":"info","message":"Routes defined","timestamp":"2024-10-05 12:56:13"}
{"level":"info","message":"Server is about to listen to port 5000","timestamp":"2024-10-05 12:56:13"}
{"level":"info","message":"Server is running on :::5000","timestamp":"2024-10-05 12:56:13"}
{"level":"info","message":"Connecting to MongoDB...","timestamp":"2024-10-05 12:56:13"}
{"level":"info","message":"MongoDB connection is open","timestamp":"2024-10-05 12:56:13"}
{"level":"info","message":"Connected to MongoDB","timestamp":"2024-10-05 12:56:13"}
{"level":"info","message":"Loading and validating config for the first time...","timestamp":"2024-10-05 12:56:16"}
{"level":"info","message":"Config loaded and validated","timestamp":"2024-10-05 12:56:16"}
{"level":"info","message":"Starting web server...","timestamp":"2024-10-05 12:56:16"}
{"level":"info","message":"Express middlewares are set up","timestamp":"2024-10-05 12:56:16"}
{"level":"info","message":"Defining routes...","timestamp":"2024-10-05 12:56:16"}
{"level":"info","message":"Setting up routes for Product","timestamp":"2024-10-05 12:56:16"}
{"level":"info","message":"Setting up routes for model","timestamp":"2024-10-05 12:56:16"}
{"level":"info","message":"Routes defined","timestamp":"2024-10-05 12:56:16"}
{"level":"info","message":"Server is about to listen to port 5000","timestamp":"2024-10-05 12:56:16"}
{"level":"info","message":"Server is running on :::5000","timestamp":"2024-10-05 12:56:16"}
{"level":"info","message":"Connecting to MongoDB...","timestamp":"2024-10-05 12:56:16"}
{"level":"info","message":"MongoDB connection is open","timestamp":"2024-10-05 12:56:16"}
{"level":"info","message":"Connected to MongoDB","timestamp":"2024-10-05 12:56:16"}
{"level":"info","message":"Loading and validating config for the first time...","timestamp":"2024-10-05 12:58:37"}
{"level":"info","message":"Config loaded and validated","timestamp":"2024-10-05 12:58:37"}
{"level":"info","message":"Starting web server...","timestamp":"2024-10-05 12:58:38"}
{"level":"info","message":"Express middlewares are set up","timestamp":"2024-10-05 12:58:38"}
{"level":"info","message":"Defining routes...","timestamp":"2024-10-05 12:58:38"}
{"level":"info","message":"Setting up routes for model","timestamp":"2024-10-05 12:58:38"}
{"level":"info","message":"Routes defined","timestamp":"2024-10-05 12:58:38"}
{"level":"info","message":"Server is about to listen to port 5000","timestamp":"2024-10-05 12:58:38"}
{"level":"info","message":"Server is running on :::5000","timestamp":"2024-10-05 12:58:38"}
{"level":"info","message":"Connecting to MongoDB...","timestamp":"2024-10-05 12:58:38"}
{"level":"info","message":"MongoDB connection is open","timestamp":"2024-10-05 12:58:38"}
{"level":"info","message":"Connected to MongoDB","timestamp":"2024-10-05 12:58:38"}
{"level":"info","message":"Loading and validating config for the first time...","timestamp":"2024-10-05 12:58:54"}
{"level":"info","message":"Config loaded and validated","timestamp":"2024-10-05 12:58:54"}
{"level":"info","message":"Starting web server...","timestamp":"2024-10-05 12:58:55"}
{"level":"info","message":"Express middlewares are set up","timestamp":"2024-10-05 12:58:55"}
{"level":"info","message":"Defining routes...","timestamp":"2024-10-05 12:58:55"}
{"level":"info","message":"Setting up routes for model","timestamp":"2024-10-05 12:58:55"}
{"level":"info","message":"Routes defined","timestamp":"2024-10-05 12:58:55"}
{"level":"info","message":"Server is about to listen to port 5000","timestamp":"2024-10-05 12:58:55"}
{"level":"info","message":"Server is running on :::5000","timestamp":"2024-10-05 12:58:55"}
{"level":"info","message":"Connecting to MongoDB...","timestamp":"2024-10-05 12:58:55"}
{"level":"info","message":"MongoDB connection is open","timestamp":"2024-10-05 12:58:55"}
{"level":"info","message":"Connected to MongoDB","timestamp":"2024-10-05 12:58:55"}
{"level":"info","message":"Loading and validating config for the first time...","timestamp":"2024-10-05 12:59:05"}
{"level":"info","message":"Config loaded and validated","timestamp":"2024-10-05 12:59:05"}
{"level":"info","message":"Starting web server...","timestamp":"2024-10-05 12:59:06"}
{"level":"info","message":"Express middlewares are set up","timestamp":"2024-10-05 12:59:06"}
{"level":"info","message":"Defining routes...","timestamp":"2024-10-05 12:59:06"}
{"level":"info","message":"Setting up routes for model","timestamp":"2024-10-05 12:59:06"}
{"level":"info","message":"Routes defined","timestamp":"2024-10-05 12:59:06"}
{"level":"info","message":"Server is about to listen to port 5000","timestamp":"2024-10-05 12:59:06"}
{"level":"info","message":"Server is running on :::5000","timestamp":"2024-10-05 12:59:06"}
{"level":"info","message":"Connecting to MongoDB...","timestamp":"2024-10-05 12:59:06"}
{"level":"info","message":"MongoDB connection is open","timestamp":"2024-10-05 12:59:06"}
{"level":"info","message":"Connected to MongoDB","timestamp":"2024-10-05 12:59:06"}
{"level":"info","message":"Loading and validating config for the first time...","timestamp":"2024-10-05 12:59:25"}
{"level":"info","message":"Config loaded and validated","timestamp":"2024-10-05 12:59:25"}
{"level":"info","message":"Starting web server...","timestamp":"2024-10-05 12:59:25"}
{"level":"info","message":"Express middlewares are set up","timestamp":"2024-10-05 12:59:25"}
{"level":"info","message":"Defining routes...","timestamp":"2024-10-05 12:59:25"}
{"level":"info","message":"Setting up routes for model","timestamp":"2024-10-05 12:59:25"}
{"level":"info","message":"Routes defined","timestamp":"2024-10-05 12:59:25"}
{"level":"info","message":"Server is about to listen to port 5000","timestamp":"2024-10-05 12:59:25"}
{"level":"info","message":"Server is running on :::5000","timestamp":"2024-10-05 12:59:25"}
{"level":"info","message":"Connecting to MongoDB...","timestamp":"2024-10-05 12:59:25"}
{"level":"info","message":"MongoDB connection is open","timestamp":"2024-10-05 12:59:26"}
{"level":"info","message":"Connected to MongoDB","timestamp":"2024-10-05 12:59:26"}
{"level":"info","message":"Loading and validating config for the first time...","timestamp":"2024-10-05 12:59:37"}
{"level":"info","message":"Config loaded and validated","timestamp":"2024-10-05 12:59:38"}
{"level":"info","message":"Starting web server...","timestamp":"2024-10-05 12:59:38"}
{"level":"info","message":"Express middlewares are set up","timestamp":"2024-10-05 12:59:38"}
{"level":"info","message":"Defining routes...","timestamp":"2024-10-05 12:59:38"}
{"level":"info","message":"Setting up routes for model","timestamp":"2024-10-05 12:59:38"}
{"level":"info","message":"Routes defined","timestamp":"2024-10-05 12:59:38"}
{"level":"info","message":"Server is about to listen to port 5000","timestamp":"2024-10-05 12:59:38"}
{"level":"info","message":"Server is running on :::5000","timestamp":"2024-10-05 12:59:38"}
{"level":"info","message":"Connecting to MongoDB...","timestamp":"2024-10-05 12:59:38"}
{"level":"info","message":"MongoDB connection is open","timestamp":"2024-10-05 12:59:38"}
{"level":"info","message":"Connected to MongoDB","timestamp":"2024-10-05 12:59:38"}
{"level":"info","message":"Loading and validating config for the first time...","timestamp":"2024-10-05 12:59:48"}
{"level":"info","message":"Config loaded and validated","timestamp":"2024-10-05 12:59:48"}
{"level":"info","message":"Starting web server...","timestamp":"2024-10-05 12:59:48"}
{"level":"info","message":"Express middlewares are set up","timestamp":"2024-10-05 12:59:48"}
{"level":"info","message":"Defining routes...","timestamp":"2024-10-05 12:59:48"}
{"level":"info","message":"Setting up routes for model","timestamp":"2024-10-05 12:59:48"}
{"level":"info","message":"Routes defined","timestamp":"2024-10-05 12:59:48"}
{"level":"info","message":"Server is about to listen to port 5000","timestamp":"2024-10-05 12:59:48"}
{"level":"info","message":"Server is running on :::5000","timestamp":"2024-10-05 12:59:48"}
{"level":"info","message":"Connecting to MongoDB...","timestamp":"2024-10-05 12:59:48"}
{"level":"info","message":"MongoDB connection is open","timestamp":"2024-10-05 12:59:48"}
{"level":"info","message":"Connected to MongoDB","timestamp":"2024-10-05 12:59:48"}
