{"level":"info","message":"GET /api/v1/users","timestamp":"2024-10-05 14:15:07"}
{"body":{},"level":"info","message":"GET /api/v1/users","params":{},"query":{},"timestamp":"2024-10-05 14:15:07"}
{"count":1,"filter":{},"level":"info","message":"search(): filter and count","timestamp":"2024-10-05 14:15:07"}
{"level":"info","message":"GET /api/v1/users","statusCode":304,"timestamp":"2024-10-05 14:15:07"}
{"level":"info","message":"GET /api/v1/users","timestamp":"2024-10-05 14:15:08"}
{"body":{},"level":"info","message":"GET /api/v1/users","params":{},"query":{},"timestamp":"2024-10-05 14:15:08"}
{"count":1,"filter":{},"level":"info","message":"search(): filter and count","timestamp":"2024-10-05 14:15:08"}
{"level":"info","message":"GET /api/v1/users","statusCode":304,"timestamp":"2024-10-05 14:15:08"}
{"level":"info","message":"GET /api/v1/users","timestamp":"2024-10-05 14:15:08"}
{"body":{},"level":"info","message":"GET /api/v1/users","params":{},"query":{},"timestamp":"2024-10-05 14:15:08"}
{"count":1,"filter":{},"level":"info","message":"search(): filter and count","timestamp":"2024-10-05 14:15:08"}
{"level":"info","message":"GET /api/v1/users","statusCode":304,"timestamp":"2024-10-05 14:15:08"}
{"level":"info","message":"GET /api/v1/users","timestamp":"2024-10-05 14:15:09"}
{"body":{},"level":"info","message":"GET /api/v1/users","params":{},"query":{},"timestamp":"2024-10-05 14:15:09"}
{"count":1,"filter":{},"level":"info","message":"search(): filter and count","timestamp":"2024-10-05 14:15:09"}
{"level":"info","message":"GET /api/v1/users","statusCode":304,"timestamp":"2024-10-05 14:15:09"}
{"level":"info","message":"POST /api/v1/users","timestamp":"2024-10-05 14:16:49"}
{"body":{"email":"ferdousboss@gmail.com","name":"Ferdous Hasan","password":"12345678F"},"level":"info","message":"POST /api/v1/users","params":{},"query":{},"timestamp":"2024-10-05 14:16:49"}
{"code":11000,"errorResponse":{"code":11000,"errmsg":"E11000 duplicate key error collection: lms.users index: email_1 dup key: { email: \"ferdousboss@gmail.com\" }","index":0,"keyPattern":{"email":1},"keyValue":{"email":"ferdousboss@gmail.com"}},"index":0,"keyPattern":{"email":1},"keyValue":{"email":"ferdousboss@gmail.com"},"level":"error","message":"create(): Failed to create model E11000 duplicate key error collection: lms.users index: email_1 dup key: { email: \"ferdousboss@gmail.com\" }","stack":"MongoServerError: E11000 duplicate key error collection: lms.users index: email_1 dup key: { email: \"ferdousboss@gmail.com\" }\n    at InsertOneOperation.execute (/home/mdsalahuddin/Desktop/Learning/learning-management-system/server/node_modules/.pnpm/mongodb@6.9.0_socks@2.8.3/node_modules/mongodb/lib/operations/insert.js:51:19)\n    at process.processTicksAndRejections (node:internal/process/task_queues:95:5)\n    at async tryOperation (/home/mdsalahuddin/Desktop/Learning/learning-management-system/server/node_modules/.pnpm/mongodb@6.9.0_socks@2.8.3/node_modules/mongodb/lib/operations/execute_operation.js:192:20)\n    at async executeOperation (/home/mdsalahuddin/Desktop/Learning/learning-management-system/server/node_modules/.pnpm/mongodb@6.9.0_socks@2.8.3/node_modules/mongodb/lib/operations/execute_operation.js:69:16)\n    at async Collection.insertOne (/home/mdsalahuddin/Desktop/Learning/learning-management-system/server/node_modules/.pnpm/mongodb@6.9.0_socks@2.8.3/node_modules/mongodb/lib/collection.js:154:16)","timestamp":"2024-10-05 14:16:49"}
{"HTTPStatus":500,"cause":null,"isTrusted":true,"level":"error","message":"E11000 duplicate key error collection: lms.users index: email_1 dup key: { email: \"ferdousboss@gmail.com\" } E11000 duplicate key error collection: lms.users index: email_1 dup key: { email: \"ferdousboss@gmail.com\" }","name":"Failed to create model","stack":"Failed to create model: E11000 duplicate key error collection: lms.users index: email_1 dup key: { email: \"ferdousboss@gmail.com\" }\n    at create (/home/mdsalahuddin/Desktop/Learning/learning-management-system/server/src/domains/user/service.js:18:11)\n    at process.processTicksAndRejections (node:internal/process/task_queues:95:5)\n    at async /home/mdsalahuddin/Desktop/Learning/learning-management-system/server/src/domains/user/api.js:40:22","timestamp":"2024-10-05 14:16:49"}
{"level":"info","message":"POST /api/v1/users","statusCode":500,"timestamp":"2024-10-05 14:16:49"}
{"level":"info","message":"POST /api/v1/auth/register","timestamp":"2024-10-05 14:17:05"}
{"level":"info","message":"Loading and validating config for the first time...","timestamp":"2024-10-05 14:17:22"}
{"level":"info","message":"Config loaded and validated","timestamp":"2024-10-05 14:17:22"}
{"level":"info","message":"Starting web server...","timestamp":"2024-10-05 14:17:23"}
{"level":"info","message":"Express middlewares are set up","timestamp":"2024-10-05 14:17:23"}
{"level":"info","message":"Defining routes...","timestamp":"2024-10-05 14:17:23"}
{"level":"info","message":"Setting up routes for model","timestamp":"2024-10-05 14:17:23"}
{"level":"info","message":"Routes defined","timestamp":"2024-10-05 14:17:23"}
{"level":"info","message":"Server is about to listen to port 5000","timestamp":"2024-10-05 14:17:23"}
{"level":"info","message":"Server is running on :::5000","timestamp":"2024-10-05 14:17:23"}
{"level":"info","message":"Connecting to MongoDB...","timestamp":"2024-10-05 14:17:23"}
{"level":"info","message":"MongoDB connection is open","timestamp":"2024-10-05 14:17:23"}
{"level":"info","message":"Connected to MongoDB","timestamp":"2024-10-05 14:17:23"}
{"level":"info","message":"Loading and validating config for the first time...","timestamp":"2024-10-05 14:17:46"}
{"level":"info","message":"Config loaded and validated","timestamp":"2024-10-05 14:17:46"}
{"level":"info","message":"Starting web server...","timestamp":"2024-10-05 14:17:47"}
{"level":"info","message":"Express middlewares are set up","timestamp":"2024-10-05 14:17:47"}
{"level":"info","message":"Defining routes...","timestamp":"2024-10-05 14:17:47"}
{"level":"info","message":"Setting up routes for model","timestamp":"2024-10-05 14:17:47"}
{"level":"info","message":"Routes defined","timestamp":"2024-10-05 14:17:47"}
{"level":"info","message":"Server is about to listen to port 5000","timestamp":"2024-10-05 14:17:47"}
{"level":"info","message":"Server is running on :::5000","timestamp":"2024-10-05 14:17:47"}
{"level":"info","message":"Connecting to MongoDB...","timestamp":"2024-10-05 14:17:47"}
{"level":"info","message":"MongoDB connection is open","timestamp":"2024-10-05 14:17:47"}
{"level":"info","message":"Connected to MongoDB","timestamp":"2024-10-05 14:17:47"}
{"level":"info","message":"Loading and validating config for the first time...","timestamp":"2024-10-05 14:18:02"}
{"level":"info","message":"Config loaded and validated","timestamp":"2024-10-05 14:18:02"}
{"level":"info","message":"Starting web server...","timestamp":"2024-10-05 14:18:03"}
{"level":"info","message":"Express middlewares are set up","timestamp":"2024-10-05 14:18:03"}
{"level":"info","message":"Defining routes...","timestamp":"2024-10-05 14:18:03"}
{"level":"info","message":"Setting up routes for model","timestamp":"2024-10-05 14:18:03"}
{"level":"info","message":"Routes defined","timestamp":"2024-10-05 14:18:03"}
{"level":"info","message":"Server is about to listen to port 5000","timestamp":"2024-10-05 14:18:03"}
{"level":"info","message":"Server is running on :::5000","timestamp":"2024-10-05 14:18:03"}
{"level":"info","message":"Connecting to MongoDB...","timestamp":"2024-10-05 14:18:03"}
{"level":"info","message":"MongoDB connection is open","timestamp":"2024-10-05 14:18:03"}
{"level":"info","message":"Connected to MongoDB","timestamp":"2024-10-05 14:18:03"}
{"level":"info","message":"Loading and validating config for the first time...","timestamp":"2024-10-05 14:18:09"}
{"level":"info","message":"Config loaded and validated","timestamp":"2024-10-05 14:18:09"}
{"level":"info","message":"Starting web server...","timestamp":"2024-10-05 14:18:09"}
{"level":"info","message":"Express middlewares are set up","timestamp":"2024-10-05 14:18:09"}
{"level":"info","message":"Defining routes...","timestamp":"2024-10-05 14:18:09"}
{"level":"info","message":"Setting up routes for model","timestamp":"2024-10-05 14:18:09"}
{"level":"info","message":"Routes defined","timestamp":"2024-10-05 14:18:09"}
{"level":"info","message":"Server is about to listen to port 5000","timestamp":"2024-10-05 14:18:09"}
{"level":"info","message":"Server is running on :::5000","timestamp":"2024-10-05 14:18:09"}
{"level":"info","message":"Connecting to MongoDB...","timestamp":"2024-10-05 14:18:09"}
{"level":"info","message":"MongoDB connection is open","timestamp":"2024-10-05 14:18:09"}
{"level":"info","message":"Connected to MongoDB","timestamp":"2024-10-05 14:18:09"}
{"level":"info","message":"POST /api/v1/auth/register","timestamp":"2024-10-05 14:48:51"}
{"level":"info","message":"POST /api/v1/auth/register","timestamp":"2024-10-05 14:48:52"}
{"level":"info","message":"Loading and validating config for the first time...","timestamp":"2024-10-05 14:49:20"}
{"level":"info","message":"Config loaded and validated","timestamp":"2024-10-05 14:49:20"}
{"level":"info","message":"Starting web server...","timestamp":"2024-10-05 14:49:20"}
{"level":"info","message":"Express middlewares are set up","timestamp":"2024-10-05 14:49:20"}
{"level":"info","message":"Defining routes...","timestamp":"2024-10-05 14:49:20"}
{"level":"info","message":"Setting up routes for model","timestamp":"2024-10-05 14:49:20"}
{"level":"info","message":"Routes defined","timestamp":"2024-10-05 14:49:20"}
{"level":"info","message":"Server is about to listen to port 5000","timestamp":"2024-10-05 14:49:20"}
{"level":"info","message":"Server is running on :::5000","timestamp":"2024-10-05 14:49:20"}
{"level":"info","message":"Connecting to MongoDB...","timestamp":"2024-10-05 14:49:20"}
{"level":"info","message":"MongoDB connection is open","timestamp":"2024-10-05 14:49:20"}
{"level":"info","message":"Connected to MongoDB","timestamp":"2024-10-05 14:49:20"}
{"level":"info","message":"Loading and validating config for the first time...","timestamp":"2024-10-05 14:50:04"}
{"level":"info","message":"Config loaded and validated","timestamp":"2024-10-05 14:50:05"}
{"level":"info","message":"Starting web server...","timestamp":"2024-10-05 14:50:05"}
{"level":"info","message":"Express middlewares are set up","timestamp":"2024-10-05 14:50:05"}
{"level":"info","message":"Defining routes...","timestamp":"2024-10-05 14:50:05"}
{"level":"info","message":"Setting up routes for model","timestamp":"2024-10-05 14:50:05"}
{"level":"info","message":"Routes defined","timestamp":"2024-10-05 14:50:05"}
{"level":"info","message":"Server is about to listen to port 5000","timestamp":"2024-10-05 14:50:05"}
{"level":"info","message":"Server is running on :::5000","timestamp":"2024-10-05 14:50:05"}
{"level":"info","message":"Connecting to MongoDB...","timestamp":"2024-10-05 14:50:05"}
{"level":"info","message":"MongoDB connection is open","timestamp":"2024-10-05 14:50:05"}
{"level":"info","message":"Connected to MongoDB","timestamp":"2024-10-05 14:50:05"}
{"level":"info","message":"Loading and validating config for the first time...","timestamp":"2024-10-05 14:50:10"}
{"level":"info","message":"Config loaded and validated","timestamp":"2024-10-05 14:50:10"}
{"level":"info","message":"Starting web server...","timestamp":"2024-10-05 14:50:11"}
{"level":"info","message":"Express middlewares are set up","timestamp":"2024-10-05 14:50:11"}
{"level":"info","message":"Defining routes...","timestamp":"2024-10-05 14:50:11"}
{"level":"info","message":"Setting up routes for model","timestamp":"2024-10-05 14:50:11"}
{"level":"info","message":"Routes defined","timestamp":"2024-10-05 14:50:11"}
{"level":"info","message":"Server is about to listen to port 5000","timestamp":"2024-10-05 14:50:11"}
{"level":"info","message":"Server is running on :::5000","timestamp":"2024-10-05 14:50:11"}
{"level":"info","message":"Connecting to MongoDB...","timestamp":"2024-10-05 14:50:11"}
{"level":"info","message":"MongoDB connection is open","timestamp":"2024-10-05 14:50:11"}
{"level":"info","message":"Connected to MongoDB","timestamp":"2024-10-05 14:50:11"}
{"level":"info","message":"Loading and validating config for the first time...","timestamp":"2024-10-05 14:50:22"}
{"level":"info","message":"Config loaded and validated","timestamp":"2024-10-05 14:50:22"}
{"level":"info","message":"Starting web server...","timestamp":"2024-10-05 14:50:22"}
{"level":"info","message":"Express middlewares are set up","timestamp":"2024-10-05 14:50:22"}
{"level":"info","message":"Defining routes...","timestamp":"2024-10-05 14:50:22"}
{"level":"info","message":"Setting up routes for model","timestamp":"2024-10-05 14:50:22"}
{"level":"info","message":"Routes defined","timestamp":"2024-10-05 14:50:22"}
{"level":"info","message":"Server is about to listen to port 5000","timestamp":"2024-10-05 14:50:22"}
{"level":"info","message":"Server is running on :::5000","timestamp":"2024-10-05 14:50:22"}
{"level":"info","message":"Connecting to MongoDB...","timestamp":"2024-10-05 14:50:22"}
{"level":"info","message":"MongoDB connection is open","timestamp":"2024-10-05 14:50:22"}
{"level":"info","message":"Connected to MongoDB","timestamp":"2024-10-05 14:50:22"}
{"level":"info","message":"Loading and validating config for the first time...","timestamp":"2024-10-05 14:50:26"}
{"level":"info","message":"Config loaded and validated","timestamp":"2024-10-05 14:50:26"}
{"level":"info","message":"Starting web server...","timestamp":"2024-10-05 14:50:27"}
{"level":"info","message":"Express middlewares are set up","timestamp":"2024-10-05 14:50:27"}
{"level":"info","message":"Defining routes...","timestamp":"2024-10-05 14:50:27"}
{"level":"info","message":"Setting up routes for model","timestamp":"2024-10-05 14:50:27"}
{"level":"info","message":"Routes defined","timestamp":"2024-10-05 14:50:27"}
{"level":"info","message":"Server is about to listen to port 5000","timestamp":"2024-10-05 14:50:27"}
{"level":"info","message":"Server is running on :::5000","timestamp":"2024-10-05 14:50:27"}
{"level":"info","message":"Connecting to MongoDB...","timestamp":"2024-10-05 14:50:27"}
{"level":"info","message":"MongoDB connection is open","timestamp":"2024-10-05 14:50:27"}
{"level":"info","message":"Connected to MongoDB","timestamp":"2024-10-05 14:50:27"}
{"level":"info","message":"POST /api/v1/auth/register","timestamp":"2024-10-05 14:51:04"}
{"level":"info","message":"POST /api/v1/auth/register","timestamp":"2024-10-05 14:51:05"}
{"level":"info","message":"Loading and validating config for the first time...","timestamp":"2024-10-05 14:52:08"}
{"level":"info","message":"Config loaded and validated","timestamp":"2024-10-05 14:52:08"}
{"level":"info","message":"Starting web server...","timestamp":"2024-10-05 14:52:09"}
{"level":"info","message":"Express middlewares are set up","timestamp":"2024-10-05 14:52:09"}
{"level":"info","message":"Defining routes...","timestamp":"2024-10-05 14:52:09"}
{"level":"info","message":"Setting up routes for model","timestamp":"2024-10-05 14:52:09"}
{"level":"info","message":"Setting up routes for model","timestamp":"2024-10-05 14:52:09"}
{"level":"info","message":"Routes defined","timestamp":"2024-10-05 14:52:09"}
{"level":"info","message":"Server is about to listen to port 5000","timestamp":"2024-10-05 14:52:09"}
{"level":"info","message":"Server is running on :::5000","timestamp":"2024-10-05 14:52:09"}
{"level":"info","message":"Connecting to MongoDB...","timestamp":"2024-10-05 14:52:09"}
{"level":"info","message":"MongoDB connection is open","timestamp":"2024-10-05 14:52:09"}
{"level":"info","message":"Connected to MongoDB","timestamp":"2024-10-05 14:52:09"}
{"level":"info","message":"POST /api/v1/auth/register","timestamp":"2024-10-05 14:52:12"}
{"body":{"email":"ferdousboss@gmail.com","name":"Ferdous Hasan","password":"12345678F"},"level":"info","message":"POST /api/v1/auth/register","params":{},"query":{},"timestamp":"2024-10-05 14:52:12"}
{"errors":["\"email\" is not allowed","\"password\" is not allowed"],"level":"error","message":"POST /api/v1/auth/register Validation failed","timestamp":"2024-10-05 14:52:12"}
{"level":"info","message":"POST /api/v1/auth/register","statusCode":400,"timestamp":"2024-10-05 14:52:12"}
{"level":"info","message":"POST /api/v1/auth/register","timestamp":"2024-10-05 14:52:15"}
{"body":{"email":"ferdousboss@gmail.com","name":"Ferdous Hasan","password":"12345678F"},"level":"info","message":"POST /api/v1/auth/register","params":{},"query":{},"timestamp":"2024-10-05 14:52:15"}
{"errors":["\"email\" is not allowed","\"password\" is not allowed"],"level":"error","message":"POST /api/v1/auth/register Validation failed","timestamp":"2024-10-05 14:52:15"}
{"level":"info","message":"POST /api/v1/auth/register","statusCode":400,"timestamp":"2024-10-05 14:52:15"}
{"level":"info","message":"POST /api/v1/auth/register","timestamp":"2024-10-05 14:52:16"}
{"body":{"email":"ferdousboss@gmail.com","name":"Ferdous Hasan","password":"12345678F"},"level":"info","message":"POST /api/v1/auth/register","params":{},"query":{},"timestamp":"2024-10-05 14:52:16"}
{"errors":["\"email\" is not allowed","\"password\" is not allowed"],"level":"error","message":"POST /api/v1/auth/register Validation failed","timestamp":"2024-10-05 14:52:16"}
{"level":"info","message":"POST /api/v1/auth/register","statusCode":400,"timestamp":"2024-10-05 14:52:16"}
{"level":"info","message":"Loading and validating config for the first time...","timestamp":"2024-10-05 14:54:07"}
{"level":"info","message":"Config loaded and validated","timestamp":"2024-10-05 14:54:07"}
{"level":"info","message":"Starting web server...","timestamp":"2024-10-05 14:54:07"}
{"level":"info","message":"Express middlewares are set up","timestamp":"2024-10-05 14:54:07"}
{"level":"info","message":"Defining routes...","timestamp":"2024-10-05 14:54:07"}
{"level":"info","message":"Setting up routes for model","timestamp":"2024-10-05 14:54:07"}
{"level":"info","message":"Setting up routes for model","timestamp":"2024-10-05 14:54:07"}
{"level":"info","message":"Routes defined","timestamp":"2024-10-05 14:54:07"}
{"level":"info","message":"Server is about to listen to port 5000","timestamp":"2024-10-05 14:54:07"}
{"level":"info","message":"Server is running on :::5000","timestamp":"2024-10-05 14:54:07"}
{"level":"info","message":"Connecting to MongoDB...","timestamp":"2024-10-05 14:54:07"}
{"level":"info","message":"MongoDB connection is open","timestamp":"2024-10-05 14:54:07"}
{"level":"info","message":"Connected to MongoDB","timestamp":"2024-10-05 14:54:07"}
{"level":"info","message":"Loading and validating config for the first time...","timestamp":"2024-10-05 14:54:11"}
{"level":"info","message":"Config loaded and validated","timestamp":"2024-10-05 14:54:12"}
{"level":"info","message":"Starting web server...","timestamp":"2024-10-05 14:54:12"}
{"level":"info","message":"Express middlewares are set up","timestamp":"2024-10-05 14:54:12"}
{"level":"info","message":"Defining routes...","timestamp":"2024-10-05 14:54:12"}
{"level":"info","message":"Setting up routes for model","timestamp":"2024-10-05 14:54:12"}
{"level":"info","message":"Setting up routes for model","timestamp":"2024-10-05 14:54:12"}
{"level":"info","message":"Routes defined","timestamp":"2024-10-05 14:54:12"}
{"level":"info","message":"Server is about to listen to port 5000","timestamp":"2024-10-05 14:54:12"}
{"level":"info","message":"Server is running on :::5000","timestamp":"2024-10-05 14:54:12"}
{"level":"info","message":"Connecting to MongoDB...","timestamp":"2024-10-05 14:54:12"}
{"level":"info","message":"MongoDB connection is open","timestamp":"2024-10-05 14:54:12"}
{"level":"info","message":"Connected to MongoDB","timestamp":"2024-10-05 14:54:12"}
{"level":"info","message":"POST /api/v1/auth/register","timestamp":"2024-10-05 14:54:18"}
{"body":{"email":"ferdousboss@gmail.com","name":"Ferdous Hasan","password":"12345678F"},"level":"info","message":"POST /api/v1/auth/register","params":{},"query":{},"timestamp":"2024-10-05 14:54:18"}
{"code":11000,"errorResponse":{"code":11000,"errmsg":"E11000 duplicate key error collection: lms.users index: email_1 dup key: { email: \"ferdousboss@gmail.com\" }","index":0,"keyPattern":{"email":1},"keyValue":{"email":"ferdousboss@gmail.com"}},"index":0,"keyPattern":{"email":1},"keyValue":{"email":"ferdousboss@gmail.com"},"level":"error","message":"create(): Failed to create model E11000 duplicate key error collection: lms.users index: email_1 dup key: { email: \"ferdousboss@gmail.com\" }","stack":"MongoServerError: E11000 duplicate key error collection: lms.users index: email_1 dup key: { email: \"ferdousboss@gmail.com\" }\n    at InsertOneOperation.execute (/home/mdsalahuddin/Desktop/Learning/learning-management-system/server/node_modules/.pnpm/mongodb@6.9.0_socks@2.8.3/node_modules/mongodb/lib/operations/insert.js:51:19)\n    at process.processTicksAndRejections (node:internal/process/task_queues:95:5)\n    at async tryOperation (/home/mdsalahuddin/Desktop/Learning/learning-management-system/server/node_modules/.pnpm/mongodb@6.9.0_socks@2.8.3/node_modules/mongodb/lib/operations/execute_operation.js:192:20)\n    at async executeOperation (/home/mdsalahuddin/Desktop/Learning/learning-management-system/server/node_modules/.pnpm/mongodb@6.9.0_socks@2.8.3/node_modules/mongodb/lib/operations/execute_operation.js:69:16)\n    at async Collection.insertOne (/home/mdsalahuddin/Desktop/Learning/learning-management-system/server/node_modules/.pnpm/mongodb@6.9.0_socks@2.8.3/node_modules/mongodb/lib/collection.js:154:16)","timestamp":"2024-10-05 14:54:18"}
{"HTTPStatus":500,"cause":null,"isTrusted":true,"level":"error","message":"E11000 duplicate key error collection: lms.users index: email_1 dup key: { email: \"ferdousboss@gmail.com\" } E11000 duplicate key error collection: lms.users index: email_1 dup key: { email: \"ferdousboss@gmail.com\" }","name":"Failed to create model","stack":"Failed to create model: E11000 duplicate key error collection: lms.users index: email_1 dup key: { email: \"ferdousboss@gmail.com\" }\n    at register (/home/mdsalahuddin/Desktop/Learning/learning-management-system/server/src/domains/auth/service.js:18:11)\n    at process.processTicksAndRejections (node:internal/process/task_queues:95:5)\n    at async /home/mdsalahuddin/Desktop/Learning/learning-management-system/server/src/domains/auth/api.js:28:22","timestamp":"2024-10-05 14:54:18"}
{"level":"info","message":"POST /api/v1/auth/register","statusCode":500,"timestamp":"2024-10-05 14:54:18"}
{"level":"info","message":"POST /api/v1/auth/register","timestamp":"2024-10-05 14:54:19"}
{"body":{"email":"ferdousboss@gmail.com","name":"Ferdous Hasan","password":"12345678F"},"level":"info","message":"POST /api/v1/auth/register","params":{},"query":{},"timestamp":"2024-10-05 14:54:19"}
{"code":11000,"errorResponse":{"code":11000,"errmsg":"E11000 duplicate key error collection: lms.users index: email_1 dup key: { email: \"ferdousboss@gmail.com\" }","index":0,"keyPattern":{"email":1},"keyValue":{"email":"ferdousboss@gmail.com"}},"index":0,"keyPattern":{"email":1},"keyValue":{"email":"ferdousboss@gmail.com"},"level":"error","message":"create(): Failed to create model E11000 duplicate key error collection: lms.users index: email_1 dup key: { email: \"ferdousboss@gmail.com\" }","stack":"MongoServerError: E11000 duplicate key error collection: lms.users index: email_1 dup key: { email: \"ferdousboss@gmail.com\" }\n    at InsertOneOperation.execute (/home/mdsalahuddin/Desktop/Learning/learning-management-system/server/node_modules/.pnpm/mongodb@6.9.0_socks@2.8.3/node_modules/mongodb/lib/operations/insert.js:51:19)\n    at process.processTicksAndRejections (node:internal/process/task_queues:95:5)\n    at async tryOperation (/home/mdsalahuddin/Desktop/Learning/learning-management-system/server/node_modules/.pnpm/mongodb@6.9.0_socks@2.8.3/node_modules/mongodb/lib/operations/execute_operation.js:192:20)\n    at async executeOperation (/home/mdsalahuddin/Desktop/Learning/learning-management-system/server/node_modules/.pnpm/mongodb@6.9.0_socks@2.8.3/node_modules/mongodb/lib/operations/execute_operation.js:69:16)\n    at async Collection.insertOne (/home/mdsalahuddin/Desktop/Learning/learning-management-system/server/node_modules/.pnpm/mongodb@6.9.0_socks@2.8.3/node_modules/mongodb/lib/collection.js:154:16)","timestamp":"2024-10-05 14:54:19"}
{"HTTPStatus":500,"cause":null,"isTrusted":true,"level":"error","message":"E11000 duplicate key error collection: lms.users index: email_1 dup key: { email: \"ferdousboss@gmail.com\" } E11000 duplicate key error collection: lms.users index: email_1 dup key: { email: \"ferdousboss@gmail.com\" }","name":"Failed to create model","stack":"Failed to create model: E11000 duplicate key error collection: lms.users index: email_1 dup key: { email: \"ferdousboss@gmail.com\" }\n    at register (/home/mdsalahuddin/Desktop/Learning/learning-management-system/server/src/domains/auth/service.js:18:11)\n    at process.processTicksAndRejections (node:internal/process/task_queues:95:5)\n    at async /home/mdsalahuddin/Desktop/Learning/learning-management-system/server/src/domains/auth/api.js:28:22","timestamp":"2024-10-05 14:54:19"}
{"level":"info","message":"POST /api/v1/auth/register","statusCode":500,"timestamp":"2024-10-05 14:54:19"}
{"level":"info","message":"POST /api/v1/auth/register","timestamp":"2024-10-05 14:54:20"}
{"body":{"email":"ferdousboss@gmail.com","name":"Ferdous Hasan","password":"12345678F"},"level":"info","message":"POST /api/v1/auth/register","params":{},"query":{},"timestamp":"2024-10-05 14:54:20"}
{"code":11000,"errorResponse":{"code":11000,"errmsg":"E11000 duplicate key error collection: lms.users index: email_1 dup key: { email: \"ferdousboss@gmail.com\" }","index":0,"keyPattern":{"email":1},"keyValue":{"email":"ferdousboss@gmail.com"}},"index":0,"keyPattern":{"email":1},"keyValue":{"email":"ferdousboss@gmail.com"},"level":"error","message":"create(): Failed to create model E11000 duplicate key error collection: lms.users index: email_1 dup key: { email: \"ferdousboss@gmail.com\" }","stack":"MongoServerError: E11000 duplicate key error collection: lms.users index: email_1 dup key: { email: \"ferdousboss@gmail.com\" }\n    at InsertOneOperation.execute (/home/mdsalahuddin/Desktop/Learning/learning-management-system/server/node_modules/.pnpm/mongodb@6.9.0_socks@2.8.3/node_modules/mongodb/lib/operations/insert.js:51:19)\n    at process.processTicksAndRejections (node:internal/process/task_queues:95:5)\n    at async tryOperation (/home/mdsalahuddin/Desktop/Learning/learning-management-system/server/node_modules/.pnpm/mongodb@6.9.0_socks@2.8.3/node_modules/mongodb/lib/operations/execute_operation.js:192:20)\n    at async executeOperation (/home/mdsalahuddin/Desktop/Learning/learning-management-system/server/node_modules/.pnpm/mongodb@6.9.0_socks@2.8.3/node_modules/mongodb/lib/operations/execute_operation.js:69:16)\n    at async Collection.insertOne (/home/mdsalahuddin/Desktop/Learning/learning-management-system/server/node_modules/.pnpm/mongodb@6.9.0_socks@2.8.3/node_modules/mongodb/lib/collection.js:154:16)","timestamp":"2024-10-05 14:54:20"}
{"HTTPStatus":500,"cause":null,"isTrusted":true,"level":"error","message":"E11000 duplicate key error collection: lms.users index: email_1 dup key: { email: \"ferdousboss@gmail.com\" } E11000 duplicate key error collection: lms.users index: email_1 dup key: { email: \"ferdousboss@gmail.com\" }","name":"Failed to create model","stack":"Failed to create model: E11000 duplicate key error collection: lms.users index: email_1 dup key: { email: \"ferdousboss@gmail.com\" }\n    at register (/home/mdsalahuddin/Desktop/Learning/learning-management-system/server/src/domains/auth/service.js:18:11)\n    at process.processTicksAndRejections (node:internal/process/task_queues:95:5)\n    at async /home/mdsalahuddin/Desktop/Learning/learning-management-system/server/src/domains/auth/api.js:28:22","timestamp":"2024-10-05 14:54:20"}
{"level":"info","message":"POST /api/v1/auth/register","statusCode":500,"timestamp":"2024-10-05 14:54:20"}
{"level":"info","message":"POST /api/v1/auth/register","timestamp":"2024-10-05 14:54:21"}
{"body":{"email":"ferdousboss@gmail.com","name":"Ferdous Hasan","password":"12345678F"},"level":"info","message":"POST /api/v1/auth/register","params":{},"query":{},"timestamp":"2024-10-05 14:54:21"}
{"code":11000,"errorResponse":{"code":11000,"errmsg":"E11000 duplicate key error collection: lms.users index: email_1 dup key: { email: \"ferdousboss@gmail.com\" }","index":0,"keyPattern":{"email":1},"keyValue":{"email":"ferdousboss@gmail.com"}},"index":0,"keyPattern":{"email":1},"keyValue":{"email":"ferdousboss@gmail.com"},"level":"error","message":"create(): Failed to create model E11000 duplicate key error collection: lms.users index: email_1 dup key: { email: \"ferdousboss@gmail.com\" }","stack":"MongoServerError: E11000 duplicate key error collection: lms.users index: email_1 dup key: { email: \"ferdousboss@gmail.com\" }\n    at InsertOneOperation.execute (/home/mdsalahuddin/Desktop/Learning/learning-management-system/server/node_modules/.pnpm/mongodb@6.9.0_socks@2.8.3/node_modules/mongodb/lib/operations/insert.js:51:19)\n    at process.processTicksAndRejections (node:internal/process/task_queues:95:5)\n    at async tryOperation (/home/mdsalahuddin/Desktop/Learning/learning-management-system/server/node_modules/.pnpm/mongodb@6.9.0_socks@2.8.3/node_modules/mongodb/lib/operations/execute_operation.js:192:20)\n    at async executeOperation (/home/mdsalahuddin/Desktop/Learning/learning-management-system/server/node_modules/.pnpm/mongodb@6.9.0_socks@2.8.3/node_modules/mongodb/lib/operations/execute_operation.js:69:16)\n    at async Collection.insertOne (/home/mdsalahuddin/Desktop/Learning/learning-management-system/server/node_modules/.pnpm/mongodb@6.9.0_socks@2.8.3/node_modules/mongodb/lib/collection.js:154:16)","timestamp":"2024-10-05 14:54:21"}
{"HTTPStatus":500,"cause":null,"isTrusted":true,"level":"error","message":"E11000 duplicate key error collection: lms.users index: email_1 dup key: { email: \"ferdousboss@gmail.com\" } E11000 duplicate key error collection: lms.users index: email_1 dup key: { email: \"ferdousboss@gmail.com\" }","name":"Failed to create model","stack":"Failed to create model: E11000 duplicate key error collection: lms.users index: email_1 dup key: { email: \"ferdousboss@gmail.com\" }\n    at register (/home/mdsalahuddin/Desktop/Learning/learning-management-system/server/src/domains/auth/service.js:18:11)\n    at process.processTicksAndRejections (node:internal/process/task_queues:95:5)\n    at async /home/mdsalahuddin/Desktop/Learning/learning-management-system/server/src/domains/auth/api.js:28:22","timestamp":"2024-10-05 14:54:21"}
{"level":"info","message":"POST /api/v1/auth/register","statusCode":500,"timestamp":"2024-10-05 14:54:21"}
{"level":"info","message":"POST /api/v1/auth/register","timestamp":"2024-10-05 14:54:22"}
{"body":{"email":"ferdousboss@gmail.com","name":"Ferdous Hasan","password":"12345678F"},"level":"info","message":"POST /api/v1/auth/register","params":{},"query":{},"timestamp":"2024-10-05 14:54:22"}
{"code":11000,"errorResponse":{"code":11000,"errmsg":"E11000 duplicate key error collection: lms.users index: email_1 dup key: { email: \"ferdousboss@gmail.com\" }","index":0,"keyPattern":{"email":1},"keyValue":{"email":"ferdousboss@gmail.com"}},"index":0,"keyPattern":{"email":1},"keyValue":{"email":"ferdousboss@gmail.com"},"level":"error","message":"create(): Failed to create model E11000 duplicate key error collection: lms.users index: email_1 dup key: { email: \"ferdousboss@gmail.com\" }","stack":"MongoServerError: E11000 duplicate key error collection: lms.users index: email_1 dup key: { email: \"ferdousboss@gmail.com\" }\n    at InsertOneOperation.execute (/home/mdsalahuddin/Desktop/Learning/learning-management-system/server/node_modules/.pnpm/mongodb@6.9.0_socks@2.8.3/node_modules/mongodb/lib/operations/insert.js:51:19)\n    at process.processTicksAndRejections (node:internal/process/task_queues:95:5)\n    at async tryOperation (/home/mdsalahuddin/Desktop/Learning/learning-management-system/server/node_modules/.pnpm/mongodb@6.9.0_socks@2.8.3/node_modules/mongodb/lib/operations/execute_operation.js:192:20)\n    at async executeOperation (/home/mdsalahuddin/Desktop/Learning/learning-management-system/server/node_modules/.pnpm/mongodb@6.9.0_socks@2.8.3/node_modules/mongodb/lib/operations/execute_operation.js:69:16)\n    at async Collection.insertOne (/home/mdsalahuddin/Desktop/Learning/learning-management-system/server/node_modules/.pnpm/mongodb@6.9.0_socks@2.8.3/node_modules/mongodb/lib/collection.js:154:16)","timestamp":"2024-10-05 14:54:22"}
{"HTTPStatus":500,"cause":null,"isTrusted":true,"level":"error","message":"E11000 duplicate key error collection: lms.users index: email_1 dup key: { email: \"ferdousboss@gmail.com\" } E11000 duplicate key error collection: lms.users index: email_1 dup key: { email: \"ferdousboss@gmail.com\" }","name":"Failed to create model","stack":"Failed to create model: E11000 duplicate key error collection: lms.users index: email_1 dup key: { email: \"ferdousboss@gmail.com\" }\n    at register (/home/mdsalahuddin/Desktop/Learning/learning-management-system/server/src/domains/auth/service.js:18:11)\n    at process.processTicksAndRejections (node:internal/process/task_queues:95:5)\n    at async /home/mdsalahuddin/Desktop/Learning/learning-management-system/server/src/domains/auth/api.js:28:22","timestamp":"2024-10-05 14:54:22"}
{"level":"info","message":"POST /api/v1/auth/register","statusCode":500,"timestamp":"2024-10-05 14:54:22"}
{"level":"info","message":"POST /api/v1/auth/register","timestamp":"2024-10-05 14:57:42"}
{"body":{"email":"ferdousboss@gmail.com","name":"Ferdous Hasan","password":"12345678F"},"level":"info","message":"POST /api/v1/auth/register","params":{},"query":{},"timestamp":"2024-10-05 14:57:42"}
{"code":11000,"errorResponse":{"code":11000,"errmsg":"E11000 duplicate key error collection: lms.users index: email_1 dup key: { email: \"ferdousboss@gmail.com\" }","index":0,"keyPattern":{"email":1},"keyValue":{"email":"ferdousboss@gmail.com"}},"index":0,"keyPattern":{"email":1},"keyValue":{"email":"ferdousboss@gmail.com"},"level":"error","message":"create(): Failed to create model E11000 duplicate key error collection: lms.users index: email_1 dup key: { email: \"ferdousboss@gmail.com\" }","stack":"MongoServerError: E11000 duplicate key error collection: lms.users index: email_1 dup key: { email: \"ferdousboss@gmail.com\" }\n    at InsertOneOperation.execute (/home/mdsalahuddin/Desktop/Learning/learning-management-system/server/node_modules/.pnpm/mongodb@6.9.0_socks@2.8.3/node_modules/mongodb/lib/operations/insert.js:51:19)\n    at process.processTicksAndRejections (node:internal/process/task_queues:95:5)\n    at async tryOperation (/home/mdsalahuddin/Desktop/Learning/learning-management-system/server/node_modules/.pnpm/mongodb@6.9.0_socks@2.8.3/node_modules/mongodb/lib/operations/execute_operation.js:192:20)\n    at async executeOperation (/home/mdsalahuddin/Desktop/Learning/learning-management-system/server/node_modules/.pnpm/mongodb@6.9.0_socks@2.8.3/node_modules/mongodb/lib/operations/execute_operation.js:69:16)\n    at async Collection.insertOne (/home/mdsalahuddin/Desktop/Learning/learning-management-system/server/node_modules/.pnpm/mongodb@6.9.0_socks@2.8.3/node_modules/mongodb/lib/collection.js:154:16)","timestamp":"2024-10-05 14:57:42"}
{"HTTPStatus":500,"cause":null,"isTrusted":true,"level":"error","message":"E11000 duplicate key error collection: lms.users index: email_1 dup key: { email: \"ferdousboss@gmail.com\" } E11000 duplicate key error collection: lms.users index: email_1 dup key: { email: \"ferdousboss@gmail.com\" }","name":"Failed to create model","stack":"Failed to create model: E11000 duplicate key error collection: lms.users index: email_1 dup key: { email: \"ferdousboss@gmail.com\" }\n    at register (/home/mdsalahuddin/Desktop/Learning/learning-management-system/server/src/domains/auth/service.js:18:11)\n    at process.processTicksAndRejections (node:internal/process/task_queues:95:5)\n    at async /home/mdsalahuddin/Desktop/Learning/learning-management-system/server/src/domains/auth/api.js:28:22","timestamp":"2024-10-05 14:57:42"}
{"level":"info","message":"POST /api/v1/auth/register","statusCode":500,"timestamp":"2024-10-05 14:57:42"}
{"level":"info","message":"POST /api/v1/auth/register","timestamp":"2024-10-05 14:57:43"}
{"body":{"email":"ferdousboss@gmail.com","name":"Ferdous Hasan","password":"12345678F"},"level":"info","message":"POST /api/v1/auth/register","params":{},"query":{},"timestamp":"2024-10-05 14:57:43"}
{"code":11000,"errorResponse":{"code":11000,"errmsg":"E11000 duplicate key error collection: lms.users index: email_1 dup key: { email: \"ferdousboss@gmail.com\" }","index":0,"keyPattern":{"email":1},"keyValue":{"email":"ferdousboss@gmail.com"}},"index":0,"keyPattern":{"email":1},"keyValue":{"email":"ferdousboss@gmail.com"},"level":"error","message":"create(): Failed to create model E11000 duplicate key error collection: lms.users index: email_1 dup key: { email: \"ferdousboss@gmail.com\" }","stack":"MongoServerError: E11000 duplicate key error collection: lms.users index: email_1 dup key: { email: \"ferdousboss@gmail.com\" }\n    at InsertOneOperation.execute (/home/mdsalahuddin/Desktop/Learning/learning-management-system/server/node_modules/.pnpm/mongodb@6.9.0_socks@2.8.3/node_modules/mongodb/lib/operations/insert.js:51:19)\n    at process.processTicksAndRejections (node:internal/process/task_queues:95:5)\n    at async tryOperation (/home/mdsalahuddin/Desktop/Learning/learning-management-system/server/node_modules/.pnpm/mongodb@6.9.0_socks@2.8.3/node_modules/mongodb/lib/operations/execute_operation.js:192:20)\n    at async executeOperation (/home/mdsalahuddin/Desktop/Learning/learning-management-system/server/node_modules/.pnpm/mongodb@6.9.0_socks@2.8.3/node_modules/mongodb/lib/operations/execute_operation.js:69:16)\n    at async Collection.insertOne (/home/mdsalahuddin/Desktop/Learning/learning-management-system/server/node_modules/.pnpm/mongodb@6.9.0_socks@2.8.3/node_modules/mongodb/lib/collection.js:154:16)","timestamp":"2024-10-05 14:57:43"}
{"HTTPStatus":500,"cause":null,"isTrusted":true,"level":"error","message":"E11000 duplicate key error collection: lms.users index: email_1 dup key: { email: \"ferdousboss@gmail.com\" } E11000 duplicate key error collection: lms.users index: email_1 dup key: { email: \"ferdousboss@gmail.com\" }","name":"Failed to create model","stack":"Failed to create model: E11000 duplicate key error collection: lms.users index: email_1 dup key: { email: \"ferdousboss@gmail.com\" }\n    at register (/home/mdsalahuddin/Desktop/Learning/learning-management-system/server/src/domains/auth/service.js:18:11)\n    at process.processTicksAndRejections (node:internal/process/task_queues:95:5)\n    at async /home/mdsalahuddin/Desktop/Learning/learning-management-system/server/src/domains/auth/api.js:28:22","timestamp":"2024-10-05 14:57:43"}
{"level":"info","message":"POST /api/v1/auth/register","statusCode":500,"timestamp":"2024-10-05 14:57:43"}
{"level":"info","message":"POST /api/v1/auth/register","timestamp":"2024-10-05 14:57:44"}
{"body":{"email":"ferdousboss@gmail.com","name":"Ferdous Hasan","password":"12345678F"},"level":"info","message":"POST /api/v1/auth/register","params":{},"query":{},"timestamp":"2024-10-05 14:57:44"}
{"code":11000,"errorResponse":{"code":11000,"errmsg":"E11000 duplicate key error collection: lms.users index: email_1 dup key: { email: \"ferdousboss@gmail.com\" }","index":0,"keyPattern":{"email":1},"keyValue":{"email":"ferdousboss@gmail.com"}},"index":0,"keyPattern":{"email":1},"keyValue":{"email":"ferdousboss@gmail.com"},"level":"error","message":"create(): Failed to create model E11000 duplicate key error collection: lms.users index: email_1 dup key: { email: \"ferdousboss@gmail.com\" }","stack":"MongoServerError: E11000 duplicate key error collection: lms.users index: email_1 dup key: { email: \"ferdousboss@gmail.com\" }\n    at InsertOneOperation.execute (/home/mdsalahuddin/Desktop/Learning/learning-management-system/server/node_modules/.pnpm/mongodb@6.9.0_socks@2.8.3/node_modules/mongodb/lib/operations/insert.js:51:19)\n    at process.processTicksAndRejections (node:internal/process/task_queues:95:5)\n    at async tryOperation (/home/mdsalahuddin/Desktop/Learning/learning-management-system/server/node_modules/.pnpm/mongodb@6.9.0_socks@2.8.3/node_modules/mongodb/lib/operations/execute_operation.js:192:20)\n    at async executeOperation (/home/mdsalahuddin/Desktop/Learning/learning-management-system/server/node_modules/.pnpm/mongodb@6.9.0_socks@2.8.3/node_modules/mongodb/lib/operations/execute_operation.js:69:16)\n    at async Collection.insertOne (/home/mdsalahuddin/Desktop/Learning/learning-management-system/server/node_modules/.pnpm/mongodb@6.9.0_socks@2.8.3/node_modules/mongodb/lib/collection.js:154:16)","timestamp":"2024-10-05 14:57:44"}
{"HTTPStatus":500,"cause":null,"isTrusted":true,"level":"error","message":"E11000 duplicate key error collection: lms.users index: email_1 dup key: { email: \"ferdousboss@gmail.com\" } E11000 duplicate key error collection: lms.users index: email_1 dup key: { email: \"ferdousboss@gmail.com\" }","name":"Failed to create model","stack":"Failed to create model: E11000 duplicate key error collection: lms.users index: email_1 dup key: { email: \"ferdousboss@gmail.com\" }\n    at register (/home/mdsalahuddin/Desktop/Learning/learning-management-system/server/src/domains/auth/service.js:18:11)\n    at process.processTicksAndRejections (node:internal/process/task_queues:95:5)\n    at async /home/mdsalahuddin/Desktop/Learning/learning-management-system/server/src/domains/auth/api.js:28:22","timestamp":"2024-10-05 14:57:44"}
{"level":"info","message":"POST /api/v1/auth/register","statusCode":500,"timestamp":"2024-10-05 14:57:44"}
{"level":"info","message":"POST /api/v1/auth/register","timestamp":"2024-10-05 14:57:54"}
{"body":{"email":"ferdoushasan@gmail.com","name":"Ferdous Hasan","password":"12345678F"},"level":"info","message":"POST /api/v1/auth/register","params":{},"query":{},"timestamp":"2024-10-05 14:57:54"}
{"id":"6700ff927cdab0b0ef73c4de","level":"info","message":"create(): model created","timestamp":"2024-10-05 14:57:54"}
{"level":"info","message":"POST /api/v1/auth/register","statusCode":201,"timestamp":"2024-10-05 14:57:54"}
{"level":"info","message":"POST /api/v1/auth/register","timestamp":"2024-10-05 14:58:03"}
{"body":{"email":"ferdoushasan@gmail.com","name":"Ferdous Hasan","password":"12345678F"},"level":"info","message":"POST /api/v1/auth/register","params":{},"query":{},"timestamp":"2024-10-05 14:58:03"}
{"code":11000,"errorResponse":{"code":11000,"errmsg":"E11000 duplicate key error collection: lms.users index: email_1 dup key: { email: \"ferdoushasan@gmail.com\" }","index":0,"keyPattern":{"email":1},"keyValue":{"email":"ferdoushasan@gmail.com"}},"index":0,"keyPattern":{"email":1},"keyValue":{"email":"ferdoushasan@gmail.com"},"level":"error","message":"create(): Failed to create model E11000 duplicate key error collection: lms.users index: email_1 dup key: { email: \"ferdoushasan@gmail.com\" }","stack":"MongoServerError: E11000 duplicate key error collection: lms.users index: email_1 dup key: { email: \"ferdoushasan@gmail.com\" }\n    at InsertOneOperation.execute (/home/mdsalahuddin/Desktop/Learning/learning-management-system/server/node_modules/.pnpm/mongodb@6.9.0_socks@2.8.3/node_modules/mongodb/lib/operations/insert.js:51:19)\n    at process.processTicksAndRejections (node:internal/process/task_queues:95:5)\n    at async tryOperation (/home/mdsalahuddin/Desktop/Learning/learning-management-system/server/node_modules/.pnpm/mongodb@6.9.0_socks@2.8.3/node_modules/mongodb/lib/operations/execute_operation.js:192:20)\n    at async executeOperation (/home/mdsalahuddin/Desktop/Learning/learning-management-system/server/node_modules/.pnpm/mongodb@6.9.0_socks@2.8.3/node_modules/mongodb/lib/operations/execute_operation.js:69:16)\n    at async Collection.insertOne (/home/mdsalahuddin/Desktop/Learning/learning-management-system/server/node_modules/.pnpm/mongodb@6.9.0_socks@2.8.3/node_modules/mongodb/lib/collection.js:154:16)","timestamp":"2024-10-05 14:58:03"}
{"HTTPStatus":500,"cause":null,"isTrusted":true,"level":"error","message":"E11000 duplicate key error collection: lms.users index: email_1 dup key: { email: \"ferdoushasan@gmail.com\" } E11000 duplicate key error collection: lms.users index: email_1 dup key: { email: \"ferdoushasan@gmail.com\" }","name":"Failed to create model","stack":"Failed to create model: E11000 duplicate key error collection: lms.users index: email_1 dup key: { email: \"ferdoushasan@gmail.com\" }\n    at register (/home/mdsalahuddin/Desktop/Learning/learning-management-system/server/src/domains/auth/service.js:18:11)\n    at process.processTicksAndRejections (node:internal/process/task_queues:95:5)\n    at async /home/mdsalahuddin/Desktop/Learning/learning-management-system/server/src/domains/auth/api.js:28:22","timestamp":"2024-10-05 14:58:03"}
{"level":"info","message":"POST /api/v1/auth/register","statusCode":500,"timestamp":"2024-10-05 14:58:03"}
{"level":"info","message":"POST /api/v1/auth/register","timestamp":"2024-10-05 14:58:04"}
{"body":{"email":"ferdoushasan@gmail.com","name":"Ferdous Hasan","password":"12345678F"},"level":"info","message":"POST /api/v1/auth/register","params":{},"query":{},"timestamp":"2024-10-05 14:58:04"}
{"code":11000,"errorResponse":{"code":11000,"errmsg":"E11000 duplicate key error collection: lms.users index: email_1 dup key: { email: \"ferdoushasan@gmail.com\" }","index":0,"keyPattern":{"email":1},"keyValue":{"email":"ferdoushasan@gmail.com"}},"index":0,"keyPattern":{"email":1},"keyValue":{"email":"ferdoushasan@gmail.com"},"level":"error","message":"create(): Failed to create model E11000 duplicate key error collection: lms.users index: email_1 dup key: { email: \"ferdoushasan@gmail.com\" }","stack":"MongoServerError: E11000 duplicate key error collection: lms.users index: email_1 dup key: { email: \"ferdoushasan@gmail.com\" }\n    at InsertOneOperation.execute (/home/mdsalahuddin/Desktop/Learning/learning-management-system/server/node_modules/.pnpm/mongodb@6.9.0_socks@2.8.3/node_modules/mongodb/lib/operations/insert.js:51:19)\n    at process.processTicksAndRejections (node:internal/process/task_queues:95:5)\n    at async tryOperation (/home/mdsalahuddin/Desktop/Learning/learning-management-system/server/node_modules/.pnpm/mongodb@6.9.0_socks@2.8.3/node_modules/mongodb/lib/operations/execute_operation.js:192:20)\n    at async executeOperation (/home/mdsalahuddin/Desktop/Learning/learning-management-system/server/node_modules/.pnpm/mongodb@6.9.0_socks@2.8.3/node_modules/mongodb/lib/operations/execute_operation.js:69:16)\n    at async Collection.insertOne (/home/mdsalahuddin/Desktop/Learning/learning-management-system/server/node_modules/.pnpm/mongodb@6.9.0_socks@2.8.3/node_modules/mongodb/lib/collection.js:154:16)","timestamp":"2024-10-05 14:58:04"}
{"HTTPStatus":500,"cause":null,"isTrusted":true,"level":"error","message":"E11000 duplicate key error collection: lms.users index: email_1 dup key: { email: \"ferdoushasan@gmail.com\" } E11000 duplicate key error collection: lms.users index: email_1 dup key: { email: \"ferdoushasan@gmail.com\" }","name":"Failed to create model","stack":"Failed to create model: E11000 duplicate key error collection: lms.users index: email_1 dup key: { email: \"ferdoushasan@gmail.com\" }\n    at register (/home/mdsalahuddin/Desktop/Learning/learning-management-system/server/src/domains/auth/service.js:18:11)\n    at process.processTicksAndRejections (node:internal/process/task_queues:95:5)\n    at async /home/mdsalahuddin/Desktop/Learning/learning-management-system/server/src/domains/auth/api.js:28:22","timestamp":"2024-10-05 14:58:04"}
{"level":"info","message":"POST /api/v1/auth/register","statusCode":500,"timestamp":"2024-10-05 14:58:04"}
