{"level":"info","message":"Loading and validating config for the first time...","timestamp":"2024-10-05 17:04:48"}
{"level":"info","message":"Config loaded and validated","timestamp":"2024-10-05 17:04:48"}
{"level":"info","message":"Starting web server...","timestamp":"2024-10-05 17:04:49"}
{"level":"info","message":"Express middlewares are set up","timestamp":"2024-10-05 17:04:49"}
{"level":"info","message":"Defining routes...","timestamp":"2024-10-05 17:04:49"}
{"level":"info","message":"Setting up routes for model","timestamp":"2024-10-05 17:04:49"}
{"level":"info","message":"Setting up routes for model","timestamp":"2024-10-05 17:04:49"}
{"level":"info","message":"Routes defined","timestamp":"2024-10-05 17:04:49"}
{"level":"info","message":"Server is about to listen to port 5000","timestamp":"2024-10-05 17:04:49"}
{"level":"info","message":"Server is running on :::5000","timestamp":"2024-10-05 17:04:49"}
{"level":"info","message":"Connecting to MongoDB...","timestamp":"2024-10-05 17:04:49"}
{"level":"info","message":"MongoDB connection is open","timestamp":"2024-10-05 17:04:49"}
{"level":"info","message":"Connected to MongoDB","timestamp":"2024-10-05 17:04:49"}
{"level":"info","message":"POST /api/v1/auth/register","timestamp":"2024-10-05 17:04:56"}
{"body":{"email":"ferdoushasan@gmail.com","name":"Ferdous Hasan"},"level":"info","message":"POST /api/v1/auth/register","params":{},"query":{},"timestamp":"2024-10-05 17:04:56"}
{"errors":["\"password\" is required"],"level":"error","message":"POST /api/v1/auth/register Validation failed","timestamp":"2024-10-05 17:04:56"}
{"level":"info","message":"POST /api/v1/auth/register","statusCode":400,"timestamp":"2024-10-05 17:04:56"}
{"HTTPStatus":400,"cause":null,"isTrusted":true,"level":"error","message":"create(): Failed to create model Email is already taken","name":"Email is already taken","stack":"Email is already taken: Email is already taken\n    at register (/home/mdsalahuddin/Desktop/Learning/learning-management-system/server/src/domains/auth/service.js:13:13)\n    at process.processTicksAndRejections (node:internal/process/task_queues:95:5)\n    at async /home/mdsalahuddin/Desktop/Learning/learning-management-system/server/src/domains/auth/api.js:28:22","timestamp":"2024-10-05 17:04:56"}
{"HTTPStatus":500,"cause":null,"isTrusted":true,"level":"error","message":"Email is already taken","name":"Failed to create model","statusCode":500,"timestamp":"2024-10-05 17:04:56"}
{"HTTPStatus":500,"cause":null,"isTrusted":true,"level":"error","message":"Cannot set headers after they are sent to the client Cannot set headers after they are sent to the client","name":"Error","stack":"Error [ERR_HTTP_HEADERS_SENT]: Cannot set headers after they are sent to the client\n    at ServerResponse.setHeader (node:_http_outgoing:659:11)\n    at ServerResponse.header (/home/mdsalahuddin/Desktop/Learning/learning-management-system/server/node_modules/.pnpm/express@4.21.0/node_modules/express/lib/response.js:794:10)\n    at ServerResponse.send (/home/mdsalahuddin/Desktop/Learning/learning-management-system/server/node_modules/.pnpm/express@4.21.0/node_modules/express/lib/response.js:174:12)\n    at ServerResponse.json (/home/mdsalahuddin/Desktop/Learning/learning-management-system/server/node_modules/.pnpm/express@4.21.0/node_modules/express/lib/response.js:278:15)\n    at errorResponse (/home/mdsalahuddin/Desktop/Learning/learning-management-system/server/src/libraries/common/sendResponse.js:5:33)\n    at errorHandlerMiddleware (/home/mdsalahuddin/Desktop/Learning/learning-management-system/server/src/middlewares/error-handling/index.js:31:3)\n    at /home/mdsalahuddin/Desktop/Learning/learning-management-system/server/src/server.js:73:5\n    at Layer.handle_error (/home/mdsalahuddin/Desktop/Learning/learning-management-system/server/node_modules/.pnpm/express@4.21.0/node_modules/express/lib/router/layer.js:71:5)\n    at trim_prefix (/home/mdsalahuddin/Desktop/Learning/learning-management-system/server/node_modules/.pnpm/express@4.21.0/node_modules/express/lib/router/index.js:326:13)\n    at /home/mdsalahuddin/Desktop/Learning/learning-management-system/server/node_modules/.pnpm/express@4.21.0/node_modules/express/lib/router/index.js:286:9","timestamp":"2024-10-05 17:04:56"}
{"level":"info","message":"POST /api/v1/auth/register","timestamp":"2024-10-05 17:05:14"}
{"body":{"email":"ferdoushasan@gmail.com","name":"Ferdous Hasan","test":{}},"level":"info","message":"POST /api/v1/auth/register","params":{},"query":{},"timestamp":"2024-10-05 17:05:14"}
{"errors":["\"password\" is required","\"test.testName\" is required","\"test.testKey\" is required"],"level":"error","message":"POST /api/v1/auth/register Validation failed","timestamp":"2024-10-05 17:05:14"}
{"level":"info","message":"POST /api/v1/auth/register","statusCode":400,"timestamp":"2024-10-05 17:05:14"}
{"HTTPStatus":400,"cause":null,"isTrusted":true,"level":"error","message":"create(): Failed to create model Email is already taken","name":"Email is already taken","stack":"Email is already taken: Email is already taken\n    at register (/home/mdsalahuddin/Desktop/Learning/learning-management-system/server/src/domains/auth/service.js:13:13)\n    at process.processTicksAndRejections (node:internal/process/task_queues:95:5)\n    at async /home/mdsalahuddin/Desktop/Learning/learning-management-system/server/src/domains/auth/api.js:28:22","timestamp":"2024-10-05 17:05:14"}
{"HTTPStatus":500,"cause":null,"isTrusted":true,"level":"error","message":"Email is already taken","name":"Failed to create model","statusCode":500,"timestamp":"2024-10-05 17:05:14"}
{"HTTPStatus":500,"cause":null,"isTrusted":true,"level":"error","message":"Cannot set headers after they are sent to the client Cannot set headers after they are sent to the client","name":"Error","stack":"Error [ERR_HTTP_HEADERS_SENT]: Cannot set headers after they are sent to the client\n    at ServerResponse.setHeader (node:_http_outgoing:659:11)\n    at ServerResponse.header (/home/mdsalahuddin/Desktop/Learning/learning-management-system/server/node_modules/.pnpm/express@4.21.0/node_modules/express/lib/response.js:794:10)\n    at ServerResponse.send (/home/mdsalahuddin/Desktop/Learning/learning-management-system/server/node_modules/.pnpm/express@4.21.0/node_modules/express/lib/response.js:174:12)\n    at ServerResponse.json (/home/mdsalahuddin/Desktop/Learning/learning-management-system/server/node_modules/.pnpm/express@4.21.0/node_modules/express/lib/response.js:278:15)\n    at errorResponse (/home/mdsalahuddin/Desktop/Learning/learning-management-system/server/src/libraries/common/sendResponse.js:5:33)\n    at errorHandlerMiddleware (/home/mdsalahuddin/Desktop/Learning/learning-management-system/server/src/middlewares/error-handling/index.js:31:3)\n    at /home/mdsalahuddin/Desktop/Learning/learning-management-system/server/src/server.js:73:5\n    at Layer.handle_error (/home/mdsalahuddin/Desktop/Learning/learning-management-system/server/node_modules/.pnpm/express@4.21.0/node_modules/express/lib/router/layer.js:71:5)\n    at trim_prefix (/home/mdsalahuddin/Desktop/Learning/learning-management-system/server/node_modules/.pnpm/express@4.21.0/node_modules/express/lib/router/index.js:326:13)\n    at /home/mdsalahuddin/Desktop/Learning/learning-management-system/server/node_modules/.pnpm/express@4.21.0/node_modules/express/lib/router/index.js:286:9","timestamp":"2024-10-05 17:05:14"}
{"level":"info","message":"Loading and validating config for the first time...","timestamp":"2024-10-05 17:05:52"}
{"level":"info","message":"Config loaded and validated","timestamp":"2024-10-05 17:05:52"}
{"level":"info","message":"Starting web server...","timestamp":"2024-10-05 17:05:52"}
{"level":"info","message":"Express middlewares are set up","timestamp":"2024-10-05 17:05:52"}
{"level":"info","message":"Defining routes...","timestamp":"2024-10-05 17:05:52"}
{"level":"info","message":"Setting up routes for model","timestamp":"2024-10-05 17:05:52"}
{"level":"info","message":"Setting up routes for model","timestamp":"2024-10-05 17:05:52"}
{"level":"info","message":"Routes defined","timestamp":"2024-10-05 17:05:52"}
{"level":"info","message":"Server is about to listen to port 5000","timestamp":"2024-10-05 17:05:52"}
{"level":"info","message":"Server is running on :::5000","timestamp":"2024-10-05 17:05:52"}
{"level":"info","message":"Connecting to MongoDB...","timestamp":"2024-10-05 17:05:52"}
{"level":"info","message":"MongoDB connection is open","timestamp":"2024-10-05 17:05:52"}
{"level":"info","message":"Connected to MongoDB","timestamp":"2024-10-05 17:05:52"}
{"level":"info","message":"Loading and validating config for the first time...","timestamp":"2024-10-05 17:08:10"}
{"level":"info","message":"Config loaded and validated","timestamp":"2024-10-05 17:08:10"}
{"level":"info","message":"Starting web server...","timestamp":"2024-10-05 17:08:11"}
{"level":"info","message":"Express middlewares are set up","timestamp":"2024-10-05 17:08:11"}
{"level":"info","message":"Defining routes...","timestamp":"2024-10-05 17:08:11"}
{"level":"info","message":"Setting up routes for model","timestamp":"2024-10-05 17:08:11"}
{"level":"info","message":"Setting up routes for model","timestamp":"2024-10-05 17:08:11"}
{"level":"info","message":"Routes defined","timestamp":"2024-10-05 17:08:11"}
{"level":"info","message":"Server is about to listen to port 5000","timestamp":"2024-10-05 17:08:11"}
{"level":"info","message":"Server is running on :::5000","timestamp":"2024-10-05 17:08:11"}
{"level":"info","message":"Connecting to MongoDB...","timestamp":"2024-10-05 17:08:11"}
{"level":"info","message":"MongoDB connection is open","timestamp":"2024-10-05 17:08:11"}
{"level":"info","message":"Connected to MongoDB","timestamp":"2024-10-05 17:08:11"}
{"level":"info","message":"POST /api/v1/auth/register","timestamp":"2024-10-05 17:08:43"}
{"body":{"email":"ferdoushasan@gmail.com","name":"Ferdous Hasan","test":{}},"level":"info","message":"POST /api/v1/auth/register","params":{},"query":{},"timestamp":"2024-10-05 17:08:43"}
{"errors":["\"password\" is required","\"test\" does not match any of the allowed types"],"level":"error","message":"POST /api/v1/auth/register Validation failed","timestamp":"2024-10-05 17:08:43"}
{"level":"info","message":"POST /api/v1/auth/register","statusCode":400,"timestamp":"2024-10-05 17:08:43"}
{"HTTPStatus":400,"cause":null,"isTrusted":true,"level":"error","message":"create(): Failed to create model Email is already taken","name":"Email is already taken","stack":"Email is already taken: Email is already taken\n    at register (/home/mdsalahuddin/Desktop/Learning/learning-management-system/server/src/domains/auth/service.js:13:13)\n    at process.processTicksAndRejections (node:internal/process/task_queues:95:5)\n    at async /home/mdsalahuddin/Desktop/Learning/learning-management-system/server/src/domains/auth/api.js:28:22","timestamp":"2024-10-05 17:08:43"}
{"HTTPStatus":500,"cause":null,"isTrusted":true,"level":"error","message":"Email is already taken","name":"Failed to create model","statusCode":500,"timestamp":"2024-10-05 17:08:43"}
{"HTTPStatus":500,"cause":null,"isTrusted":true,"level":"error","message":"Cannot set headers after they are sent to the client Cannot set headers after they are sent to the client","name":"Error","stack":"Error [ERR_HTTP_HEADERS_SENT]: Cannot set headers after they are sent to the client\n    at ServerResponse.setHeader (node:_http_outgoing:659:11)\n    at ServerResponse.header (/home/mdsalahuddin/Desktop/Learning/learning-management-system/server/node_modules/.pnpm/express@4.21.0/node_modules/express/lib/response.js:794:10)\n    at ServerResponse.send (/home/mdsalahuddin/Desktop/Learning/learning-management-system/server/node_modules/.pnpm/express@4.21.0/node_modules/express/lib/response.js:174:12)\n    at ServerResponse.json (/home/mdsalahuddin/Desktop/Learning/learning-management-system/server/node_modules/.pnpm/express@4.21.0/node_modules/express/lib/response.js:278:15)\n    at errorResponse (/home/mdsalahuddin/Desktop/Learning/learning-management-system/server/src/libraries/common/sendResponse.js:5:33)\n    at errorHandlerMiddleware (/home/mdsalahuddin/Desktop/Learning/learning-management-system/server/src/middlewares/error-handling/index.js:31:3)\n    at /home/mdsalahuddin/Desktop/Learning/learning-management-system/server/src/server.js:73:5\n    at Layer.handle_error (/home/mdsalahuddin/Desktop/Learning/learning-management-system/server/node_modules/.pnpm/express@4.21.0/node_modules/express/lib/router/layer.js:71:5)\n    at trim_prefix (/home/mdsalahuddin/Desktop/Learning/learning-management-system/server/node_modules/.pnpm/express@4.21.0/node_modules/express/lib/router/index.js:326:13)\n    at /home/mdsalahuddin/Desktop/Learning/learning-management-system/server/node_modules/.pnpm/express@4.21.0/node_modules/express/lib/router/index.js:286:9","timestamp":"2024-10-05 17:08:43"}
{"body":"{\n  \"name\": \"Ferdous Hasan\",\n  \"email\":\"ferdoushasan@gmail.com\",\n\n \n}","expose":true,"isTrusted":true,"level":"error","message":"Expected double-quoted property name in JSON at position 68","status":400,"timestamp":"2024-10-05 17:08:52","type":"entity.parse.failed"}
{"HTTPStatus":500,"cause":null,"isTrusted":true,"level":"error","message":"Expected double-quoted property name in JSON at position 68 Expected double-quoted property name in JSON at position 68","name":"SyntaxError","stack":"SyntaxError: Expected double-quoted property name in JSON at position 68\n    at JSON.parse (<anonymous>)\n    at parse (/home/mdsalahuddin/Desktop/Learning/learning-management-system/server/node_modules/.pnpm/body-parser@1.20.3/node_modules/body-parser/lib/types/json.js:92:19)\n    at /home/mdsalahuddin/Desktop/Learning/learning-management-system/server/node_modules/.pnpm/body-parser@1.20.3/node_modules/body-parser/lib/read.js:128:18\n    at AsyncResource.runInAsyncScope (node:async_hooks:206:9)\n    at invokeCallback (/home/mdsalahuddin/Desktop/Learning/learning-management-system/server/node_modules/.pnpm/raw-body@2.5.2/node_modules/raw-body/index.js:238:16)\n    at done (/home/mdsalahuddin/Desktop/Learning/learning-management-system/server/node_modules/.pnpm/raw-body@2.5.2/node_modules/raw-body/index.js:227:7)\n    at IncomingMessage.onEnd (/home/mdsalahuddin/Desktop/Learning/learning-management-system/server/node_modules/.pnpm/raw-body@2.5.2/node_modules/raw-body/index.js:287:7)\n    at IncomingMessage.emit (node:events:519:28)\n    at endReadableNT (node:internal/streams/readable:1696:12)\n    at process.processTicksAndRejections (node:internal/process/task_queues:82:21)","timestamp":"2024-10-05 17:08:52"}
{"level":"info","message":"POST /api/v1/auth/register","timestamp":"2024-10-05 17:08:58"}
{"body":{"email":"ferdoushasan@gmail.com","name":"Ferdous Hasan"},"level":"info","message":"POST /api/v1/auth/register","params":{},"query":{},"timestamp":"2024-10-05 17:08:58"}
{"errors":["\"password\" is required","\"test\" is required and missing nested fields"],"level":"error","message":"POST /api/v1/auth/register Validation failed","timestamp":"2024-10-05 17:08:58"}
{"level":"info","message":"POST /api/v1/auth/register","statusCode":400,"timestamp":"2024-10-05 17:08:58"}
{"HTTPStatus":400,"cause":null,"isTrusted":true,"level":"error","message":"create(): Failed to create model Email is already taken","name":"Email is already taken","stack":"Email is already taken: Email is already taken\n    at register (/home/mdsalahuddin/Desktop/Learning/learning-management-system/server/src/domains/auth/service.js:13:13)\n    at process.processTicksAndRejections (node:internal/process/task_queues:95:5)\n    at async /home/mdsalahuddin/Desktop/Learning/learning-management-system/server/src/domains/auth/api.js:28:22","timestamp":"2024-10-05 17:08:58"}
{"HTTPStatus":500,"cause":null,"isTrusted":true,"level":"error","message":"Email is already taken","name":"Failed to create model","statusCode":500,"timestamp":"2024-10-05 17:08:58"}
{"HTTPStatus":500,"cause":null,"isTrusted":true,"level":"error","message":"Cannot set headers after they are sent to the client Cannot set headers after they are sent to the client","name":"Error","stack":"Error [ERR_HTTP_HEADERS_SENT]: Cannot set headers after they are sent to the client\n    at ServerResponse.setHeader (node:_http_outgoing:659:11)\n    at ServerResponse.header (/home/mdsalahuddin/Desktop/Learning/learning-management-system/server/node_modules/.pnpm/express@4.21.0/node_modules/express/lib/response.js:794:10)\n    at ServerResponse.send (/home/mdsalahuddin/Desktop/Learning/learning-management-system/server/node_modules/.pnpm/express@4.21.0/node_modules/express/lib/response.js:174:12)\n    at ServerResponse.json (/home/mdsalahuddin/Desktop/Learning/learning-management-system/server/node_modules/.pnpm/express@4.21.0/node_modules/express/lib/response.js:278:15)\n    at errorResponse (/home/mdsalahuddin/Desktop/Learning/learning-management-system/server/src/libraries/common/sendResponse.js:5:33)\n    at errorHandlerMiddleware (/home/mdsalahuddin/Desktop/Learning/learning-management-system/server/src/middlewares/error-handling/index.js:31:3)\n    at /home/mdsalahuddin/Desktop/Learning/learning-management-system/server/src/server.js:73:5\n    at Layer.handle_error (/home/mdsalahuddin/Desktop/Learning/learning-management-system/server/node_modules/.pnpm/express@4.21.0/node_modules/express/lib/router/layer.js:71:5)\n    at trim_prefix (/home/mdsalahuddin/Desktop/Learning/learning-management-system/server/node_modules/.pnpm/express@4.21.0/node_modules/express/lib/router/index.js:326:13)\n    at /home/mdsalahuddin/Desktop/Learning/learning-management-system/server/node_modules/.pnpm/express@4.21.0/node_modules/express/lib/router/index.js:286:9","timestamp":"2024-10-05 17:08:58"}
{"level":"info","message":"Loading and validating config for the first time...","timestamp":"2024-10-05 17:09:57"}
{"level":"info","message":"Config loaded and validated","timestamp":"2024-10-05 17:09:57"}
{"level":"info","message":"Starting web server...","timestamp":"2024-10-05 17:09:57"}
{"level":"info","message":"Express middlewares are set up","timestamp":"2024-10-05 17:09:57"}
{"level":"info","message":"Defining routes...","timestamp":"2024-10-05 17:09:57"}
{"level":"info","message":"Setting up routes for model","timestamp":"2024-10-05 17:09:57"}
{"level":"info","message":"Setting up routes for model","timestamp":"2024-10-05 17:09:57"}
{"level":"info","message":"Routes defined","timestamp":"2024-10-05 17:09:57"}
{"level":"info","message":"Server is about to listen to port 5000","timestamp":"2024-10-05 17:09:57"}
{"level":"info","message":"Server is running on :::5000","timestamp":"2024-10-05 17:09:57"}
{"level":"info","message":"Connecting to MongoDB...","timestamp":"2024-10-05 17:09:57"}
{"level":"info","message":"MongoDB connection is open","timestamp":"2024-10-05 17:09:57"}
{"level":"info","message":"Connected to MongoDB","timestamp":"2024-10-05 17:09:57"}
{"level":"info","message":"Loading and validating config for the first time...","timestamp":"2024-10-05 17:10:27"}
{"level":"info","message":"Config loaded and validated","timestamp":"2024-10-05 17:10:27"}
{"level":"info","message":"Starting web server...","timestamp":"2024-10-05 17:10:27"}
{"level":"info","message":"Express middlewares are set up","timestamp":"2024-10-05 17:10:27"}
{"level":"info","message":"Defining routes...","timestamp":"2024-10-05 17:10:27"}
{"level":"info","message":"Setting up routes for model","timestamp":"2024-10-05 17:10:27"}
{"level":"info","message":"Setting up routes for model","timestamp":"2024-10-05 17:10:27"}
{"level":"info","message":"Routes defined","timestamp":"2024-10-05 17:10:27"}
{"level":"info","message":"Server is about to listen to port 5000","timestamp":"2024-10-05 17:10:27"}
{"level":"info","message":"Server is running on :::5000","timestamp":"2024-10-05 17:10:27"}
{"level":"info","message":"Connecting to MongoDB...","timestamp":"2024-10-05 17:10:27"}
{"level":"info","message":"MongoDB connection is open","timestamp":"2024-10-05 17:10:27"}
{"level":"info","message":"Connected to MongoDB","timestamp":"2024-10-05 17:10:27"}
{"level":"info","message":"GET /api/v1/users","timestamp":"2024-10-05 17:11:25"}
{"body":{},"level":"info","message":"GET /api/v1/users","params":{},"query":{},"timestamp":"2024-10-05 17:11:25"}
{"count":2,"filter":{},"level":"info","message":"search(): filter and count","timestamp":"2024-10-05 17:11:25"}
{"level":"info","message":"GET /api/v1/users","statusCode":200,"timestamp":"2024-10-05 17:11:25"}
{"level":"info","message":"GET /api/v1/users","timestamp":"2024-10-05 17:11:27"}
{"body":{},"level":"info","message":"GET /api/v1/users","params":{},"query":{},"timestamp":"2024-10-05 17:11:27"}
{"count":2,"filter":{},"level":"info","message":"search(): filter and count","timestamp":"2024-10-05 17:11:27"}
{"level":"info","message":"GET /api/v1/users","statusCode":304,"timestamp":"2024-10-05 17:11:27"}
{"level":"info","message":"GET /api/v1/users","timestamp":"2024-10-05 17:11:27"}
{"body":{},"level":"info","message":"GET /api/v1/users","params":{},"query":{},"timestamp":"2024-10-05 17:11:27"}
{"count":2,"filter":{},"level":"info","message":"search(): filter and count","timestamp":"2024-10-05 17:11:27"}
{"level":"info","message":"GET /api/v1/users","statusCode":304,"timestamp":"2024-10-05 17:11:27"}
{"level":"info","message":"GET /api/v1/users","timestamp":"2024-10-05 17:11:27"}
{"body":{},"level":"info","message":"GET /api/v1/users","params":{},"query":{},"timestamp":"2024-10-05 17:11:27"}
{"count":2,"filter":{},"level":"info","message":"search(): filter and count","timestamp":"2024-10-05 17:11:27"}
{"level":"info","message":"GET /api/v1/users","statusCode":304,"timestamp":"2024-10-05 17:11:27"}
{"level":"info","message":"GET /api/v1/users","timestamp":"2024-10-05 17:11:30"}
{"body":{},"level":"info","message":"GET /api/v1/users","params":{},"query":{},"timestamp":"2024-10-05 17:11:30"}
{"count":2,"filter":{},"level":"info","message":"search(): filter and count","timestamp":"2024-10-05 17:11:30"}
{"level":"info","message":"GET /api/v1/users","statusCode":304,"timestamp":"2024-10-05 17:11:30"}
{"level":"info","message":"GET /api/v1/users","timestamp":"2024-10-05 17:11:30"}
{"body":{},"level":"info","message":"GET /api/v1/users","params":{},"query":{},"timestamp":"2024-10-05 17:11:30"}
{"count":2,"filter":{},"level":"info","message":"search(): filter and count","timestamp":"2024-10-05 17:11:30"}
{"level":"info","message":"GET /api/v1/users","statusCode":304,"timestamp":"2024-10-05 17:11:30"}
{"level":"info","message":"GET /api/v1/users","timestamp":"2024-10-05 17:11:31"}
{"body":{},"level":"info","message":"GET /api/v1/users","params":{},"query":{},"timestamp":"2024-10-05 17:11:31"}
{"count":2,"filter":{},"level":"info","message":"search(): filter and count","timestamp":"2024-10-05 17:11:31"}
{"level":"info","message":"GET /api/v1/users","statusCode":304,"timestamp":"2024-10-05 17:11:31"}
{"level":"info","message":"GET /api/v1/users","timestamp":"2024-10-05 17:11:36"}
{"body":{},"level":"info","message":"GET /api/v1/users","params":{},"query":{},"timestamp":"2024-10-05 17:11:36"}
{"count":2,"filter":{},"level":"info","message":"search(): filter and count","timestamp":"2024-10-05 17:11:36"}
{"level":"info","message":"GET /api/v1/users","statusCode":304,"timestamp":"2024-10-05 17:11:36"}
{"level":"info","message":"Loading and validating config for the first time...","timestamp":"2024-10-05 17:13:12"}
{"level":"info","message":"Config loaded and validated","timestamp":"2024-10-05 17:13:12"}
{"level":"info","message":"Starting web server...","timestamp":"2024-10-05 17:13:12"}
{"level":"info","message":"Express middlewares are set up","timestamp":"2024-10-05 17:13:12"}
{"level":"info","message":"Defining routes...","timestamp":"2024-10-05 17:13:12"}
{"level":"info","message":"Setting up routes for model","timestamp":"2024-10-05 17:13:12"}
{"level":"info","message":"Setting up routes for model","timestamp":"2024-10-05 17:13:12"}
{"level":"info","message":"Routes defined","timestamp":"2024-10-05 17:13:12"}
{"level":"info","message":"Server is about to listen to port 5000","timestamp":"2024-10-05 17:13:12"}
{"level":"info","message":"Server is running on :::5000","timestamp":"2024-10-05 17:13:12"}
{"level":"info","message":"Connecting to MongoDB...","timestamp":"2024-10-05 17:13:12"}
{"level":"info","message":"MongoDB connection is open","timestamp":"2024-10-05 17:13:12"}
{"level":"info","message":"Connected to MongoDB","timestamp":"2024-10-05 17:13:12"}
{"level":"info","message":"Loading and validating config for the first time...","timestamp":"2024-10-05 17:13:15"}
{"level":"info","message":"Config loaded and validated","timestamp":"2024-10-05 17:13:15"}
{"level":"info","message":"Starting web server...","timestamp":"2024-10-05 17:13:15"}
{"level":"info","message":"Express middlewares are set up","timestamp":"2024-10-05 17:13:15"}
{"level":"info","message":"Defining routes...","timestamp":"2024-10-05 17:13:15"}
{"level":"info","message":"Setting up routes for model","timestamp":"2024-10-05 17:13:15"}
{"level":"info","message":"Setting up routes for model","timestamp":"2024-10-05 17:13:15"}
{"level":"info","message":"Routes defined","timestamp":"2024-10-05 17:13:15"}
{"level":"info","message":"Server is about to listen to port 5000","timestamp":"2024-10-05 17:13:15"}
{"level":"info","message":"Server is running on :::5000","timestamp":"2024-10-05 17:13:15"}
{"level":"info","message":"Connecting to MongoDB...","timestamp":"2024-10-05 17:13:15"}
{"level":"info","message":"MongoDB connection is open","timestamp":"2024-10-05 17:13:15"}
{"level":"info","message":"Connected to MongoDB","timestamp":"2024-10-05 17:13:15"}
{"level":"info","message":"Loading and validating config for the first time...","timestamp":"2024-10-05 17:13:24"}
{"level":"info","message":"Config loaded and validated","timestamp":"2024-10-05 17:13:24"}
{"level":"info","message":"Starting web server...","timestamp":"2024-10-05 17:13:24"}
{"level":"info","message":"Express middlewares are set up","timestamp":"2024-10-05 17:13:24"}
{"level":"info","message":"Defining routes...","timestamp":"2024-10-05 17:13:24"}
{"level":"info","message":"Setting up routes for model","timestamp":"2024-10-05 17:13:24"}
{"level":"info","message":"Setting up routes for model","timestamp":"2024-10-05 17:13:24"}
{"level":"info","message":"Routes defined","timestamp":"2024-10-05 17:13:24"}
{"level":"info","message":"Server is about to listen to port 5000","timestamp":"2024-10-05 17:13:24"}
{"level":"info","message":"Server is running on :::5000","timestamp":"2024-10-05 17:13:24"}
{"level":"info","message":"Connecting to MongoDB...","timestamp":"2024-10-05 17:13:24"}
{"level":"info","message":"MongoDB connection is open","timestamp":"2024-10-05 17:13:24"}
{"level":"info","message":"Connected to MongoDB","timestamp":"2024-10-05 17:13:24"}
{"level":"info","message":"POST /api/v1/auth/register","timestamp":"2024-10-05 17:13:27"}
{"body":{"email":"ferdoushasan@gmail.com","name":"Ferdous Hasan"},"level":"info","message":"POST /api/v1/auth/register","params":{},"query":{},"timestamp":"2024-10-05 17:13:27"}
{"errors":["\"password\" is required"],"level":"error","message":"POST /api/v1/auth/register Validation failed","timestamp":"2024-10-05 17:13:27"}
{"level":"info","message":"POST /api/v1/auth/register","statusCode":400,"timestamp":"2024-10-05 17:13:27"}
{"HTTPStatus":400,"cause":null,"isTrusted":true,"level":"error","message":"create(): Failed to create model Email is already taken","name":"Email is already taken","stack":"Email is already taken: Email is already taken\n    at register (/home/mdsalahuddin/Desktop/Learning/learning-management-system/server/src/domains/auth/service.js:13:13)\n    at process.processTicksAndRejections (node:internal/process/task_queues:95:5)\n    at async /home/mdsalahuddin/Desktop/Learning/learning-management-system/server/src/domains/auth/api.js:28:22","timestamp":"2024-10-05 17:13:27"}
{"HTTPStatus":500,"cause":null,"isTrusted":true,"level":"error","message":"Email is already taken","name":"Failed to create model","statusCode":500,"timestamp":"2024-10-05 17:13:27"}
{"HTTPStatus":500,"cause":null,"isTrusted":true,"level":"error","message":"Cannot set headers after they are sent to the client Cannot set headers after they are sent to the client","name":"Error","stack":"Error [ERR_HTTP_HEADERS_SENT]: Cannot set headers after they are sent to the client\n    at ServerResponse.setHeader (node:_http_outgoing:659:11)\n    at ServerResponse.header (/home/mdsalahuddin/Desktop/Learning/learning-management-system/server/node_modules/.pnpm/express@4.21.0/node_modules/express/lib/response.js:794:10)\n    at ServerResponse.send (/home/mdsalahuddin/Desktop/Learning/learning-management-system/server/node_modules/.pnpm/express@4.21.0/node_modules/express/lib/response.js:174:12)\n    at ServerResponse.json (/home/mdsalahuddin/Desktop/Learning/learning-management-system/server/node_modules/.pnpm/express@4.21.0/node_modules/express/lib/response.js:278:15)\n    at errorResponse (/home/mdsalahuddin/Desktop/Learning/learning-management-system/server/src/libraries/common/sendResponse.js:5:33)\n    at errorHandlerMiddleware (/home/mdsalahuddin/Desktop/Learning/learning-management-system/server/src/middlewares/error-handling/index.js:31:3)\n    at /home/mdsalahuddin/Desktop/Learning/learning-management-system/server/src/server.js:73:5\n    at Layer.handle_error (/home/mdsalahuddin/Desktop/Learning/learning-management-system/server/node_modules/.pnpm/express@4.21.0/node_modules/express/lib/router/layer.js:71:5)\n    at trim_prefix (/home/mdsalahuddin/Desktop/Learning/learning-management-system/server/node_modules/.pnpm/express@4.21.0/node_modules/express/lib/router/index.js:326:13)\n    at /home/mdsalahuddin/Desktop/Learning/learning-management-system/server/node_modules/.pnpm/express@4.21.0/node_modules/express/lib/router/index.js:286:9","timestamp":"2024-10-05 17:13:27"}
{"level":"info","message":"Loading and validating config for the first time...","timestamp":"2024-10-05 17:15:57"}
{"level":"info","message":"Config loaded and validated","timestamp":"2024-10-05 17:15:57"}
{"level":"info","message":"Starting web server...","timestamp":"2024-10-05 17:15:57"}
{"level":"info","message":"Express middlewares are set up","timestamp":"2024-10-05 17:15:57"}
{"level":"info","message":"Defining routes...","timestamp":"2024-10-05 17:15:57"}
{"level":"info","message":"Setting up routes for model","timestamp":"2024-10-05 17:15:57"}
{"level":"info","message":"Setting up routes for model","timestamp":"2024-10-05 17:15:57"}
{"level":"info","message":"Routes defined","timestamp":"2024-10-05 17:15:57"}
{"level":"info","message":"Server is about to listen to port 5000","timestamp":"2024-10-05 17:15:57"}
{"level":"info","message":"Server is running on :::5000","timestamp":"2024-10-05 17:15:57"}
{"level":"info","message":"Connecting to MongoDB...","timestamp":"2024-10-05 17:15:57"}
{"level":"info","message":"MongoDB connection is open","timestamp":"2024-10-05 17:15:57"}
{"level":"info","message":"Connected to MongoDB","timestamp":"2024-10-05 17:15:57"}
{"level":"info","message":"POST /api/v1/auth/register","timestamp":"2024-10-05 17:16:04"}
{"body":{"email":"ferdoushasan@gmail.com","name":"Ferdous Hasan"},"level":"info","message":"POST /api/v1/auth/register","params":{},"query":{},"timestamp":"2024-10-05 17:16:04"}
{"errors":["\"password\" is required","\"test\" is required"],"level":"error","message":"POST /api/v1/auth/register Validation failed","timestamp":"2024-10-05 17:16:04"}
{"level":"info","message":"POST /api/v1/auth/register","statusCode":400,"timestamp":"2024-10-05 17:16:04"}
{"HTTPStatus":400,"cause":null,"isTrusted":true,"level":"error","message":"create(): Failed to create model Email is already taken","name":"Email is already taken","stack":"Email is already taken: Email is already taken\n    at register (/home/mdsalahuddin/Desktop/Learning/learning-management-system/server/src/domains/auth/service.js:13:13)\n    at process.processTicksAndRejections (node:internal/process/task_queues:95:5)\n    at async /home/mdsalahuddin/Desktop/Learning/learning-management-system/server/src/domains/auth/api.js:28:22","timestamp":"2024-10-05 17:16:04"}
{"HTTPStatus":500,"cause":null,"isTrusted":true,"level":"error","message":"Email is already taken","name":"Failed to create model","statusCode":500,"timestamp":"2024-10-05 17:16:04"}
{"HTTPStatus":500,"cause":null,"isTrusted":true,"level":"error","message":"Cannot set headers after they are sent to the client Cannot set headers after they are sent to the client","name":"Error","stack":"Error [ERR_HTTP_HEADERS_SENT]: Cannot set headers after they are sent to the client\n    at ServerResponse.setHeader (node:_http_outgoing:659:11)\n    at ServerResponse.header (/home/mdsalahuddin/Desktop/Learning/learning-management-system/server/node_modules/.pnpm/express@4.21.0/node_modules/express/lib/response.js:794:10)\n    at ServerResponse.send (/home/mdsalahuddin/Desktop/Learning/learning-management-system/server/node_modules/.pnpm/express@4.21.0/node_modules/express/lib/response.js:174:12)\n    at ServerResponse.json (/home/mdsalahuddin/Desktop/Learning/learning-management-system/server/node_modules/.pnpm/express@4.21.0/node_modules/express/lib/response.js:278:15)\n    at errorResponse (/home/mdsalahuddin/Desktop/Learning/learning-management-system/server/src/libraries/common/sendResponse.js:5:33)\n    at errorHandlerMiddleware (/home/mdsalahuddin/Desktop/Learning/learning-management-system/server/src/middlewares/error-handling/index.js:31:3)\n    at /home/mdsalahuddin/Desktop/Learning/learning-management-system/server/src/server.js:73:5\n    at Layer.handle_error (/home/mdsalahuddin/Desktop/Learning/learning-management-system/server/node_modules/.pnpm/express@4.21.0/node_modules/express/lib/router/layer.js:71:5)\n    at trim_prefix (/home/mdsalahuddin/Desktop/Learning/learning-management-system/server/node_modules/.pnpm/express@4.21.0/node_modules/express/lib/router/index.js:326:13)\n    at /home/mdsalahuddin/Desktop/Learning/learning-management-system/server/node_modules/.pnpm/express@4.21.0/node_modules/express/lib/router/index.js:286:9","timestamp":"2024-10-05 17:16:04"}
{"level":"info","message":"Loading and validating config for the first time...","timestamp":"2024-10-05 17:17:24"}
{"level":"info","message":"Config loaded and validated","timestamp":"2024-10-05 17:17:24"}
{"level":"info","message":"Starting web server...","timestamp":"2024-10-05 17:17:24"}
{"level":"info","message":"Express middlewares are set up","timestamp":"2024-10-05 17:17:24"}
{"level":"info","message":"Defining routes...","timestamp":"2024-10-05 17:17:24"}
{"level":"info","message":"Setting up routes for model","timestamp":"2024-10-05 17:17:24"}
{"level":"info","message":"Setting up routes for model","timestamp":"2024-10-05 17:17:24"}
{"level":"info","message":"Routes defined","timestamp":"2024-10-05 17:17:24"}
{"level":"info","message":"Server is about to listen to port 5000","timestamp":"2024-10-05 17:17:24"}
{"level":"info","message":"Server is running on :::5000","timestamp":"2024-10-05 17:17:24"}
{"level":"info","message":"Connecting to MongoDB...","timestamp":"2024-10-05 17:17:24"}
{"level":"info","message":"MongoDB connection is open","timestamp":"2024-10-05 17:17:25"}
{"level":"info","message":"Connected to MongoDB","timestamp":"2024-10-05 17:17:25"}
{"level":"info","message":"POST /api/v1/auth/register","timestamp":"2024-10-05 17:18:06"}
{"body":{"email":"ferdoushasan@gmail.com","name":"Ferdous Hasan"},"level":"info","message":"POST /api/v1/auth/register","params":{},"query":{},"timestamp":"2024-10-05 17:18:06"}
{"errors":["\"password\" is required","test object is required"],"level":"error","message":"POST /api/v1/auth/register Validation failed","timestamp":"2024-10-05 17:18:06"}
{"level":"info","message":"POST /api/v1/auth/register","statusCode":400,"timestamp":"2024-10-05 17:18:06"}
{"HTTPStatus":400,"cause":null,"isTrusted":true,"level":"error","message":"create(): Failed to create model Email is already taken","name":"Email is already taken","stack":"Email is already taken: Email is already taken\n    at register (/home/mdsalahuddin/Desktop/Learning/learning-management-system/server/src/domains/auth/service.js:13:13)\n    at process.processTicksAndRejections (node:internal/process/task_queues:95:5)\n    at async /home/mdsalahuddin/Desktop/Learning/learning-management-system/server/src/domains/auth/api.js:28:22","timestamp":"2024-10-05 17:18:06"}
{"HTTPStatus":500,"cause":null,"isTrusted":true,"level":"error","message":"Email is already taken","name":"Failed to create model","statusCode":500,"timestamp":"2024-10-05 17:18:06"}
{"HTTPStatus":500,"cause":null,"isTrusted":true,"level":"error","message":"Cannot set headers after they are sent to the client Cannot set headers after they are sent to the client","name":"Error","stack":"Error [ERR_HTTP_HEADERS_SENT]: Cannot set headers after they are sent to the client\n    at ServerResponse.setHeader (node:_http_outgoing:659:11)\n    at ServerResponse.header (/home/mdsalahuddin/Desktop/Learning/learning-management-system/server/node_modules/.pnpm/express@4.21.0/node_modules/express/lib/response.js:794:10)\n    at ServerResponse.send (/home/mdsalahuddin/Desktop/Learning/learning-management-system/server/node_modules/.pnpm/express@4.21.0/node_modules/express/lib/response.js:174:12)\n    at ServerResponse.json (/home/mdsalahuddin/Desktop/Learning/learning-management-system/server/node_modules/.pnpm/express@4.21.0/node_modules/express/lib/response.js:278:15)\n    at errorResponse (/home/mdsalahuddin/Desktop/Learning/learning-management-system/server/src/libraries/common/sendResponse.js:5:33)\n    at errorHandlerMiddleware (/home/mdsalahuddin/Desktop/Learning/learning-management-system/server/src/middlewares/error-handling/index.js:31:3)\n    at /home/mdsalahuddin/Desktop/Learning/learning-management-system/server/src/server.js:73:5\n    at Layer.handle_error (/home/mdsalahuddin/Desktop/Learning/learning-management-system/server/node_modules/.pnpm/express@4.21.0/node_modules/express/lib/router/layer.js:71:5)\n    at trim_prefix (/home/mdsalahuddin/Desktop/Learning/learning-management-system/server/node_modules/.pnpm/express@4.21.0/node_modules/express/lib/router/index.js:326:13)\n    at /home/mdsalahuddin/Desktop/Learning/learning-management-system/server/node_modules/.pnpm/express@4.21.0/node_modules/express/lib/router/index.js:286:9","timestamp":"2024-10-05 17:18:06"}
{"level":"info","message":"Loading and validating config for the first time...","timestamp":"2024-10-05 17:19:11"}
{"level":"info","message":"Config loaded and validated","timestamp":"2024-10-05 17:19:11"}
{"level":"info","message":"Starting web server...","timestamp":"2024-10-05 17:19:11"}
{"level":"info","message":"Express middlewares are set up","timestamp":"2024-10-05 17:19:11"}
{"level":"info","message":"Defining routes...","timestamp":"2024-10-05 17:19:11"}
{"level":"info","message":"Setting up routes for model","timestamp":"2024-10-05 17:19:11"}
{"level":"info","message":"Setting up routes for model","timestamp":"2024-10-05 17:19:11"}
{"level":"info","message":"Routes defined","timestamp":"2024-10-05 17:19:11"}
{"level":"info","message":"Server is about to listen to port 5000","timestamp":"2024-10-05 17:19:11"}
{"level":"info","message":"Server is running on :::5000","timestamp":"2024-10-05 17:19:11"}
{"level":"info","message":"Connecting to MongoDB...","timestamp":"2024-10-05 17:19:11"}
{"level":"info","message":"MongoDB connection is open","timestamp":"2024-10-05 17:19:11"}
{"level":"info","message":"Connected to MongoDB","timestamp":"2024-10-05 17:19:11"}
{"level":"info","message":"POST /api/v1/auth/register","timestamp":"2024-10-05 17:19:19"}
{"body":{"email":"ferdoushasan@gmail.com","name":"Ferdous Hasan"},"level":"info","message":"POST /api/v1/auth/register","params":{},"query":{},"timestamp":"2024-10-05 17:19:19"}
{"errors":["\"password\" is required","\"test\" is required"],"level":"error","message":"POST /api/v1/auth/register Validation failed","timestamp":"2024-10-05 17:19:19"}
{"level":"info","message":"POST /api/v1/auth/register","statusCode":400,"timestamp":"2024-10-05 17:19:19"}
{"HTTPStatus":400,"cause":null,"isTrusted":true,"level":"error","message":"create(): Failed to create model Email is already taken","name":"Email is already taken","stack":"Email is already taken: Email is already taken\n    at register (/home/mdsalahuddin/Desktop/Learning/learning-management-system/server/src/domains/auth/service.js:13:13)\n    at process.processTicksAndRejections (node:internal/process/task_queues:95:5)\n    at async /home/mdsalahuddin/Desktop/Learning/learning-management-system/server/src/domains/auth/api.js:28:22","timestamp":"2024-10-05 17:19:19"}
{"HTTPStatus":500,"cause":null,"isTrusted":true,"level":"error","message":"Email is already taken","name":"Failed to create model","statusCode":500,"timestamp":"2024-10-05 17:19:19"}
{"HTTPStatus":500,"cause":null,"isTrusted":true,"level":"error","message":"Cannot set headers after they are sent to the client Cannot set headers after they are sent to the client","name":"Error","stack":"Error [ERR_HTTP_HEADERS_SENT]: Cannot set headers after they are sent to the client\n    at ServerResponse.setHeader (node:_http_outgoing:659:11)\n    at ServerResponse.header (/home/mdsalahuddin/Desktop/Learning/learning-management-system/server/node_modules/.pnpm/express@4.21.0/node_modules/express/lib/response.js:794:10)\n    at ServerResponse.send (/home/mdsalahuddin/Desktop/Learning/learning-management-system/server/node_modules/.pnpm/express@4.21.0/node_modules/express/lib/response.js:174:12)\n    at ServerResponse.json (/home/mdsalahuddin/Desktop/Learning/learning-management-system/server/node_modules/.pnpm/express@4.21.0/node_modules/express/lib/response.js:278:15)\n    at errorResponse (/home/mdsalahuddin/Desktop/Learning/learning-management-system/server/src/libraries/common/sendResponse.js:5:33)\n    at errorHandlerMiddleware (/home/mdsalahuddin/Desktop/Learning/learning-management-system/server/src/middlewares/error-handling/index.js:31:3)\n    at /home/mdsalahuddin/Desktop/Learning/learning-management-system/server/src/server.js:73:5\n    at Layer.handle_error (/home/mdsalahuddin/Desktop/Learning/learning-management-system/server/node_modules/.pnpm/express@4.21.0/node_modules/express/lib/router/layer.js:71:5)\n    at trim_prefix (/home/mdsalahuddin/Desktop/Learning/learning-management-system/server/node_modules/.pnpm/express@4.21.0/node_modules/express/lib/router/index.js:326:13)\n    at /home/mdsalahuddin/Desktop/Learning/learning-management-system/server/node_modules/.pnpm/express@4.21.0/node_modules/express/lib/router/index.js:286:9","timestamp":"2024-10-05 17:19:19"}
{"level":"info","message":"POST /api/v1/auth/register","timestamp":"2024-10-05 17:19:57"}
{"body":{"email":"ferdoushasan@gmail.com","name":"Ferdous Hasan"},"level":"info","message":"POST /api/v1/auth/register","params":{},"query":{},"timestamp":"2024-10-05 17:19:57"}
{"errors":["\"password\" is required","\"test\" is required"],"level":"error","message":"POST /api/v1/auth/register Validation failed","timestamp":"2024-10-05 17:19:57"}
{"level":"info","message":"POST /api/v1/auth/register","statusCode":400,"timestamp":"2024-10-05 17:19:57"}
{"HTTPStatus":400,"cause":null,"isTrusted":true,"level":"error","message":"create(): Failed to create model Email is already taken","name":"Email is already taken","stack":"Email is already taken: Email is already taken\n    at register (/home/mdsalahuddin/Desktop/Learning/learning-management-system/server/src/domains/auth/service.js:13:13)\n    at process.processTicksAndRejections (node:internal/process/task_queues:95:5)\n    at async /home/mdsalahuddin/Desktop/Learning/learning-management-system/server/src/domains/auth/api.js:28:22","timestamp":"2024-10-05 17:19:57"}
{"HTTPStatus":500,"cause":null,"isTrusted":true,"level":"error","message":"Email is already taken","name":"Failed to create model","statusCode":500,"timestamp":"2024-10-05 17:19:57"}
{"HTTPStatus":500,"cause":null,"isTrusted":true,"level":"error","message":"Cannot set headers after they are sent to the client Cannot set headers after they are sent to the client","name":"Error","stack":"Error [ERR_HTTP_HEADERS_SENT]: Cannot set headers after they are sent to the client\n    at ServerResponse.setHeader (node:_http_outgoing:659:11)\n    at ServerResponse.header (/home/mdsalahuddin/Desktop/Learning/learning-management-system/server/node_modules/.pnpm/express@4.21.0/node_modules/express/lib/response.js:794:10)\n    at ServerResponse.send (/home/mdsalahuddin/Desktop/Learning/learning-management-system/server/node_modules/.pnpm/express@4.21.0/node_modules/express/lib/response.js:174:12)\n    at ServerResponse.json (/home/mdsalahuddin/Desktop/Learning/learning-management-system/server/node_modules/.pnpm/express@4.21.0/node_modules/express/lib/response.js:278:15)\n    at errorResponse (/home/mdsalahuddin/Desktop/Learning/learning-management-system/server/src/libraries/common/sendResponse.js:5:33)\n    at errorHandlerMiddleware (/home/mdsalahuddin/Desktop/Learning/learning-management-system/server/src/middlewares/error-handling/index.js:31:3)\n    at /home/mdsalahuddin/Desktop/Learning/learning-management-system/server/src/server.js:73:5\n    at Layer.handle_error (/home/mdsalahuddin/Desktop/Learning/learning-management-system/server/node_modules/.pnpm/express@4.21.0/node_modules/express/lib/router/layer.js:71:5)\n    at trim_prefix (/home/mdsalahuddin/Desktop/Learning/learning-management-system/server/node_modules/.pnpm/express@4.21.0/node_modules/express/lib/router/index.js:326:13)\n    at /home/mdsalahuddin/Desktop/Learning/learning-management-system/server/node_modules/.pnpm/express@4.21.0/node_modules/express/lib/router/index.js:286:9","timestamp":"2024-10-05 17:19:57"}
{"level":"info","message":"Loading and validating config for the first time...","timestamp":"2024-10-05 17:20:24"}
{"level":"info","message":"Config loaded and validated","timestamp":"2024-10-05 17:20:24"}
{"level":"info","message":"Starting web server...","timestamp":"2024-10-05 17:20:25"}
{"level":"info","message":"Express middlewares are set up","timestamp":"2024-10-05 17:20:25"}
{"level":"info","message":"Defining routes...","timestamp":"2024-10-05 17:20:25"}
{"level":"info","message":"Setting up routes for model","timestamp":"2024-10-05 17:20:25"}
{"level":"info","message":"Setting up routes for model","timestamp":"2024-10-05 17:20:25"}
{"level":"info","message":"Routes defined","timestamp":"2024-10-05 17:20:25"}
{"level":"info","message":"Server is about to listen to port 5000","timestamp":"2024-10-05 17:20:25"}
{"level":"info","message":"Server is running on :::5000","timestamp":"2024-10-05 17:20:25"}
{"level":"info","message":"Connecting to MongoDB...","timestamp":"2024-10-05 17:20:25"}
{"level":"info","message":"MongoDB connection is open","timestamp":"2024-10-05 17:20:25"}
{"level":"info","message":"Connected to MongoDB","timestamp":"2024-10-05 17:20:25"}
{"level":"info","message":"POST /api/v1/auth/register","timestamp":"2024-10-05 17:20:27"}
{"body":{"email":"ferdoushasan@gmail.com","name":"Ferdous Hasan"},"level":"info","message":"POST /api/v1/auth/register","params":{},"query":{},"timestamp":"2024-10-05 17:20:27"}
{"errors":["\"password\" is required","\"test\" is required"],"level":"error","message":"POST /api/v1/auth/register Validation failed","timestamp":"2024-10-05 17:20:27"}
{"level":"info","message":"POST /api/v1/auth/register","statusCode":400,"timestamp":"2024-10-05 17:20:27"}
{"HTTPStatus":400,"cause":null,"isTrusted":true,"level":"error","message":"create(): Failed to create model Email is already taken","name":"Email is already taken","stack":"Email is already taken: Email is already taken\n    at register (/home/mdsalahuddin/Desktop/Learning/learning-management-system/server/src/domains/auth/service.js:13:13)\n    at process.processTicksAndRejections (node:internal/process/task_queues:95:5)\n    at async /home/mdsalahuddin/Desktop/Learning/learning-management-system/server/src/domains/auth/api.js:28:22","timestamp":"2024-10-05 17:20:27"}
{"HTTPStatus":500,"cause":null,"isTrusted":true,"level":"error","message":"Email is already taken","name":"Failed to create model","statusCode":500,"timestamp":"2024-10-05 17:20:27"}
{"HTTPStatus":500,"cause":null,"isTrusted":true,"level":"error","message":"Cannot set headers after they are sent to the client Cannot set headers after they are sent to the client","name":"Error","stack":"Error [ERR_HTTP_HEADERS_SENT]: Cannot set headers after they are sent to the client\n    at ServerResponse.setHeader (node:_http_outgoing:659:11)\n    at ServerResponse.header (/home/mdsalahuddin/Desktop/Learning/learning-management-system/server/node_modules/.pnpm/express@4.21.0/node_modules/express/lib/response.js:794:10)\n    at ServerResponse.send (/home/mdsalahuddin/Desktop/Learning/learning-management-system/server/node_modules/.pnpm/express@4.21.0/node_modules/express/lib/response.js:174:12)\n    at ServerResponse.json (/home/mdsalahuddin/Desktop/Learning/learning-management-system/server/node_modules/.pnpm/express@4.21.0/node_modules/express/lib/response.js:278:15)\n    at errorResponse (/home/mdsalahuddin/Desktop/Learning/learning-management-system/server/src/libraries/common/sendResponse.js:5:33)\n    at errorHandlerMiddleware (/home/mdsalahuddin/Desktop/Learning/learning-management-system/server/src/middlewares/error-handling/index.js:31:3)\n    at /home/mdsalahuddin/Desktop/Learning/learning-management-system/server/src/server.js:73:5\n    at Layer.handle_error (/home/mdsalahuddin/Desktop/Learning/learning-management-system/server/node_modules/.pnpm/express@4.21.0/node_modules/express/lib/router/layer.js:71:5)\n    at trim_prefix (/home/mdsalahuddin/Desktop/Learning/learning-management-system/server/node_modules/.pnpm/express@4.21.0/node_modules/express/lib/router/index.js:326:13)\n    at /home/mdsalahuddin/Desktop/Learning/learning-management-system/server/node_modules/.pnpm/express@4.21.0/node_modules/express/lib/router/index.js:286:9","timestamp":"2024-10-05 17:20:27"}
{"level":"info","message":"POST /api/v1/auth/register","timestamp":"2024-10-05 17:20:46"}
{"body":{"email":"ferdoushasan@gmail.com","name":"Ferdous Hasan","test":{}},"level":"info","message":"POST /api/v1/auth/register","params":{},"query":{},"timestamp":"2024-10-05 17:20:46"}
{"errors":["\"password\" is required","\"test.testName\" is required","\"test.testKey\" is required"],"level":"error","message":"POST /api/v1/auth/register Validation failed","timestamp":"2024-10-05 17:20:46"}
{"level":"info","message":"POST /api/v1/auth/register","statusCode":400,"timestamp":"2024-10-05 17:20:46"}
{"HTTPStatus":400,"cause":null,"isTrusted":true,"level":"error","message":"create(): Failed to create model Email is already taken","name":"Email is already taken","stack":"Email is already taken: Email is already taken\n    at register (/home/mdsalahuddin/Desktop/Learning/learning-management-system/server/src/domains/auth/service.js:13:13)\n    at process.processTicksAndRejections (node:internal/process/task_queues:95:5)\n    at async /home/mdsalahuddin/Desktop/Learning/learning-management-system/server/src/domains/auth/api.js:28:22","timestamp":"2024-10-05 17:20:46"}
{"HTTPStatus":500,"cause":null,"isTrusted":true,"level":"error","message":"Email is already taken","name":"Failed to create model","statusCode":500,"timestamp":"2024-10-05 17:20:46"}
{"HTTPStatus":500,"cause":null,"isTrusted":true,"level":"error","message":"Cannot set headers after they are sent to the client Cannot set headers after they are sent to the client","name":"Error","stack":"Error [ERR_HTTP_HEADERS_SENT]: Cannot set headers after they are sent to the client\n    at ServerResponse.setHeader (node:_http_outgoing:659:11)\n    at ServerResponse.header (/home/mdsalahuddin/Desktop/Learning/learning-management-system/server/node_modules/.pnpm/express@4.21.0/node_modules/express/lib/response.js:794:10)\n    at ServerResponse.send (/home/mdsalahuddin/Desktop/Learning/learning-management-system/server/node_modules/.pnpm/express@4.21.0/node_modules/express/lib/response.js:174:12)\n    at ServerResponse.json (/home/mdsalahuddin/Desktop/Learning/learning-management-system/server/node_modules/.pnpm/express@4.21.0/node_modules/express/lib/response.js:278:15)\n    at errorResponse (/home/mdsalahuddin/Desktop/Learning/learning-management-system/server/src/libraries/common/sendResponse.js:5:33)\n    at errorHandlerMiddleware (/home/mdsalahuddin/Desktop/Learning/learning-management-system/server/src/middlewares/error-handling/index.js:31:3)\n    at /home/mdsalahuddin/Desktop/Learning/learning-management-system/server/src/server.js:73:5\n    at Layer.handle_error (/home/mdsalahuddin/Desktop/Learning/learning-management-system/server/node_modules/.pnpm/express@4.21.0/node_modules/express/lib/router/layer.js:71:5)\n    at trim_prefix (/home/mdsalahuddin/Desktop/Learning/learning-management-system/server/node_modules/.pnpm/express@4.21.0/node_modules/express/lib/router/index.js:326:13)\n    at /home/mdsalahuddin/Desktop/Learning/learning-management-system/server/node_modules/.pnpm/express@4.21.0/node_modules/express/lib/router/index.js:286:9","timestamp":"2024-10-05 17:20:46"}
{"level":"info","message":"POST /api/v1/auth/register","timestamp":"2024-10-05 17:23:42"}
{"body":{"email":"ferdoushasan@gmail.com","name":"Ferdous Hasan","test":{}},"level":"info","message":"POST /api/v1/auth/register","params":{},"query":{},"timestamp":"2024-10-05 17:23:42"}
{"errors":["\"password\" is required","\"test.testName\" is required","\"test.testKey\" is required"],"level":"error","message":"POST /api/v1/auth/register Validation failed","timestamp":"2024-10-05 17:23:42"}
{"level":"info","message":"POST /api/v1/auth/register","statusCode":400,"timestamp":"2024-10-05 17:23:42"}
{"HTTPStatus":400,"cause":null,"isTrusted":true,"level":"error","message":"create(): Failed to create model Email is already taken","name":"Email is already taken","stack":"Email is already taken: Email is already taken\n    at register (/home/mdsalahuddin/Desktop/Learning/learning-management-system/server/src/domains/auth/service.js:13:13)\n    at process.processTicksAndRejections (node:internal/process/task_queues:95:5)\n    at async /home/mdsalahuddin/Desktop/Learning/learning-management-system/server/src/domains/auth/api.js:28:22","timestamp":"2024-10-05 17:23:42"}
{"HTTPStatus":500,"cause":null,"isTrusted":true,"level":"error","message":"Email is already taken","name":"Failed to create model","statusCode":500,"timestamp":"2024-10-05 17:23:42"}
{"HTTPStatus":500,"cause":null,"isTrusted":true,"level":"error","message":"Cannot set headers after they are sent to the client Cannot set headers after they are sent to the client","name":"Error","stack":"Error [ERR_HTTP_HEADERS_SENT]: Cannot set headers after they are sent to the client\n    at ServerResponse.setHeader (node:_http_outgoing:659:11)\n    at ServerResponse.header (/home/mdsalahuddin/Desktop/Learning/learning-management-system/server/node_modules/.pnpm/express@4.21.0/node_modules/express/lib/response.js:794:10)\n    at ServerResponse.send (/home/mdsalahuddin/Desktop/Learning/learning-management-system/server/node_modules/.pnpm/express@4.21.0/node_modules/express/lib/response.js:174:12)\n    at ServerResponse.json (/home/mdsalahuddin/Desktop/Learning/learning-management-system/server/node_modules/.pnpm/express@4.21.0/node_modules/express/lib/response.js:278:15)\n    at errorResponse (/home/mdsalahuddin/Desktop/Learning/learning-management-system/server/src/libraries/common/sendResponse.js:5:33)\n    at errorHandlerMiddleware (/home/mdsalahuddin/Desktop/Learning/learning-management-system/server/src/middlewares/error-handling/index.js:31:3)\n    at /home/mdsalahuddin/Desktop/Learning/learning-management-system/server/src/server.js:73:5\n    at Layer.handle_error (/home/mdsalahuddin/Desktop/Learning/learning-management-system/server/node_modules/.pnpm/express@4.21.0/node_modules/express/lib/router/layer.js:71:5)\n    at trim_prefix (/home/mdsalahuddin/Desktop/Learning/learning-management-system/server/node_modules/.pnpm/express@4.21.0/node_modules/express/lib/router/index.js:326:13)\n    at /home/mdsalahuddin/Desktop/Learning/learning-management-system/server/node_modules/.pnpm/express@4.21.0/node_modules/express/lib/router/index.js:286:9","timestamp":"2024-10-05 17:23:42"}
{"level":"info","message":"POST /api/v1/auth/register","timestamp":"2024-10-05 17:23:45"}
{"body":{"email":"ferdoushasan@gmail.com","name":"Ferdous Hasan","test":{}},"level":"info","message":"POST /api/v1/auth/register","params":{},"query":{},"timestamp":"2024-10-05 17:23:45"}
{"errors":["\"password\" is required","\"test.testName\" is required","\"test.testKey\" is required"],"level":"error","message":"POST /api/v1/auth/register Validation failed","timestamp":"2024-10-05 17:23:45"}
{"level":"info","message":"POST /api/v1/auth/register","statusCode":400,"timestamp":"2024-10-05 17:23:45"}
{"HTTPStatus":400,"cause":null,"isTrusted":true,"level":"error","message":"create(): Failed to create model Email is already taken","name":"Email is already taken","stack":"Email is already taken: Email is already taken\n    at register (/home/mdsalahuddin/Desktop/Learning/learning-management-system/server/src/domains/auth/service.js:13:13)\n    at process.processTicksAndRejections (node:internal/process/task_queues:95:5)\n    at async /home/mdsalahuddin/Desktop/Learning/learning-management-system/server/src/domains/auth/api.js:28:22","timestamp":"2024-10-05 17:23:45"}
{"HTTPStatus":500,"cause":null,"isTrusted":true,"level":"error","message":"Email is already taken","name":"Failed to create model","statusCode":500,"timestamp":"2024-10-05 17:23:45"}
{"HTTPStatus":500,"cause":null,"isTrusted":true,"level":"error","message":"Cannot set headers after they are sent to the client Cannot set headers after they are sent to the client","name":"Error","stack":"Error [ERR_HTTP_HEADERS_SENT]: Cannot set headers after they are sent to the client\n    at ServerResponse.setHeader (node:_http_outgoing:659:11)\n    at ServerResponse.header (/home/mdsalahuddin/Desktop/Learning/learning-management-system/server/node_modules/.pnpm/express@4.21.0/node_modules/express/lib/response.js:794:10)\n    at ServerResponse.send (/home/mdsalahuddin/Desktop/Learning/learning-management-system/server/node_modules/.pnpm/express@4.21.0/node_modules/express/lib/response.js:174:12)\n    at ServerResponse.json (/home/mdsalahuddin/Desktop/Learning/learning-management-system/server/node_modules/.pnpm/express@4.21.0/node_modules/express/lib/response.js:278:15)\n    at errorResponse (/home/mdsalahuddin/Desktop/Learning/learning-management-system/server/src/libraries/common/sendResponse.js:5:33)\n    at errorHandlerMiddleware (/home/mdsalahuddin/Desktop/Learning/learning-management-system/server/src/middlewares/error-handling/index.js:31:3)\n    at /home/mdsalahuddin/Desktop/Learning/learning-management-system/server/src/server.js:73:5\n    at Layer.handle_error (/home/mdsalahuddin/Desktop/Learning/learning-management-system/server/node_modules/.pnpm/express@4.21.0/node_modules/express/lib/router/layer.js:71:5)\n    at trim_prefix (/home/mdsalahuddin/Desktop/Learning/learning-management-system/server/node_modules/.pnpm/express@4.21.0/node_modules/express/lib/router/index.js:326:13)\n    at /home/mdsalahuddin/Desktop/Learning/learning-management-system/server/node_modules/.pnpm/express@4.21.0/node_modules/express/lib/router/index.js:286:9","timestamp":"2024-10-05 17:23:45"}
{"level":"info","message":"POST /api/v1/auth/register","timestamp":"2024-10-05 17:23:45"}
{"body":{"email":"ferdoushasan@gmail.com","name":"Ferdous Hasan","test":{}},"level":"info","message":"POST /api/v1/auth/register","params":{},"query":{},"timestamp":"2024-10-05 17:23:45"}
{"errors":["\"password\" is required","\"test.testName\" is required","\"test.testKey\" is required"],"level":"error","message":"POST /api/v1/auth/register Validation failed","timestamp":"2024-10-05 17:23:45"}
{"level":"info","message":"POST /api/v1/auth/register","statusCode":400,"timestamp":"2024-10-05 17:23:45"}
{"HTTPStatus":400,"cause":null,"isTrusted":true,"level":"error","message":"create(): Failed to create model Email is already taken","name":"Email is already taken","stack":"Email is already taken: Email is already taken\n    at register (/home/mdsalahuddin/Desktop/Learning/learning-management-system/server/src/domains/auth/service.js:13:13)\n    at process.processTicksAndRejections (node:internal/process/task_queues:95:5)\n    at async /home/mdsalahuddin/Desktop/Learning/learning-management-system/server/src/domains/auth/api.js:28:22","timestamp":"2024-10-05 17:23:45"}
{"HTTPStatus":500,"cause":null,"isTrusted":true,"level":"error","message":"Email is already taken","name":"Failed to create model","statusCode":500,"timestamp":"2024-10-05 17:23:45"}
{"HTTPStatus":500,"cause":null,"isTrusted":true,"level":"error","message":"Cannot set headers after they are sent to the client Cannot set headers after they are sent to the client","name":"Error","stack":"Error [ERR_HTTP_HEADERS_SENT]: Cannot set headers after they are sent to the client\n    at ServerResponse.setHeader (node:_http_outgoing:659:11)\n    at ServerResponse.header (/home/mdsalahuddin/Desktop/Learning/learning-management-system/server/node_modules/.pnpm/express@4.21.0/node_modules/express/lib/response.js:794:10)\n    at ServerResponse.send (/home/mdsalahuddin/Desktop/Learning/learning-management-system/server/node_modules/.pnpm/express@4.21.0/node_modules/express/lib/response.js:174:12)\n    at ServerResponse.json (/home/mdsalahuddin/Desktop/Learning/learning-management-system/server/node_modules/.pnpm/express@4.21.0/node_modules/express/lib/response.js:278:15)\n    at errorResponse (/home/mdsalahuddin/Desktop/Learning/learning-management-system/server/src/libraries/common/sendResponse.js:5:33)\n    at errorHandlerMiddleware (/home/mdsalahuddin/Desktop/Learning/learning-management-system/server/src/middlewares/error-handling/index.js:31:3)\n    at /home/mdsalahuddin/Desktop/Learning/learning-management-system/server/src/server.js:73:5\n    at Layer.handle_error (/home/mdsalahuddin/Desktop/Learning/learning-management-system/server/node_modules/.pnpm/express@4.21.0/node_modules/express/lib/router/layer.js:71:5)\n    at trim_prefix (/home/mdsalahuddin/Desktop/Learning/learning-management-system/server/node_modules/.pnpm/express@4.21.0/node_modules/express/lib/router/index.js:326:13)\n    at /home/mdsalahuddin/Desktop/Learning/learning-management-system/server/node_modules/.pnpm/express@4.21.0/node_modules/express/lib/router/index.js:286:9","timestamp":"2024-10-05 17:23:45"}
{"level":"info","message":"POST /api/v1/auth/register","timestamp":"2024-10-05 17:23:46"}
{"body":{"email":"ferdoushasan@gmail.com","name":"Ferdous Hasan","test":{}},"level":"info","message":"POST /api/v1/auth/register","params":{},"query":{},"timestamp":"2024-10-05 17:23:46"}
{"errors":["\"password\" is required","\"test.testName\" is required","\"test.testKey\" is required"],"level":"error","message":"POST /api/v1/auth/register Validation failed","timestamp":"2024-10-05 17:23:46"}
{"level":"info","message":"POST /api/v1/auth/register","statusCode":400,"timestamp":"2024-10-05 17:23:46"}
{"HTTPStatus":400,"cause":null,"isTrusted":true,"level":"error","message":"create(): Failed to create model Email is already taken","name":"Email is already taken","stack":"Email is already taken: Email is already taken\n    at register (/home/mdsalahuddin/Desktop/Learning/learning-management-system/server/src/domains/auth/service.js:13:13)\n    at process.processTicksAndRejections (node:internal/process/task_queues:95:5)\n    at async /home/mdsalahuddin/Desktop/Learning/learning-management-system/server/src/domains/auth/api.js:28:22","timestamp":"2024-10-05 17:23:46"}
{"HTTPStatus":500,"cause":null,"isTrusted":true,"level":"error","message":"Email is already taken","name":"Failed to create model","statusCode":500,"timestamp":"2024-10-05 17:23:46"}
{"HTTPStatus":500,"cause":null,"isTrusted":true,"level":"error","message":"Cannot set headers after they are sent to the client Cannot set headers after they are sent to the client","name":"Error","stack":"Error [ERR_HTTP_HEADERS_SENT]: Cannot set headers after they are sent to the client\n    at ServerResponse.setHeader (node:_http_outgoing:659:11)\n    at ServerResponse.header (/home/mdsalahuddin/Desktop/Learning/learning-management-system/server/node_modules/.pnpm/express@4.21.0/node_modules/express/lib/response.js:794:10)\n    at ServerResponse.send (/home/mdsalahuddin/Desktop/Learning/learning-management-system/server/node_modules/.pnpm/express@4.21.0/node_modules/express/lib/response.js:174:12)\n    at ServerResponse.json (/home/mdsalahuddin/Desktop/Learning/learning-management-system/server/node_modules/.pnpm/express@4.21.0/node_modules/express/lib/response.js:278:15)\n    at errorResponse (/home/mdsalahuddin/Desktop/Learning/learning-management-system/server/src/libraries/common/sendResponse.js:5:33)\n    at errorHandlerMiddleware (/home/mdsalahuddin/Desktop/Learning/learning-management-system/server/src/middlewares/error-handling/index.js:31:3)\n    at /home/mdsalahuddin/Desktop/Learning/learning-management-system/server/src/server.js:73:5\n    at Layer.handle_error (/home/mdsalahuddin/Desktop/Learning/learning-management-system/server/node_modules/.pnpm/express@4.21.0/node_modules/express/lib/router/layer.js:71:5)\n    at trim_prefix (/home/mdsalahuddin/Desktop/Learning/learning-management-system/server/node_modules/.pnpm/express@4.21.0/node_modules/express/lib/router/index.js:326:13)\n    at /home/mdsalahuddin/Desktop/Learning/learning-management-system/server/node_modules/.pnpm/express@4.21.0/node_modules/express/lib/router/index.js:286:9","timestamp":"2024-10-05 17:23:46"}
{"level":"info","message":"POST /api/v1/auth/register","timestamp":"2024-10-05 17:23:47"}
{"body":{"email":"ferdoushasan@gmail.com","name":"Ferdous Hasan","test":{}},"level":"info","message":"POST /api/v1/auth/register","params":{},"query":{},"timestamp":"2024-10-05 17:23:47"}
{"errors":["\"password\" is required","\"test.testName\" is required","\"test.testKey\" is required"],"level":"error","message":"POST /api/v1/auth/register Validation failed","timestamp":"2024-10-05 17:23:47"}
{"level":"info","message":"POST /api/v1/auth/register","statusCode":400,"timestamp":"2024-10-05 17:23:47"}
{"HTTPStatus":400,"cause":null,"isTrusted":true,"level":"error","message":"create(): Failed to create model Email is already taken","name":"Email is already taken","stack":"Email is already taken: Email is already taken\n    at register (/home/mdsalahuddin/Desktop/Learning/learning-management-system/server/src/domains/auth/service.js:13:13)\n    at process.processTicksAndRejections (node:internal/process/task_queues:95:5)\n    at async /home/mdsalahuddin/Desktop/Learning/learning-management-system/server/src/domains/auth/api.js:28:22","timestamp":"2024-10-05 17:23:47"}
{"HTTPStatus":500,"cause":null,"isTrusted":true,"level":"error","message":"Email is already taken","name":"Failed to create model","statusCode":500,"timestamp":"2024-10-05 17:23:47"}
{"HTTPStatus":500,"cause":null,"isTrusted":true,"level":"error","message":"Cannot set headers after they are sent to the client Cannot set headers after they are sent to the client","name":"Error","stack":"Error [ERR_HTTP_HEADERS_SENT]: Cannot set headers after they are sent to the client\n    at ServerResponse.setHeader (node:_http_outgoing:659:11)\n    at ServerResponse.header (/home/mdsalahuddin/Desktop/Learning/learning-management-system/server/node_modules/.pnpm/express@4.21.0/node_modules/express/lib/response.js:794:10)\n    at ServerResponse.send (/home/mdsalahuddin/Desktop/Learning/learning-management-system/server/node_modules/.pnpm/express@4.21.0/node_modules/express/lib/response.js:174:12)\n    at ServerResponse.json (/home/mdsalahuddin/Desktop/Learning/learning-management-system/server/node_modules/.pnpm/express@4.21.0/node_modules/express/lib/response.js:278:15)\n    at errorResponse (/home/mdsalahuddin/Desktop/Learning/learning-management-system/server/src/libraries/common/sendResponse.js:5:33)\n    at errorHandlerMiddleware (/home/mdsalahuddin/Desktop/Learning/learning-management-system/server/src/middlewares/error-handling/index.js:31:3)\n    at /home/mdsalahuddin/Desktop/Learning/learning-management-system/server/src/server.js:73:5\n    at Layer.handle_error (/home/mdsalahuddin/Desktop/Learning/learning-management-system/server/node_modules/.pnpm/express@4.21.0/node_modules/express/lib/router/layer.js:71:5)\n    at trim_prefix (/home/mdsalahuddin/Desktop/Learning/learning-management-system/server/node_modules/.pnpm/express@4.21.0/node_modules/express/lib/router/index.js:326:13)\n    at /home/mdsalahuddin/Desktop/Learning/learning-management-system/server/node_modules/.pnpm/express@4.21.0/node_modules/express/lib/router/index.js:286:9","timestamp":"2024-10-05 17:23:47"}
{"level":"info","message":"Loading and validating config for the first time...","timestamp":"2024-10-05 17:24:04"}
{"level":"info","message":"Config loaded and validated","timestamp":"2024-10-05 17:24:04"}
{"level":"info","message":"Starting web server...","timestamp":"2024-10-05 17:24:05"}
{"level":"info","message":"Express middlewares are set up","timestamp":"2024-10-05 17:24:05"}
{"level":"info","message":"Defining routes...","timestamp":"2024-10-05 17:24:05"}
{"level":"info","message":"Setting up routes for model","timestamp":"2024-10-05 17:24:05"}
{"level":"info","message":"Setting up routes for model","timestamp":"2024-10-05 17:24:05"}
{"level":"info","message":"Routes defined","timestamp":"2024-10-05 17:24:05"}
{"level":"info","message":"Server is about to listen to port 5000","timestamp":"2024-10-05 17:24:05"}
{"level":"info","message":"Server is running on :::5000","timestamp":"2024-10-05 17:24:05"}
{"level":"info","message":"Connecting to MongoDB...","timestamp":"2024-10-05 17:24:05"}
{"level":"info","message":"MongoDB connection is open","timestamp":"2024-10-05 17:24:05"}
{"level":"info","message":"Connected to MongoDB","timestamp":"2024-10-05 17:24:05"}
{"level":"info","message":"Loading and validating config for the first time...","timestamp":"2024-10-05 17:24:15"}
{"level":"info","message":"Config loaded and validated","timestamp":"2024-10-05 17:24:16"}
{"level":"info","message":"Starting web server...","timestamp":"2024-10-05 17:24:16"}
{"level":"info","message":"Express middlewares are set up","timestamp":"2024-10-05 17:24:16"}
{"level":"info","message":"Defining routes...","timestamp":"2024-10-05 17:24:16"}
{"level":"info","message":"Setting up routes for model","timestamp":"2024-10-05 17:24:16"}
{"level":"info","message":"Setting up routes for model","timestamp":"2024-10-05 17:24:16"}
{"level":"info","message":"Routes defined","timestamp":"2024-10-05 17:24:16"}
{"level":"info","message":"Server is about to listen to port 5000","timestamp":"2024-10-05 17:24:16"}
{"level":"info","message":"Server is running on :::5000","timestamp":"2024-10-05 17:24:16"}
{"level":"info","message":"Connecting to MongoDB...","timestamp":"2024-10-05 17:24:16"}
{"level":"info","message":"MongoDB connection is open","timestamp":"2024-10-05 17:24:16"}
{"level":"info","message":"Connected to MongoDB","timestamp":"2024-10-05 17:24:16"}
{"level":"info","message":"POST /api/v1/auth/register","timestamp":"2024-10-05 17:24:21"}
{"body":{"email":"ferdoushasan@gmail.com","name":"Ferdous Hasan","test":{}},"level":"info","message":"POST /api/v1/auth/register","params":{},"query":{},"timestamp":"2024-10-05 17:24:21"}
{"errors":["\"password\" is required","\"test\" is not allowed"],"level":"error","message":"POST /api/v1/auth/register Validation failed","timestamp":"2024-10-05 17:24:21"}
{"level":"info","message":"POST /api/v1/auth/register","statusCode":400,"timestamp":"2024-10-05 17:24:21"}
{"HTTPStatus":400,"cause":null,"isTrusted":true,"level":"error","message":"create(): Failed to create model Email is already taken","name":"Email is already taken","stack":"Email is already taken: Email is already taken\n    at register (/home/mdsalahuddin/Desktop/Learning/learning-management-system/server/src/domains/auth/service.js:13:13)\n    at process.processTicksAndRejections (node:internal/process/task_queues:95:5)\n    at async /home/mdsalahuddin/Desktop/Learning/learning-management-system/server/src/domains/auth/api.js:28:22","timestamp":"2024-10-05 17:24:21"}
{"HTTPStatus":500,"cause":null,"isTrusted":true,"level":"error","message":"Email is already taken","name":"Failed to create model","statusCode":500,"timestamp":"2024-10-05 17:24:21"}
{"HTTPStatus":500,"cause":null,"isTrusted":true,"level":"error","message":"Cannot set headers after they are sent to the client Cannot set headers after they are sent to the client","name":"Error","stack":"Error [ERR_HTTP_HEADERS_SENT]: Cannot set headers after they are sent to the client\n    at ServerResponse.setHeader (node:_http_outgoing:659:11)\n    at ServerResponse.header (/home/mdsalahuddin/Desktop/Learning/learning-management-system/server/node_modules/.pnpm/express@4.21.0/node_modules/express/lib/response.js:794:10)\n    at ServerResponse.send (/home/mdsalahuddin/Desktop/Learning/learning-management-system/server/node_modules/.pnpm/express@4.21.0/node_modules/express/lib/response.js:174:12)\n    at ServerResponse.json (/home/mdsalahuddin/Desktop/Learning/learning-management-system/server/node_modules/.pnpm/express@4.21.0/node_modules/express/lib/response.js:278:15)\n    at errorResponse (/home/mdsalahuddin/Desktop/Learning/learning-management-system/server/src/libraries/common/sendResponse.js:5:33)\n    at errorHandlerMiddleware (/home/mdsalahuddin/Desktop/Learning/learning-management-system/server/src/middlewares/error-handling/index.js:31:3)\n    at /home/mdsalahuddin/Desktop/Learning/learning-management-system/server/src/server.js:73:5\n    at Layer.handle_error (/home/mdsalahuddin/Desktop/Learning/learning-management-system/server/node_modules/.pnpm/express@4.21.0/node_modules/express/lib/router/layer.js:71:5)\n    at trim_prefix (/home/mdsalahuddin/Desktop/Learning/learning-management-system/server/node_modules/.pnpm/express@4.21.0/node_modules/express/lib/router/index.js:326:13)\n    at /home/mdsalahuddin/Desktop/Learning/learning-management-system/server/node_modules/.pnpm/express@4.21.0/node_modules/express/lib/router/index.js:286:9","timestamp":"2024-10-05 17:24:21"}
{"level":"info","message":"POST /api/v1/auth/register","timestamp":"2024-10-05 17:24:33"}
{"body":{"email":"ferdoushasan@gmail.com","name":"Ferdous Hasan"},"level":"info","message":"POST /api/v1/auth/register","params":{},"query":{},"timestamp":"2024-10-05 17:24:33"}
{"errors":["\"password\" is required"],"level":"error","message":"POST /api/v1/auth/register Validation failed","timestamp":"2024-10-05 17:24:33"}
{"level":"info","message":"POST /api/v1/auth/register","statusCode":400,"timestamp":"2024-10-05 17:24:33"}
{"HTTPStatus":400,"cause":null,"isTrusted":true,"level":"error","message":"create(): Failed to create model Email is already taken","name":"Email is already taken","stack":"Email is already taken: Email is already taken\n    at register (/home/mdsalahuddin/Desktop/Learning/learning-management-system/server/src/domains/auth/service.js:13:13)\n    at process.processTicksAndRejections (node:internal/process/task_queues:95:5)\n    at async /home/mdsalahuddin/Desktop/Learning/learning-management-system/server/src/domains/auth/api.js:28:22","timestamp":"2024-10-05 17:24:33"}
{"HTTPStatus":500,"cause":null,"isTrusted":true,"level":"error","message":"Email is already taken","name":"Failed to create model","statusCode":500,"timestamp":"2024-10-05 17:24:33"}
{"HTTPStatus":500,"cause":null,"isTrusted":true,"level":"error","message":"Cannot set headers after they are sent to the client Cannot set headers after they are sent to the client","name":"Error","stack":"Error [ERR_HTTP_HEADERS_SENT]: Cannot set headers after they are sent to the client\n    at ServerResponse.setHeader (node:_http_outgoing:659:11)\n    at ServerResponse.header (/home/mdsalahuddin/Desktop/Learning/learning-management-system/server/node_modules/.pnpm/express@4.21.0/node_modules/express/lib/response.js:794:10)\n    at ServerResponse.send (/home/mdsalahuddin/Desktop/Learning/learning-management-system/server/node_modules/.pnpm/express@4.21.0/node_modules/express/lib/response.js:174:12)\n    at ServerResponse.json (/home/mdsalahuddin/Desktop/Learning/learning-management-system/server/node_modules/.pnpm/express@4.21.0/node_modules/express/lib/response.js:278:15)\n    at errorResponse (/home/mdsalahuddin/Desktop/Learning/learning-management-system/server/src/libraries/common/sendResponse.js:5:33)\n    at errorHandlerMiddleware (/home/mdsalahuddin/Desktop/Learning/learning-management-system/server/src/middlewares/error-handling/index.js:31:3)\n    at /home/mdsalahuddin/Desktop/Learning/learning-management-system/server/src/server.js:73:5\n    at Layer.handle_error (/home/mdsalahuddin/Desktop/Learning/learning-management-system/server/node_modules/.pnpm/express@4.21.0/node_modules/express/lib/router/layer.js:71:5)\n    at trim_prefix (/home/mdsalahuddin/Desktop/Learning/learning-management-system/server/node_modules/.pnpm/express@4.21.0/node_modules/express/lib/router/index.js:326:13)\n    at /home/mdsalahuddin/Desktop/Learning/learning-management-system/server/node_modules/.pnpm/express@4.21.0/node_modules/express/lib/router/index.js:286:9","timestamp":"2024-10-05 17:24:33"}
{"level":"info","message":"POST /api/v1/auth/register","timestamp":"2024-10-05 17:24:49"}
{"body":{"email":"ferdoushasan@gmail.com","name":"Ferdous Hasan","password":"12345678"},"level":"info","message":"POST /api/v1/auth/register","params":{},"query":{},"timestamp":"2024-10-05 17:24:49"}
{"errors":["password must contain at least 1 letter and 1 number"],"level":"error","message":"POST /api/v1/auth/register Validation failed","timestamp":"2024-10-05 17:24:49"}
{"level":"info","message":"POST /api/v1/auth/register","statusCode":400,"timestamp":"2024-10-05 17:24:49"}
{"HTTPStatus":400,"cause":null,"isTrusted":true,"level":"error","message":"create(): Failed to create model Email is already taken","name":"Email is already taken","stack":"Email is already taken: Email is already taken\n    at register (/home/mdsalahuddin/Desktop/Learning/learning-management-system/server/src/domains/auth/service.js:13:13)\n    at process.processTicksAndRejections (node:internal/process/task_queues:95:5)\n    at async /home/mdsalahuddin/Desktop/Learning/learning-management-system/server/src/domains/auth/api.js:28:22","timestamp":"2024-10-05 17:24:49"}
{"HTTPStatus":500,"cause":null,"isTrusted":true,"level":"error","message":"Email is already taken","name":"Failed to create model","statusCode":500,"timestamp":"2024-10-05 17:24:49"}
{"HTTPStatus":500,"cause":null,"isTrusted":true,"level":"error","message":"Cannot set headers after they are sent to the client Cannot set headers after they are sent to the client","name":"Error","stack":"Error [ERR_HTTP_HEADERS_SENT]: Cannot set headers after they are sent to the client\n    at ServerResponse.setHeader (node:_http_outgoing:659:11)\n    at ServerResponse.header (/home/mdsalahuddin/Desktop/Learning/learning-management-system/server/node_modules/.pnpm/express@4.21.0/node_modules/express/lib/response.js:794:10)\n    at ServerResponse.send (/home/mdsalahuddin/Desktop/Learning/learning-management-system/server/node_modules/.pnpm/express@4.21.0/node_modules/express/lib/response.js:174:12)\n    at ServerResponse.json (/home/mdsalahuddin/Desktop/Learning/learning-management-system/server/node_modules/.pnpm/express@4.21.0/node_modules/express/lib/response.js:278:15)\n    at errorResponse (/home/mdsalahuddin/Desktop/Learning/learning-management-system/server/src/libraries/common/sendResponse.js:5:33)\n    at errorHandlerMiddleware (/home/mdsalahuddin/Desktop/Learning/learning-management-system/server/src/middlewares/error-handling/index.js:31:3)\n    at /home/mdsalahuddin/Desktop/Learning/learning-management-system/server/src/server.js:73:5\n    at Layer.handle_error (/home/mdsalahuddin/Desktop/Learning/learning-management-system/server/node_modules/.pnpm/express@4.21.0/node_modules/express/lib/router/layer.js:71:5)\n    at trim_prefix (/home/mdsalahuddin/Desktop/Learning/learning-management-system/server/node_modules/.pnpm/express@4.21.0/node_modules/express/lib/router/index.js:326:13)\n    at /home/mdsalahuddin/Desktop/Learning/learning-management-system/server/node_modules/.pnpm/express@4.21.0/node_modules/express/lib/router/index.js:286:9","timestamp":"2024-10-05 17:24:49"}
{"level":"info","message":"POST /api/v1/auth/register","timestamp":"2024-10-05 17:24:56"}
{"body":{"email":"ferdoushasan@gmail.com","name":"Ferdous Hasan","password":"12345678F"},"level":"info","message":"POST /api/v1/auth/register","params":{},"query":{},"timestamp":"2024-10-05 17:24:56"}
{"HTTPStatus":400,"cause":null,"isTrusted":true,"level":"error","message":"create(): Failed to create model Email is already taken","name":"Email is already taken","stack":"Email is already taken: Email is already taken\n    at register (/home/mdsalahuddin/Desktop/Learning/learning-management-system/server/src/domains/auth/service.js:13:13)\n    at process.processTicksAndRejections (node:internal/process/task_queues:95:5)\n    at async /home/mdsalahuddin/Desktop/Learning/learning-management-system/server/src/domains/auth/api.js:28:22","timestamp":"2024-10-05 17:24:56"}
{"HTTPStatus":500,"cause":null,"isTrusted":true,"level":"error","message":"Email is already taken","name":"Failed to create model","statusCode":500,"timestamp":"2024-10-05 17:24:56"}
{"level":"info","message":"POST /api/v1/auth/register","statusCode":500,"timestamp":"2024-10-05 17:24:56"}
{"HTTPStatus":500,"cause":null,"isTrusted":true,"level":"error","message":"Email is already taken Email is already taken","name":"Failed to create model","stack":"Failed to create model: Email is already taken\n    at register (/home/mdsalahuddin/Desktop/Learning/learning-management-system/server/src/domains/auth/service.js:27:11)\n    at process.processTicksAndRejections (node:internal/process/task_queues:95:5)\n    at async /home/mdsalahuddin/Desktop/Learning/learning-management-system/server/src/domains/auth/api.js:28:22","timestamp":"2024-10-05 17:24:56"}
{"level":"info","message":"POST /api/v1/auth/register","timestamp":"2024-10-05 17:25:19"}
{"body":{"email":"ferdoushasan@gmail.com","name":"Ferdous Hasan","password":"12345678F"},"level":"info","message":"POST /api/v1/auth/register","params":{},"query":{},"timestamp":"2024-10-05 17:25:19"}
{"HTTPStatus":400,"cause":null,"isTrusted":true,"level":"error","message":"create(): Failed to create model Email is already taken","name":"Email is already taken","stack":"Email is already taken: Email is already taken\n    at register (/home/mdsalahuddin/Desktop/Learning/learning-management-system/server/src/domains/auth/service.js:13:13)\n    at process.processTicksAndRejections (node:internal/process/task_queues:95:5)\n    at async /home/mdsalahuddin/Desktop/Learning/learning-management-system/server/src/domains/auth/api.js:28:22","timestamp":"2024-10-05 17:25:19"}
{"HTTPStatus":500,"cause":null,"isTrusted":true,"level":"error","message":"Email is already taken","name":"Failed to create model","statusCode":500,"timestamp":"2024-10-05 17:25:19"}
{"level":"info","message":"POST /api/v1/auth/register","statusCode":500,"timestamp":"2024-10-05 17:25:19"}
{"HTTPStatus":500,"cause":null,"isTrusted":true,"level":"error","message":"Email is already taken Email is already taken","name":"Failed to create model","stack":"Failed to create model: Email is already taken\n    at register (/home/mdsalahuddin/Desktop/Learning/learning-management-system/server/src/domains/auth/service.js:27:11)\n    at process.processTicksAndRejections (node:internal/process/task_queues:95:5)\n    at async /home/mdsalahuddin/Desktop/Learning/learning-management-system/server/src/domains/auth/api.js:28:22","timestamp":"2024-10-05 17:25:19"}
{"level":"info","message":"POST /api/v1/auth/register","timestamp":"2024-10-05 17:25:21"}
{"body":{"email":"ferdoushasan@gmail.com","name":"Ferdous Hasan","password":"12345678F"},"level":"info","message":"POST /api/v1/auth/register","params":{},"query":{},"timestamp":"2024-10-05 17:25:21"}
{"HTTPStatus":400,"cause":null,"isTrusted":true,"level":"error","message":"create(): Failed to create model Email is already taken","name":"Email is already taken","stack":"Email is already taken: Email is already taken\n    at register (/home/mdsalahuddin/Desktop/Learning/learning-management-system/server/src/domains/auth/service.js:13:13)\n    at process.processTicksAndRejections (node:internal/process/task_queues:95:5)\n    at async /home/mdsalahuddin/Desktop/Learning/learning-management-system/server/src/domains/auth/api.js:28:22","timestamp":"2024-10-05 17:25:21"}
{"HTTPStatus":500,"cause":null,"isTrusted":true,"level":"error","message":"Email is already taken","name":"Failed to create model","statusCode":500,"timestamp":"2024-10-05 17:25:21"}
{"level":"info","message":"POST /api/v1/auth/register","statusCode":500,"timestamp":"2024-10-05 17:25:21"}
{"HTTPStatus":500,"cause":null,"isTrusted":true,"level":"error","message":"Email is already taken Email is already taken","name":"Failed to create model","stack":"Failed to create model: Email is already taken\n    at register (/home/mdsalahuddin/Desktop/Learning/learning-management-system/server/src/domains/auth/service.js:27:11)\n    at process.processTicksAndRejections (node:internal/process/task_queues:95:5)\n    at async /home/mdsalahuddin/Desktop/Learning/learning-management-system/server/src/domains/auth/api.js:28:22","timestamp":"2024-10-05 17:25:21"}
